Change Component Footprint: Designator=IR1 Old Footprint=IR26_51C New Footprint=SFH 4056
Change Component Footprint: Designator=IR2 Old Footprint=IR26_51C New Footprint=SFH 4056
Change Component Footprint: Designator=IR3 Old Footprint=IR26_51C New Footprint=SFH 4056
Change Component Footprint: Designator=IR4 Old Footprint=IR26_51C New Footprint=SFH 4056
Change Component Footprint: Designator=IR5 Old Footprint=IR26_51C New Footprint=SFH 4056
Change Component Footprint: Designator=IR6 Old Footprint=IR26_51C New Footprint=SFH 4056
Change Component Footprint: Designator=IR7 Old Footprint=IR26_51C New Footprint=SFH 4056
Change Component Footprint: Designator=IR8 Old Footprint=IR26_51C New Footprint=SFH 4056
Change Component Footprint: Designator=IR9 Old Footprint=IR26_51C New Footprint=SFH 4056
Change Component Footprint: Designator=IR10 Old Footprint=IR26_51C New Footprint=SFH 4056
Change Component Footprint: Designator=IR11 Old Footprint=IR26_51C New Footprint=SFH 4056
Change Component Footprint: Designator=IR12 Old Footprint=IR26_51C New Footprint=SFH 4056
Change Component Footprint: Designator=IR13 Old Footprint=IR26_51C New Footprint=SFH 4056
Change Component Footprint: Designator=IR14 Old Footprint=IR26_51C New Footprint=SFH 4056
Change Component Footprint: Designator=IR15 Old Footprint=IR26_51C New Footprint=SFH 4056
Change Component Footprint: Designator=IR16 Old Footprint=IR26_51C New Footprint=SFH 4056
Change Component Footprint: Designator=IR17 Old Footprint=IR26_51C New Footprint=SFH 4056
Change Component Footprint: Designator=IR18 Old Footprint=IR26_51C New Footprint=SFH 4056
Change Component Footprint: Designator=IR19 Old Footprint=IR26_51C New Footprint=SFH 4056
Change Component Footprint: Designator=IR20 Old Footprint=IR26_51C New Footprint=SFH 4056
Change Component Footprint: Designator=IR21 Old Footprint=IR26_51C New Footprint=SFH 4056
Change Component Footprint: Designator=IR22 Old Footprint=IR26_51C New Footprint=SFH 4056
Change Component Footprint: Designator=IR23 Old Footprint=IR26_51C New Footprint=SFH 4056
Change Component Footprint: Designator=IR24 Old Footprint=IR26_51C New Footprint=SFH 4056
Change Component Footprint: Designator=IR25 Old Footprint=IR26_51C New Footprint=SFH 4056
Change Component Footprint: Designator=IR26 Old Footprint=IR26_51C New Footprint=SFH 4056
Change Component Footprint: Designator=IR27 Old Footprint=IR26_51C New Footprint=SFH 4056
Change Component Footprint: Designator=IR28 Old Footprint=IR26_51C New Footprint=SFH 4056
Change Component Footprint: Designator=IR29 Old Footprint=IR26_51C New Footprint=SFH 4056
Change Component Footprint: Designator=IR30 Old Footprint=IR26_51C New Footprint=SFH 4056
Change Component Footprint: Designator=IR31 Old Footprint=IR26_51C New Footprint=SFH 4056
Change Component Footprint: Designator=IR32 Old Footprint=IR26_51C New Footprint=SFH 4056
Change Component Footprint: Designator=IR33 Old Footprint=IR26_51C New Footprint=SFH 4056
Change Component Footprint: Designator=IR34 Old Footprint=IR26_51C New Footprint=SFH 4056
Change Component Footprint: Designator=IR35 Old Footprint=IR26_51C New Footprint=SFH 4056
Change Component Footprint: Designator=IR36 Old Footprint=IR26_51C New Footprint=SFH 4056
Change Component Footprint: Designator=IR37 Old Footprint=IR26_51C New Footprint=SFH 4056
Change Component Footprint: Designator=IR38 Old Footprint=IR26_51C New Footprint=SFH 4056
Change Component Footprint: Designator=IR39 Old Footprint=IR26_51C New Footprint=SFH 4056
Change Component Footprint: Designator=IR40 Old Footprint=IR26_51C New Footprint=SFH 4056
Change Component Footprint: Designator=IR41 Old Footprint=IR26_51C New Footprint=SFH 4056
Change Component Footprint: Designator=IR42 Old Footprint=IR26_51C New Footprint=SFH 4056
Change Component Footprint: Designator=IR43 Old Footprint=IR26_51C New Footprint=SFH 4056
Change Component Footprint: Designator=IR44 Old Footprint=IR26_51C New Footprint=SFH 4056
Change Component Footprint: Designator=IR45 Old Footprint=IR26_51C New Footprint=SFH 4056
Change Component Footprint: Designator=IR46 Old Footprint=IR26_51C New Footprint=SFH 4056
Change Component Footprint: Designator=IR47 Old Footprint=IR26_51C New Footprint=SFH 4056
Change Component Footprint: Designator=IR48 Old Footprint=IR26_51C New Footprint=SFH 4056
Change Component Footprint: Designator=IR49 Old Footprint=IR26_51C New Footprint=SFH 4056
Change Component Footprint: Designator=IR50 Old Footprint=IR26_51C New Footprint=SFH 4056
Change Component Footprint: Designator=IR51 Old Footprint=IR26_51C New Footprint=SFH 4056
Change Component Footprint: Designator=IR52 Old Footprint=IR26_51C New Footprint=SFH 4056
Change Component Footprint: Designator=IR53 Old Footprint=IR26_51C New Footprint=SFH 4056
Change Component Footprint: Designator=IR54 Old Footprint=IR26_51C New Footprint=SFH 4056
Change Component Footprint: Designator=IR55 Old Footprint=IR26_51C New Footprint=SFH 4056
Change Component Footprint: Designator=IR56 Old Footprint=IR26_51C New Footprint=SFH 4056
Change Component Footprint: Designator=IR57 Old Footprint=IR26_51C New Footprint=SFH 4056
Change Component Footprint: Designator=IR58 Old Footprint=IR26_51C New Footprint=SFH 4056
Change Component Footprint: Designator=IR59 Old Footprint=IR26_51C New Footprint=SFH 4056
Change Component Footprint: Designator=IR60 Old Footprint=IR26_51C New Footprint=SFH 4056
Change Component Footprint: Designator=IR61 Old Footprint=IR26_51C New Footprint=SFH 4056
Change Component Footprint: Designator=IR62 Old Footprint=IR26_51C New Footprint=SFH 4056
Change Component Footprint: Designator=IR63 Old Footprint=IR26_51C New Footprint=SFH 4056
Change Component Footprint: Designator=IR64 Old Footprint=IR26_51C New Footprint=SFH 4056
Change Component Footprint: Designator=PT1 Old Footprint=PT26-51B New Footprint=VEMT2020X01
Change Component Footprint: Designator=PT2 Old Footprint=PT26-51B New Footprint=VEMT2020X01
Change Component Footprint: Designator=PT3 Old Footprint=PT26-51B New Footprint=VEMT2020X01
Change Component Footprint: Designator=PT4 Old Footprint=PT26-51B New Footprint=VEMT2020X01
Change Component Footprint: Designator=PT5 Old Footprint=PT26-51B New Footprint=VEMT2020X01
Change Component Footprint: Designator=PT6 Old Footprint=PT26-51B New Footprint=VEMT2020X01
Change Component Footprint: Designator=PT7 Old Footprint=PT26-51B New Footprint=VEMT2020X01
Change Component Footprint: Designator=PT8 Old Footprint=PT26-51B New Footprint=VEMT2020X01
Change Component Footprint: Designator=PT9 Old Footprint=PT26-51B New Footprint=VEMT2020X01
Change Component Footprint: Designator=PT10 Old Footprint=PT26-51B New Footprint=VEMT2020X01
Change Component Footprint: Designator=PT11 Old Footprint=PT26-51B New Footprint=VEMT2020X01
Change Component Footprint: Designator=PT12 Old Footprint=PT26-51B New Footprint=VEMT2020X01
Change Component Footprint: Designator=PT13 Old Footprint=PT26-51B New Footprint=VEMT2020X01
Change Component Footprint: Designator=PT14 Old Footprint=PT26-51B New Footprint=VEMT2020X01
Change Component Footprint: Designator=PT15 Old Footprint=PT26-51B New Footprint=VEMT2020X01
Change Component Footprint: Designator=PT16 Old Footprint=PT26-51B New Footprint=VEMT2020X01
Change Component Footprint: Designator=PT17 Old Footprint=PT26-51B New Footprint=VEMT2020X01
Change Component Footprint: Designator=PT18 Old Footprint=PT26-51B New Footprint=VEMT2020X01
Change Component Footprint: Designator=PT19 Old Footprint=PT26-51B New Footprint=VEMT2020X01
Change Component Footprint: Designator=PT20 Old Footprint=PT26-51B New Footprint=VEMT2020X01
Change Component Footprint: Designator=PT21 Old Footprint=PT26-51B New Footprint=VEMT2020X01
Change Component Footprint: Designator=PT22 Old Footprint=PT26-51B New Footprint=VEMT2020X01
Change Component Footprint: Designator=PT23 Old Footprint=PT26-51B New Footprint=VEMT2020X01
Change Component Footprint: Designator=PT24 Old Footprint=PT26-51B New Footprint=VEMT2020X01
Change Component Footprint: Designator=PT25 Old Footprint=PT26-51B New Footprint=VEMT2020X01
Change Component Footprint: Designator=PT26 Old Footprint=PT26-51B New Footprint=VEMT2020X01
Change Component Footprint: Designator=PT27 Old Footprint=PT26-51B New Footprint=VEMT2020X01
Change Component Footprint: Designator=PT28 Old Footprint=PT26-51B New Footprint=VEMT2020X01
Change Component Footprint: Designator=PT29 Old Footprint=PT26-51B New Footprint=VEMT2020X01
Change Component Footprint: Designator=PT30 Old Footprint=PT26-51B New Footprint=VEMT2020X01
Change Component Footprint: Designator=PT31 Old Footprint=PT26-51B New Footprint=VEMT2020X01
Change Component Footprint: Designator=PT32 Old Footprint=PT26-51B New Footprint=VEMT2020X01
Change Component Footprint: Designator=PT33 Old Footprint=PT26-51B New Footprint=VEMT2020X01
Change Component Footprint: Designator=PT34 Old Footprint=PT26-51B New Footprint=VEMT2020X01
Change Component Footprint: Designator=PT35 Old Footprint=PT26-51B New Footprint=VEMT2020X01
Change Component Footprint: Designator=PT36 Old Footprint=PT26-51B New Footprint=VEMT2020X01
Change Component Footprint: Designator=PT37 Old Footprint=PT26-51B New Footprint=VEMT2020X01
Change Component Footprint: Designator=PT38 Old Footprint=PT26-51B New Footprint=VEMT2020X01
Change Component Footprint: Designator=PT39 Old Footprint=PT26-51B New Footprint=VEMT2020X01
Change Component Footprint: Designator=PT40 Old Footprint=PT26-51B New Footprint=VEMT2020X01
Change Component Footprint: Designator=PT41 Old Footprint=PT26-51B New Footprint=VEMT2020X01
Change Component Footprint: Designator=PT42 Old Footprint=PT26-51B New Footprint=VEMT2020X01
Change Component Footprint: Designator=PT43 Old Footprint=PT26-51B New Footprint=VEMT2020X01
Change Component Footprint: Designator=PT44 Old Footprint=PT26-51B New Footprint=VEMT2020X01
Change Component Footprint: Designator=PT45 Old Footprint=PT26-51B New Footprint=VEMT2020X01
Change Component Footprint: Designator=PT46 Old Footprint=PT26-51B New Footprint=VEMT2020X01
Change Component Footprint: Designator=PT47 Old Footprint=PT26-51B New Footprint=VEMT2020X01
Change Component Footprint: Designator=PT48 Old Footprint=PT26-51B New Footprint=VEMT2020X01
Change Component Footprint: Designator=PT49 Old Footprint=PT26-51B New Footprint=VEMT2020X01
Change Component Footprint: Designator=PT50 Old Footprint=PT26-51B New Footprint=VEMT2020X01
Change Component Footprint: Designator=PT51 Old Footprint=PT26-51B New Footprint=VEMT2020X01
Change Component Footprint: Designator=PT52 Old Footprint=PT26-51B New Footprint=VEMT2020X01
Change Component Footprint: Designator=PT53 Old Footprint=PT26-51B New Footprint=VEMT2020X01
Change Component Footprint: Designator=PT54 Old Footprint=PT26-51B New Footprint=VEMT2020X01
Change Component Footprint: Designator=PT55 Old Footprint=PT26-51B New Footprint=VEMT2020X01
Change Component Footprint: Designator=PT56 Old Footprint=PT26-51B New Footprint=VEMT2020X01
Change Component Footprint: Designator=PT57 Old Footprint=PT26-51B New Footprint=VEMT2020X01
Change Component Footprint: Designator=PT58 Old Footprint=PT26-51B New Footprint=VEMT2020X01
Change Component Footprint: Designator=PT59 Old Footprint=PT26-51B New Footprint=VEMT2020X01
Change Component Footprint: Designator=PT60 Old Footprint=PT26-51B New Footprint=VEMT2020X01
Change Component Footprint: Designator=PT61 Old Footprint=PT26-51B New Footprint=VEMT2020X01
Change Component Footprint: Designator=PT62 Old Footprint=PT26-51B New Footprint=VEMT2020X01
Change Component Footprint: Designator=PT63 Old Footprint=PT26-51B New Footprint=VEMT2020X01
Change Component Footprint: Designator=PT64 Old Footprint=PT26-51B New Footprint=VEMT2020X01
Change Physical Footprint: Designator=319_0 Old Footprint=319_4 New Footprint=319_4
Change Physical Footprint: Designator=319_1 Old Footprint=319_4 New Footprint=319_4
Change Physical Footprint: Designator=319_2 Old Footprint=319_4 New Footprint=319_4
Change Physical Footprint: Designator=319_3 Old Footprint=319_4 New Footprint=319_4
Change Physical Footprint: Designator=810_0 Old Footprint=810_4 New Footprint=810_4
Change Physical Footprint: Designator=810_1 Old Footprint=810_4 New Footprint=810_4
Change Physical Footprint: Designator=810_2 Old Footprint=810_4 New Footprint=810_4
Change Physical Footprint: Designator=810_3 Old Footprint=810_4 New Footprint=810_4
Change Physical Footprint: Designator=C1 Old Footprint=0402 New Footprint=0402
Change Physical Footprint: Designator=C2 Old Footprint=0402 New Footprint=0402
Change Physical Footprint: Designator=C3 Old Footprint=0402 New Footprint=0402
Change Physical Footprint: Designator=C4 Old Footprint=0402 New Footprint=0402
Change Physical Footprint: Designator=H1 Old Footprint=NPPN201BFLC-RC New Footprint=NPPN201BFLC-RC
Change Physical Footprint: Designator=H2 Old Footprint=NPPN201BFLC-RC New Footprint=NPPN201BFLC-RC
Change Physical Footprint: Designator=H_3_1 Old Footprint=3POSHEADER New Footprint=3POSHEADER
Change Physical Footprint: Designator=IR_R1 Old Footprint=J1-0603 New Footprint=J1-0603
Change Physical Footprint: Designator=IR_R2 Old Footprint=J1-0603 New Footprint=J1-0603
Change Physical Footprint: Designator=IR_R3 Old Footprint=J1-0603 New Footprint=J1-0603
Change Physical Footprint: Designator=IR_R4 Old Footprint=J1-0603 New Footprint=J1-0603
Change Physical Footprint: Designator=IR_R5 Old Footprint=J1-0603 New Footprint=J1-0603
Change Physical Footprint: Designator=IR_R6 Old Footprint=J1-0603 New Footprint=J1-0603
Change Physical Footprint: Designator=IR_R7 Old Footprint=J1-0603 New Footprint=J1-0603
Change Physical Footprint: Designator=IR_R8 Old Footprint=J1-0603 New Footprint=J1-0603
Change Physical Footprint: Designator=IR_R9 Old Footprint=J1-0603 New Footprint=J1-0603
Change Physical Footprint: Designator=IR_R10 Old Footprint=J1-0603 New Footprint=J1-0603
Change Physical Footprint: Designator=IR_R11 Old Footprint=J1-0603 New Footprint=J1-0603
Change Physical Footprint: Designator=IR_R12 Old Footprint=J1-0603 New Footprint=J1-0603
Change Physical Footprint: Designator=IR_R13 Old Footprint=J1-0603 New Footprint=J1-0603
Change Physical Footprint: Designator=IR_R14 Old Footprint=J1-0603 New Footprint=J1-0603
Change Physical Footprint: Designator=IR_R15 Old Footprint=J1-0603 New Footprint=J1-0603
Change Physical Footprint: Designator=IR_R16 Old Footprint=J1-0603 New Footprint=J1-0603
Change Physical Footprint: Designator=IR_R17 Old Footprint=J1-0603 New Footprint=J1-0603
Change Physical Footprint: Designator=IR_R18 Old Footprint=J1-0603 New Footprint=J1-0603
Change Physical Footprint: Designator=IR_R19 Old Footprint=J1-0603 New Footprint=J1-0603
Change Physical Footprint: Designator=IR_R20 Old Footprint=J1-0603 New Footprint=J1-0603
Change Physical Footprint: Designator=IR_R21 Old Footprint=J1-0603 New Footprint=J1-0603
Change Physical Footprint: Designator=IR_R22 Old Footprint=J1-0603 New Footprint=J1-0603
Change Physical Footprint: Designator=IR_R23 Old Footprint=J1-0603 New Footprint=J1-0603
Change Physical Footprint: Designator=IR_R24 Old Footprint=J1-0603 New Footprint=J1-0603
Change Physical Footprint: Designator=IR_R25 Old Footprint=J1-0603 New Footprint=J1-0603
Change Physical Footprint: Designator=IR_R26 Old Footprint=J1-0603 New Footprint=J1-0603
Change Physical Footprint: Designator=IR_R27 Old Footprint=J1-0603 New Footprint=J1-0603
Change Physical Footprint: Designator=IR_R28 Old Footprint=J1-0603 New Footprint=J1-0603
Change Physical Footprint: Designator=IR_R29 Old Footprint=J1-0603 New Footprint=J1-0603
Change Physical Footprint: Designator=IR_R30 Old Footprint=J1-0603 New Footprint=J1-0603
Change Physical Footprint: Designator=IR_R31 Old Footprint=J1-0603 New Footprint=J1-0603
Change Physical Footprint: Designator=IR_R32 Old Footprint=J1-0603 New Footprint=J1-0603
Change Physical Footprint: Designator=IR_R33 Old Footprint=J1-0603 New Footprint=J1-0603
Change Physical Footprint: Designator=IR_R34 Old Footprint=J1-0603 New Footprint=J1-0603
Change Physical Footprint: Designator=IR_R35 Old Footprint=J1-0603 New Footprint=J1-0603
Change Physical Footprint: Designator=IR_R36 Old Footprint=J1-0603 New Footprint=J1-0603
Change Physical Footprint: Designator=IR_R37 Old Footprint=J1-0603 New Footprint=J1-0603
Change Physical Footprint: Designator=IR_R38 Old Footprint=J1-0603 New Footprint=J1-0603
Change Physical Footprint: Designator=IR_R39 Old Footprint=J1-0603 New Footprint=J1-0603
Change Physical Footprint: Designator=IR_R40 Old Footprint=J1-0603 New Footprint=J1-0603
Change Physical Footprint: Designator=IR_R41 Old Footprint=J1-0603 New Footprint=J1-0603
Change Physical Footprint: Designator=IR_R42 Old Footprint=J1-0603 New Footprint=J1-0603
Change Physical Footprint: Designator=IR_R43 Old Footprint=J1-0603 New Footprint=J1-0603
Change Physical Footprint: Designator=IR_R44 Old Footprint=J1-0603 New Footprint=J1-0603
Change Physical Footprint: Designator=IR_R45 Old Footprint=J1-0603 New Footprint=J1-0603
Change Physical Footprint: Designator=IR_R46 Old Footprint=J1-0603 New Footprint=J1-0603
Change Physical Footprint: Designator=IR_R47 Old Footprint=J1-0603 New Footprint=J1-0603
Change Physical Footprint: Designator=IR_R48 Old Footprint=J1-0603 New Footprint=J1-0603
Change Physical Footprint: Designator=IR_R49 Old Footprint=J1-0603 New Footprint=J1-0603
Change Physical Footprint: Designator=IR_R50 Old Footprint=J1-0603 New Footprint=J1-0603
Change Physical Footprint: Designator=IR_R51 Old Footprint=J1-0603 New Footprint=J1-0603
Change Physical Footprint: Designator=IR_R52 Old Footprint=J1-0603 New Footprint=J1-0603
Change Physical Footprint: Designator=IR_R53 Old Footprint=J1-0603 New Footprint=J1-0603
Change Physical Footprint: Designator=IR_R54 Old Footprint=J1-0603 New Footprint=J1-0603
Change Physical Footprint: Designator=IR_R55 Old Footprint=J1-0603 New Footprint=J1-0603
Change Physical Footprint: Designator=IR_R56 Old Footprint=J1-0603 New Footprint=J1-0603
Change Physical Footprint: Designator=IR_R57 Old Footprint=J1-0603 New Footprint=J1-0603
Change Physical Footprint: Designator=IR_R58 Old Footprint=J1-0603 New Footprint=J1-0603
Change Physical Footprint: Designator=IR_R59 Old Footprint=J1-0603 New Footprint=J1-0603
Change Physical Footprint: Designator=IR_R60 Old Footprint=J1-0603 New Footprint=J1-0603
Change Physical Footprint: Designator=IR_R61 Old Footprint=J1-0603 New Footprint=J1-0603
Change Physical Footprint: Designator=IR_R62 Old Footprint=J1-0603 New Footprint=J1-0603
Change Physical Footprint: Designator=IR_R63 Old Footprint=J1-0603 New Footprint=J1-0603
Change Physical Footprint: Designator=IR_R64 Old Footprint=J1-0603 New Footprint=J1-0603
Change Physical Footprint: Designator=LED1 Old Footprint=SON75P200X200X100-6N New Footprint=SON75P200X200X100-6N
Change Physical Footprint: Designator=LED2 Old Footprint=SON75P200X200X100-6N New Footprint=SON75P200X200X100-6N
Change Physical Footprint: Designator=LED3 Old Footprint=SON75P200X200X100-6N New Footprint=SON75P200X200X100-6N
Change Physical Footprint: Designator=LED4 Old Footprint=SON75P200X200X100-6N New Footprint=SON75P200X200X100-6N
Change Physical Footprint: Designator=LED5 Old Footprint=SON75P200X200X100-6N New Footprint=SON75P200X200X100-6N
Change Physical Footprint: Designator=LED6 Old Footprint=SON75P200X200X100-6N New Footprint=SON75P200X200X100-6N
Change Physical Footprint: Designator=LED7 Old Footprint=SON75P200X200X100-6N New Footprint=SON75P200X200X100-6N
Change Physical Footprint: Designator=LED8 Old Footprint=SON75P200X200X100-6N New Footprint=SON75P200X200X100-6N
Change Physical Footprint: Designator=LED9 Old Footprint=SON75P200X200X100-6N New Footprint=SON75P200X200X100-6N
Change Physical Footprint: Designator=LED10 Old Footprint=SON75P200X200X100-6N New Footprint=SON75P200X200X100-6N
Change Physical Footprint: Designator=LED11 Old Footprint=SON75P200X200X100-6N New Footprint=SON75P200X200X100-6N
Change Physical Footprint: Designator=LED12 Old Footprint=SON75P200X200X100-6N New Footprint=SON75P200X200X100-6N
Change Physical Footprint: Designator=LED13 Old Footprint=SON75P200X200X100-6N New Footprint=SON75P200X200X100-6N
Change Physical Footprint: Designator=LED14 Old Footprint=SON75P200X200X100-6N New Footprint=SON75P200X200X100-6N
Change Physical Footprint: Designator=LED15 Old Footprint=SON75P200X200X100-6N New Footprint=SON75P200X200X100-6N
Change Physical Footprint: Designator=LED16 Old Footprint=SON75P200X200X100-6N New Footprint=SON75P200X200X100-6N
Change Physical Footprint: Designator=LED17 Old Footprint=SON75P200X200X100-6N New Footprint=SON75P200X200X100-6N
Change Physical Footprint: Designator=LED18 Old Footprint=SON75P200X200X100-6N New Footprint=SON75P200X200X100-6N
Change Physical Footprint: Designator=LED19 Old Footprint=SON75P200X200X100-6N New Footprint=SON75P200X200X100-6N
Change Physical Footprint: Designator=LED20 Old Footprint=SON75P200X200X100-6N New Footprint=SON75P200X200X100-6N
Change Physical Footprint: Designator=LED21 Old Footprint=SON75P200X200X100-6N New Footprint=SON75P200X200X100-6N
Change Physical Footprint: Designator=LED22 Old Footprint=SON75P200X200X100-6N New Footprint=SON75P200X200X100-6N
Change Physical Footprint: Designator=LED23 Old Footprint=SON75P200X200X100-6N New Footprint=SON75P200X200X100-6N
Change Physical Footprint: Designator=LED24 Old Footprint=SON75P200X200X100-6N New Footprint=SON75P200X200X100-6N
Change Physical Footprint: Designator=LED25 Old Footprint=SON75P200X200X100-6N New Footprint=SON75P200X200X100-6N
Change Physical Footprint: Designator=LED26 Old Footprint=SON75P200X200X100-6N New Footprint=SON75P200X200X100-6N
Change Physical Footprint: Designator=LED27 Old Footprint=SON75P200X200X100-6N New Footprint=SON75P200X200X100-6N
Change Physical Footprint: Designator=LED28 Old Footprint=SON75P200X200X100-6N New Footprint=SON75P200X200X100-6N
Change Physical Footprint: Designator=LED29 Old Footprint=SON75P200X200X100-6N New Footprint=SON75P200X200X100-6N
Change Physical Footprint: Designator=LED30 Old Footprint=SON75P200X200X100-6N New Footprint=SON75P200X200X100-6N
Change Physical Footprint: Designator=LED31 Old Footprint=SON75P200X200X100-6N New Footprint=SON75P200X200X100-6N
Change Physical Footprint: Designator=LED32 Old Footprint=SON75P200X200X100-6N New Footprint=SON75P200X200X100-6N
Change Physical Footprint: Designator=LED33 Old Footprint=SON75P200X200X100-6N New Footprint=SON75P200X200X100-6N
Change Physical Footprint: Designator=LED34 Old Footprint=SON75P200X200X100-6N New Footprint=SON75P200X200X100-6N
Change Physical Footprint: Designator=LED35 Old Footprint=SON75P200X200X100-6N New Footprint=SON75P200X200X100-6N
Change Physical Footprint: Designator=LED36 Old Footprint=SON75P200X200X100-6N New Footprint=SON75P200X200X100-6N
Change Physical Footprint: Designator=LED37 Old Footprint=SON75P200X200X100-6N New Footprint=SON75P200X200X100-6N
Change Physical Footprint: Designator=LED38 Old Footprint=SON75P200X200X100-6N New Footprint=SON75P200X200X100-6N
Change Physical Footprint: Designator=LED39 Old Footprint=SON75P200X200X100-6N New Footprint=SON75P200X200X100-6N
Change Physical Footprint: Designator=LED40 Old Footprint=SON75P200X200X100-6N New Footprint=SON75P200X200X100-6N
Change Physical Footprint: Designator=LED41 Old Footprint=SON75P200X200X100-6N New Footprint=SON75P200X200X100-6N
Change Physical Footprint: Designator=LED42 Old Footprint=SON75P200X200X100-6N New Footprint=SON75P200X200X100-6N
Change Physical Footprint: Designator=LED43 Old Footprint=SON75P200X200X100-6N New Footprint=SON75P200X200X100-6N
Change Physical Footprint: Designator=LED44 Old Footprint=SON75P200X200X100-6N New Footprint=SON75P200X200X100-6N
Change Physical Footprint: Designator=LED45 Old Footprint=SON75P200X200X100-6N New Footprint=SON75P200X200X100-6N
Change Physical Footprint: Designator=LED46 Old Footprint=SON75P200X200X100-6N New Footprint=SON75P200X200X100-6N
Change Physical Footprint: Designator=LED47 Old Footprint=SON75P200X200X100-6N New Footprint=SON75P200X200X100-6N
Change Physical Footprint: Designator=LED48 Old Footprint=SON75P200X200X100-6N New Footprint=SON75P200X200X100-6N
Change Physical Footprint: Designator=LED49 Old Footprint=SON75P200X200X100-6N New Footprint=SON75P200X200X100-6N
Change Physical Footprint: Designator=LED50 Old Footprint=SON75P200X200X100-6N New Footprint=SON75P200X200X100-6N
Change Physical Footprint: Designator=LED51 Old Footprint=SON75P200X200X100-6N New Footprint=SON75P200X200X100-6N
Change Physical Footprint: Designator=LED52 Old Footprint=SON75P200X200X100-6N New Footprint=SON75P200X200X100-6N
Change Physical Footprint: Designator=LED53 Old Footprint=SON75P200X200X100-6N New Footprint=SON75P200X200X100-6N
Change Physical Footprint: Designator=LED54 Old Footprint=SON75P200X200X100-6N New Footprint=SON75P200X200X100-6N
Change Physical Footprint: Designator=LED55 Old Footprint=SON75P200X200X100-6N New Footprint=SON75P200X200X100-6N
Change Physical Footprint: Designator=LED56 Old Footprint=SON75P200X200X100-6N New Footprint=SON75P200X200X100-6N
Change Physical Footprint: Designator=LED57 Old Footprint=SON75P200X200X100-6N New Footprint=SON75P200X200X100-6N
Change Physical Footprint: Designator=LED58 Old Footprint=SON75P200X200X100-6N New Footprint=SON75P200X200X100-6N
Change Physical Footprint: Designator=LED59 Old Footprint=SON75P200X200X100-6N New Footprint=SON75P200X200X100-6N
Change Physical Footprint: Designator=LED60 Old Footprint=SON75P200X200X100-6N New Footprint=SON75P200X200X100-6N
Change Physical Footprint: Designator=LED61 Old Footprint=SON75P200X200X100-6N New Footprint=SON75P200X200X100-6N
Change Physical Footprint: Designator=LED62 Old Footprint=SON75P200X200X100-6N New Footprint=SON75P200X200X100-6N
Change Physical Footprint: Designator=LED63 Old Footprint=SON75P200X200X100-6N New Footprint=SON75P200X200X100-6N
Change Physical Footprint: Designator=LED64 Old Footprint=SON75P200X200X100-6N New Footprint=SON75P200X200X100-6N
Change Physical Footprint: Designator=M_C Old Footprint=SOP65P640X110-16N New Footprint=SOP65P640X110-16N
Change Physical Footprint: Designator=M_R Old Footprint=SOP65P640X110-16N New Footprint=SOP65P640X110-16N
Change Physical Footprint: Designator=MOSN0 Old Footprint=SOT95P285X130-3N New Footprint=SOT95P285X130-3N
Change Physical Footprint: Designator=MOSN1 Old Footprint=SOT95P285X130-3N New Footprint=SOT95P285X130-3N
Change Physical Footprint: Designator=MOSN2 Old Footprint=SOT95P285X130-3N New Footprint=SOT95P285X130-3N
Change Physical Footprint: Designator=MOSN3 Old Footprint=SOT95P285X130-3N New Footprint=SOT95P285X130-3N
Change Physical Footprint: Designator=MOSN4 Old Footprint=SOT95P285X130-3N New Footprint=SOT95P285X130-3N
Change Physical Footprint: Designator=MOSN5 Old Footprint=SOT95P285X130-3N New Footprint=SOT95P285X130-3N
Change Physical Footprint: Designator=MOSN6 Old Footprint=SOT95P285X130-3N New Footprint=SOT95P285X130-3N
Change Physical Footprint: Designator=MOSN7 Old Footprint=SOT95P285X130-3N New Footprint=SOT95P285X130-3N
Change Physical Footprint: Designator=MOSP0 Old Footprint=SOT65P220X100-3N New Footprint=SOT65P220X100-3N
Change Physical Footprint: Designator=MOSP1 Old Footprint=SOT65P220X100-3N New Footprint=SOT65P220X100-3N
Change Physical Footprint: Designator=MOSP2 Old Footprint=SOT65P220X100-3N New Footprint=SOT65P220X100-3N
Change Physical Footprint: Designator=MOSP3 Old Footprint=SOT65P220X100-3N New Footprint=SOT65P220X100-3N
Change Physical Footprint: Designator=MOSP4 Old Footprint=SOT65P220X100-3N New Footprint=SOT65P220X100-3N
Change Physical Footprint: Designator=MOSP5 Old Footprint=SOT65P220X100-3N New Footprint=SOT65P220X100-3N
Change Physical Footprint: Designator=MOSP6 Old Footprint=SOT65P220X100-3N New Footprint=SOT65P220X100-3N
Change Physical Footprint: Designator=MOSP7 Old Footprint=SOT65P220X100-3N New Footprint=SOT65P220X100-3N
Change Physical Footprint: Designator=PT_R1 Old Footprint=J1-0603 New Footprint=J1-0603
Change Physical Footprint: Designator=PT_R2 Old Footprint=J1-0603 New Footprint=J1-0603
Change Physical Footprint: Designator=PT_R3 Old Footprint=J1-0603 New Footprint=J1-0603
Change Physical Footprint: Designator=PT_R4 Old Footprint=J1-0603 New Footprint=J1-0603
Change Physical Footprint: Designator=PT_R5 Old Footprint=J1-0603 New Footprint=J1-0603
Change Physical Footprint: Designator=PT_R6 Old Footprint=J1-0603 New Footprint=J1-0603
Change Physical Footprint: Designator=PT_R7 Old Footprint=J1-0603 New Footprint=J1-0603
Change Physical Footprint: Designator=PT_R8 Old Footprint=J1-0603 New Footprint=J1-0603
Change Physical Footprint: Designator=PT_R9 Old Footprint=J1-0603 New Footprint=J1-0603
Change Physical Footprint: Designator=PT_R10 Old Footprint=J1-0603 New Footprint=J1-0603
Change Physical Footprint: Designator=PT_R11 Old Footprint=J1-0603 New Footprint=J1-0603
Change Physical Footprint: Designator=PT_R12 Old Footprint=J1-0603 New Footprint=J1-0603
Change Physical Footprint: Designator=PT_R13 Old Footprint=J1-0603 New Footprint=J1-0603
Change Physical Footprint: Designator=PT_R14 Old Footprint=J1-0603 New Footprint=J1-0603
Change Physical Footprint: Designator=PT_R15 Old Footprint=J1-0603 New Footprint=J1-0603
Change Physical Footprint: Designator=PT_R16 Old Footprint=J1-0603 New Footprint=J1-0603
Change Physical Footprint: Designator=PT_R17 Old Footprint=J1-0603 New Footprint=J1-0603
Change Physical Footprint: Designator=PT_R18 Old Footprint=J1-0603 New Footprint=J1-0603
Change Physical Footprint: Designator=PT_R19 Old Footprint=J1-0603 New Footprint=J1-0603
Change Physical Footprint: Designator=PT_R20 Old Footprint=J1-0603 New Footprint=J1-0603
Change Physical Footprint: Designator=PT_R21 Old Footprint=J1-0603 New Footprint=J1-0603
Change Physical Footprint: Designator=PT_R22 Old Footprint=J1-0603 New Footprint=J1-0603
Change Physical Footprint: Designator=PT_R23 Old Footprint=J1-0603 New Footprint=J1-0603
Change Physical Footprint: Designator=PT_R24 Old Footprint=J1-0603 New Footprint=J1-0603
Change Physical Footprint: Designator=PT_R25 Old Footprint=J1-0603 New Footprint=J1-0603
Change Physical Footprint: Designator=PT_R26 Old Footprint=J1-0603 New Footprint=J1-0603
Change Physical Footprint: Designator=PT_R27 Old Footprint=J1-0603 New Footprint=J1-0603
Change Physical Footprint: Designator=PT_R28 Old Footprint=J1-0603 New Footprint=J1-0603
Change Physical Footprint: Designator=PT_R29 Old Footprint=J1-0603 New Footprint=J1-0603
Change Physical Footprint: Designator=PT_R30 Old Footprint=J1-0603 New Footprint=J1-0603
Change Physical Footprint: Designator=PT_R31 Old Footprint=J1-0603 New Footprint=J1-0603
Change Physical Footprint: Designator=PT_R32 Old Footprint=J1-0603 New Footprint=J1-0603
Change Physical Footprint: Designator=PT_R33 Old Footprint=J1-0603 New Footprint=J1-0603
Change Physical Footprint: Designator=PT_R34 Old Footprint=J1-0603 New Footprint=J1-0603
Change Physical Footprint: Designator=PT_R35 Old Footprint=J1-0603 New Footprint=J1-0603
Change Physical Footprint: Designator=PT_R36 Old Footprint=J1-0603 New Footprint=J1-0603
Change Physical Footprint: Designator=PT_R37 Old Footprint=J1-0603 New Footprint=J1-0603
Change Physical Footprint: Designator=PT_R38 Old Footprint=J1-0603 New Footprint=J1-0603
Change Physical Footprint: Designator=PT_R39 Old Footprint=J1-0603 New Footprint=J1-0603
Change Physical Footprint: Designator=PT_R40 Old Footprint=J1-0603 New Footprint=J1-0603
Change Physical Footprint: Designator=PT_R41 Old Footprint=J1-0603 New Footprint=J1-0603
Change Physical Footprint: Designator=PT_R42 Old Footprint=J1-0603 New Footprint=J1-0603
Change Physical Footprint: Designator=PT_R43 Old Footprint=J1-0603 New Footprint=J1-0603
Change Physical Footprint: Designator=PT_R44 Old Footprint=J1-0603 New Footprint=J1-0603
Change Physical Footprint: Designator=PT_R45 Old Footprint=J1-0603 New Footprint=J1-0603
Change Physical Footprint: Designator=PT_R46 Old Footprint=J1-0603 New Footprint=J1-0603
Change Physical Footprint: Designator=PT_R47 Old Footprint=J1-0603 New Footprint=J1-0603
Change Physical Footprint: Designator=PT_R48 Old Footprint=J1-0603 New Footprint=J1-0603
Change Physical Footprint: Designator=PT_R49 Old Footprint=J1-0603 New Footprint=J1-0603
Change Physical Footprint: Designator=PT_R50 Old Footprint=J1-0603 New Footprint=J1-0603
Change Physical Footprint: Designator=PT_R51 Old Footprint=J1-0603 New Footprint=J1-0603
Change Physical Footprint: Designator=PT_R52 Old Footprint=J1-0603 New Footprint=J1-0603
Change Physical Footprint: Designator=PT_R53 Old Footprint=J1-0603 New Footprint=J1-0603
Change Physical Footprint: Designator=PT_R54 Old Footprint=J1-0603 New Footprint=J1-0603
Change Physical Footprint: Designator=PT_R55 Old Footprint=J1-0603 New Footprint=J1-0603
Change Physical Footprint: Designator=PT_R56 Old Footprint=J1-0603 New Footprint=J1-0603
Change Physical Footprint: Designator=PT_R57 Old Footprint=J1-0603 New Footprint=J1-0603
Change Physical Footprint: Designator=PT_R58 Old Footprint=J1-0603 New Footprint=J1-0603
Change Physical Footprint: Designator=PT_R59 Old Footprint=J1-0603 New Footprint=J1-0603
Change Physical Footprint: Designator=PT_R60 Old Footprint=J1-0603 New Footprint=J1-0603
Change Physical Footprint: Designator=PT_R61 Old Footprint=J1-0603 New Footprint=J1-0603
Change Physical Footprint: Designator=PT_R62 Old Footprint=J1-0603 New Footprint=J1-0603
Change Physical Footprint: Designator=PT_R63 Old Footprint=J1-0603 New Footprint=J1-0603
Change Physical Footprint: Designator=PT_R64 Old Footprint=J1-0603 New Footprint=J1-0603
Change Physical Footprint: Designator=R200 Old Footprint=J1-0603 New Footprint=J1-0603
Change Physical Footprint: Designator=R201 Old Footprint=J1-0603 New Footprint=J1-0603
Change Physical Footprint: Designator=Rcg0 Old Footprint=J1-0603 New Footprint=J1-0603
Change Physical Footprint: Designator=Rcg1 Old Footprint=J1-0603 New Footprint=J1-0603
Change Physical Footprint: Designator=Rcg2 Old Footprint=J1-0603 New Footprint=J1-0603
Change Physical Footprint: Designator=Rcg3 Old Footprint=J1-0603 New Footprint=J1-0603
Change Physical Footprint: Designator=Rcg4 Old Footprint=J1-0603 New Footprint=J1-0603
Change Physical Footprint: Designator=Rcg5 Old Footprint=J1-0603 New Footprint=J1-0603
Change Physical Footprint: Designator=Rcg6 Old Footprint=J1-0603 New Footprint=J1-0603
Change Physical Footprint: Designator=Rcg7 Old Footprint=J1-0603 New Footprint=J1-0603
Change Physical Footprint: Designator=Rci0 Old Footprint=J1-0603 New Footprint=J1-0603
Change Physical Footprint: Designator=Rci1 Old Footprint=J1-0603 New Footprint=J1-0603
Change Physical Footprint: Designator=Rci2 Old Footprint=J1-0603 New Footprint=J1-0603
Change Physical Footprint: Designator=Rci3 Old Footprint=J1-0603 New Footprint=J1-0603
Change Physical Footprint: Designator=Rci4 Old Footprint=J1-0603 New Footprint=J1-0603
Change Physical Footprint: Designator=Rci5 Old Footprint=J1-0603 New Footprint=J1-0603
Change Physical Footprint: Designator=Rci6 Old Footprint=J1-0603 New Footprint=J1-0603
Change Physical Footprint: Designator=Rci7 Old Footprint=J1-0603 New Footprint=J1-0603
Change Physical Footprint: Designator=Rin0 Old Footprint=J1-0603 New Footprint=J1-0603
Change Physical Footprint: Designator=Rin1 Old Footprint=J1-0603 New Footprint=J1-0603
Change Physical Footprint: Designator=Rin2 Old Footprint=J1-0603 New Footprint=J1-0603
Change Physical Footprint: Designator=Rin3 Old Footprint=J1-0603 New Footprint=J1-0603
Change Physical Footprint: Designator=Rin4 Old Footprint=J1-0603 New Footprint=J1-0603
Change Physical Footprint: Designator=Rin5 Old Footprint=J1-0603 New Footprint=J1-0603
Change Physical Footprint: Designator=Rin6 Old Footprint=J1-0603 New Footprint=J1-0603
Change Physical Footprint: Designator=Rin7 Old Footprint=J1-0603 New Footprint=J1-0603
Change Physical Footprint: Designator=ROUT0 Old Footprint=J1-0603 New Footprint=J1-0603
Change Physical Footprint: Designator=ROUT1 Old Footprint=J1-0603 New Footprint=J1-0603
Change Physical Footprint: Designator=Rvs0 Old Footprint=J1-0603 New Footprint=J1-0603
Change Physical Footprint: Designator=Rvs1 Old Footprint=J1-0603 New Footprint=J1-0603
Change Physical Footprint: Designator=Rvs2 Old Footprint=J1-0603 New Footprint=J1-0603
Change Physical Footprint: Designator=Rvs3 Old Footprint=J1-0603 New Footprint=J1-0603
Change Physical Footprint: Designator=Rvs4 Old Footprint=J1-0603 New Footprint=J1-0603
Change Physical Footprint: Designator=Rvs5 Old Footprint=J1-0603 New Footprint=J1-0603
Change Physical Footprint: Designator=Rvs6 Old Footprint=J1-0603 New Footprint=J1-0603
Change Physical Footprint: Designator=Rvs7 Old Footprint=J1-0603 New Footprint=J1-0603
Change Physical Footprint: Designator=VR1 Old Footprint=TO-252_5PIN New Footprint=TO-252_5PIN
