Change Physical Footprint: Designator=IR1 Old Footprint=IR26_51C New Footprint=IR26_51C
Change Physical Footprint: Designator=IR2 Old Footprint=IR26_51C New Footprint=IR26_51C
Change Physical Footprint: Designator=IR3 Old Footprint=IR26_51C New Footprint=IR26_51C
Change Physical Footprint: Designator=IR4 Old Footprint=IR26_51C New Footprint=IR26_51C
Change Physical Footprint: Designator=IR5 Old Footprint=IR26_51C New Footprint=IR26_51C
Change Physical Footprint: Designator=IR6 Old Footprint=IR26_51C New Footprint=IR26_51C
Change Physical Footprint: Designator=IR7 Old Footprint=IR26_51C New Footprint=IR26_51C
Change Physical Footprint: Designator=IR8 Old Footprint=IR26_51C New Footprint=IR26_51C
Change Physical Footprint: Designator=IR9 Old Footprint=IR26_51C New Footprint=IR26_51C
Change Physical Footprint: Designator=IR10 Old Footprint=IR26_51C New Footprint=IR26_51C
Change Physical Footprint: Designator=IR11 Old Footprint=IR26_51C New Footprint=IR26_51C
Change Physical Footprint: Designator=IR12 Old Footprint=IR26_51C New Footprint=IR26_51C
Change Physical Footprint: Designator=IR13 Old Footprint=IR26_51C New Footprint=IR26_51C
Change Physical Footprint: Designator=IR14 Old Footprint=IR26_51C New Footprint=IR26_51C
Change Physical Footprint: Designator=IR15 Old Footprint=IR26_51C New Footprint=IR26_51C
Change Physical Footprint: Designator=IR16 Old Footprint=IR26_51C New Footprint=IR26_51C
Change Physical Footprint: Designator=IR17 Old Footprint=IR26_51C New Footprint=IR26_51C
Change Physical Footprint: Designator=IR18 Old Footprint=IR26_51C New Footprint=IR26_51C
Change Physical Footprint: Designator=IR19 Old Footprint=IR26_51C New Footprint=IR26_51C
Change Physical Footprint: Designator=IR20 Old Footprint=IR26_51C New Footprint=IR26_51C
Change Physical Footprint: Designator=IR21 Old Footprint=IR26_51C New Footprint=IR26_51C
Change Physical Footprint: Designator=IR22 Old Footprint=IR26_51C New Footprint=IR26_51C
Change Physical Footprint: Designator=IR23 Old Footprint=IR26_51C New Footprint=IR26_51C
Change Physical Footprint: Designator=IR24 Old Footprint=IR26_51C New Footprint=IR26_51C
Change Physical Footprint: Designator=IR25 Old Footprint=IR26_51C New Footprint=IR26_51C
Change Physical Footprint: Designator=IR26 Old Footprint=IR26_51C New Footprint=IR26_51C
Change Physical Footprint: Designator=IR27 Old Footprint=IR26_51C New Footprint=IR26_51C
Change Physical Footprint: Designator=IR28 Old Footprint=IR26_51C New Footprint=IR26_51C
Change Physical Footprint: Designator=IR29 Old Footprint=IR26_51C New Footprint=IR26_51C
Change Physical Footprint: Designator=IR30 Old Footprint=IR26_51C New Footprint=IR26_51C
Change Physical Footprint: Designator=IR31 Old Footprint=IR26_51C New Footprint=IR26_51C
Change Physical Footprint: Designator=IR32 Old Footprint=IR26_51C New Footprint=IR26_51C
Change Physical Footprint: Designator=IR33 Old Footprint=IR26_51C New Footprint=IR26_51C
Change Physical Footprint: Designator=IR34 Old Footprint=IR26_51C New Footprint=IR26_51C
Change Physical Footprint: Designator=IR35 Old Footprint=IR26_51C New Footprint=IR26_51C
Change Physical Footprint: Designator=IR36 Old Footprint=IR26_51C New Footprint=IR26_51C
Change Physical Footprint: Designator=IR37 Old Footprint=IR26_51C New Footprint=IR26_51C
Change Physical Footprint: Designator=IR38 Old Footprint=IR26_51C New Footprint=IR26_51C
Change Physical Footprint: Designator=IR39 Old Footprint=IR26_51C New Footprint=IR26_51C
Change Physical Footprint: Designator=IR40 Old Footprint=IR26_51C New Footprint=IR26_51C
Change Physical Footprint: Designator=IR41 Old Footprint=IR26_51C New Footprint=IR26_51C
Change Physical Footprint: Designator=IR42 Old Footprint=IR26_51C New Footprint=IR26_51C
Change Physical Footprint: Designator=IR43 Old Footprint=IR26_51C New Footprint=IR26_51C
Change Physical Footprint: Designator=IR44 Old Footprint=IR26_51C New Footprint=IR26_51C
Change Physical Footprint: Designator=IR45 Old Footprint=IR26_51C New Footprint=IR26_51C
Change Physical Footprint: Designator=IR46 Old Footprint=IR26_51C New Footprint=IR26_51C
Change Physical Footprint: Designator=IR47 Old Footprint=IR26_51C New Footprint=IR26_51C
Change Physical Footprint: Designator=IR48 Old Footprint=IR26_51C New Footprint=IR26_51C
Change Physical Footprint: Designator=IR49 Old Footprint=IR26_51C New Footprint=IR26_51C
Change Physical Footprint: Designator=IR50 Old Footprint=IR26_51C New Footprint=IR26_51C
Change Physical Footprint: Designator=IR51 Old Footprint=IR26_51C New Footprint=IR26_51C
Change Physical Footprint: Designator=IR52 Old Footprint=IR26_51C New Footprint=IR26_51C
Change Physical Footprint: Designator=IR53 Old Footprint=IR26_51C New Footprint=IR26_51C
Change Physical Footprint: Designator=IR54 Old Footprint=IR26_51C New Footprint=IR26_51C
Change Physical Footprint: Designator=IR55 Old Footprint=IR26_51C New Footprint=IR26_51C
Change Physical Footprint: Designator=IR56 Old Footprint=IR26_51C New Footprint=IR26_51C
Change Physical Footprint: Designator=IR57 Old Footprint=IR26_51C New Footprint=IR26_51C
Change Physical Footprint: Designator=IR58 Old Footprint=IR26_51C New Footprint=IR26_51C
Change Physical Footprint: Designator=IR59 Old Footprint=IR26_51C New Footprint=IR26_51C
Change Physical Footprint: Designator=IR60 Old Footprint=IR26_51C New Footprint=IR26_51C
Change Physical Footprint: Designator=IR61 Old Footprint=IR26_51C New Footprint=IR26_51C
Change Physical Footprint: Designator=IR62 Old Footprint=IR26_51C New Footprint=IR26_51C
Change Physical Footprint: Designator=IR63 Old Footprint=IR26_51C New Footprint=IR26_51C
Change Physical Footprint: Designator=IR64 Old Footprint=IR26_51C New Footprint=IR26_51C
Change Physical Footprint: Designator=IR_R12 Old Footprint=J1-0603 New Footprint=J1-0603
Change Physical Footprint: Designator=IR_R46 Old Footprint=J1-0603 New Footprint=J1-0603
Change Physical Footprint: Designator=IR_R51 Old Footprint=J1-0603 New Footprint=J1-0603
Change Physical Footprint: Designator=PT1 Old Footprint=PT26-51B New Footprint=PT26-51B
Change Physical Footprint: Designator=PT2 Old Footprint=PT26-51B New Footprint=PT26-51B
Change Physical Footprint: Designator=PT3 Old Footprint=PT26-51B New Footprint=PT26-51B
Change Physical Footprint: Designator=PT4 Old Footprint=PT26-51B New Footprint=PT26-51B
Change Physical Footprint: Designator=PT5 Old Footprint=PT26-51B New Footprint=PT26-51B
Change Physical Footprint: Designator=PT6 Old Footprint=PT26-51B New Footprint=PT26-51B
Change Physical Footprint: Designator=PT7 Old Footprint=PT26-51B New Footprint=PT26-51B
Change Physical Footprint: Designator=PT8 Old Footprint=PT26-51B New Footprint=PT26-51B
Change Physical Footprint: Designator=PT9 Old Footprint=PT26-51B New Footprint=PT26-51B
Change Physical Footprint: Designator=PT10 Old Footprint=PT26-51B New Footprint=PT26-51B
Change Physical Footprint: Designator=PT11 Old Footprint=PT26-51B New Footprint=PT26-51B
Change Physical Footprint: Designator=PT12 Old Footprint=PT26-51B New Footprint=PT26-51B
Change Physical Footprint: Designator=PT13 Old Footprint=PT26-51B New Footprint=PT26-51B
Change Physical Footprint: Designator=PT14 Old Footprint=PT26-51B New Footprint=PT26-51B
Change Physical Footprint: Designator=PT15 Old Footprint=PT26-51B New Footprint=PT26-51B
Change Physical Footprint: Designator=PT16 Old Footprint=PT26-51B New Footprint=PT26-51B
Change Physical Footprint: Designator=PT17 Old Footprint=PT26-51B New Footprint=PT26-51B
Change Physical Footprint: Designator=PT18 Old Footprint=PT26-51B New Footprint=PT26-51B
Change Physical Footprint: Designator=PT19 Old Footprint=PT26-51B New Footprint=PT26-51B
Change Physical Footprint: Designator=PT20 Old Footprint=PT26-51B New Footprint=PT26-51B
Change Physical Footprint: Designator=PT21 Old Footprint=PT26-51B New Footprint=PT26-51B
Change Physical Footprint: Designator=PT22 Old Footprint=PT26-51B New Footprint=PT26-51B
Change Physical Footprint: Designator=PT23 Old Footprint=PT26-51B New Footprint=PT26-51B
Change Physical Footprint: Designator=PT24 Old Footprint=PT26-51B New Footprint=PT26-51B
Change Physical Footprint: Designator=PT25 Old Footprint=PT26-51B New Footprint=PT26-51B
Change Physical Footprint: Designator=PT26 Old Footprint=PT26-51B New Footprint=PT26-51B
Change Physical Footprint: Designator=PT27 Old Footprint=PT26-51B New Footprint=PT26-51B
Change Physical Footprint: Designator=PT28 Old Footprint=PT26-51B New Footprint=PT26-51B
Change Physical Footprint: Designator=PT29 Old Footprint=PT26-51B New Footprint=PT26-51B
Change Physical Footprint: Designator=PT30 Old Footprint=PT26-51B New Footprint=PT26-51B
Change Physical Footprint: Designator=PT31 Old Footprint=PT26-51B New Footprint=PT26-51B
Change Physical Footprint: Designator=PT32 Old Footprint=PT26-51B New Footprint=PT26-51B
Change Physical Footprint: Designator=PT33 Old Footprint=PT26-51B New Footprint=PT26-51B
Change Physical Footprint: Designator=PT34 Old Footprint=PT26-51B New Footprint=PT26-51B
Change Physical Footprint: Designator=PT35 Old Footprint=PT26-51B New Footprint=PT26-51B
Change Physical Footprint: Designator=PT36 Old Footprint=PT26-51B New Footprint=PT26-51B
Change Physical Footprint: Designator=PT37 Old Footprint=PT26-51B New Footprint=PT26-51B
Change Physical Footprint: Designator=PT38 Old Footprint=PT26-51B New Footprint=PT26-51B
Change Physical Footprint: Designator=PT39 Old Footprint=PT26-51B New Footprint=PT26-51B
Change Physical Footprint: Designator=PT40 Old Footprint=PT26-51B New Footprint=PT26-51B
Change Physical Footprint: Designator=PT41 Old Footprint=PT26-51B New Footprint=PT26-51B
Change Physical Footprint: Designator=PT42 Old Footprint=PT26-51B New Footprint=PT26-51B
Change Physical Footprint: Designator=PT43 Old Footprint=PT26-51B New Footprint=PT26-51B
Change Physical Footprint: Designator=PT44 Old Footprint=PT26-51B New Footprint=PT26-51B
Change Physical Footprint: Designator=PT45 Old Footprint=PT26-51B New Footprint=PT26-51B
Change Physical Footprint: Designator=PT46 Old Footprint=PT26-51B New Footprint=PT26-51B
Change Physical Footprint: Designator=PT47 Old Footprint=PT26-51B New Footprint=PT26-51B
Change Physical Footprint: Designator=PT48 Old Footprint=PT26-51B New Footprint=PT26-51B
Change Physical Footprint: Designator=PT49 Old Footprint=PT26-51B New Footprint=PT26-51B
Change Physical Footprint: Designator=PT50 Old Footprint=PT26-51B New Footprint=PT26-51B
Change Physical Footprint: Designator=PT51 Old Footprint=PT26-51B New Footprint=PT26-51B
Change Physical Footprint: Designator=PT52 Old Footprint=PT26-51B New Footprint=PT26-51B
Change Physical Footprint: Designator=PT53 Old Footprint=PT26-51B New Footprint=PT26-51B
Change Physical Footprint: Designator=PT54 Old Footprint=PT26-51B New Footprint=PT26-51B
Change Physical Footprint: Designator=PT55 Old Footprint=PT26-51B New Footprint=PT26-51B
Change Physical Footprint: Designator=PT56 Old Footprint=PT26-51B New Footprint=PT26-51B
Change Physical Footprint: Designator=PT57 Old Footprint=PT26-51B New Footprint=PT26-51B
Change Physical Footprint: Designator=PT58 Old Footprint=PT26-51B New Footprint=PT26-51B
Change Physical Footprint: Designator=PT59 Old Footprint=PT26-51B New Footprint=PT26-51B
Change Physical Footprint: Designator=PT60 Old Footprint=PT26-51B New Footprint=PT26-51B
Change Physical Footprint: Designator=PT61 Old Footprint=PT26-51B New Footprint=PT26-51B
Change Physical Footprint: Designator=PT62 Old Footprint=PT26-51B New Footprint=PT26-51B
Change Physical Footprint: Designator=PT63 Old Footprint=PT26-51B New Footprint=PT26-51B
Change Physical Footprint: Designator=PT64 Old Footprint=PT26-51B New Footprint=PT26-51B
Change Physical Footprint: Designator=PT_R25 Old Footprint=J1-0603 New Footprint=J1-0603
Change Physical Footprint: Designator=PT_R44 Old Footprint=J1-0603 New Footprint=J1-0603
Change Physical Footprint: Designator=PT_R60 Old Footprint=J1-0603 New Footprint=J1-0603
Change Physical Footprint: Designator=ROUT1 Old Footprint=J1-0603 New Footprint=J1-0603
Change Physical Footprint: Designator=Rvs4 Old Footprint=J1-0603 New Footprint=J1-0603
