Added Component: Designator=H1(NPPN201BFLC-RC)
Added Component: Designator=H2(NPPN201BFLC-RC)
Added Component: Designator=H_3_1(3POSHEADER)
Added Component: Designator=IC1(SOT95P285X130-3N)
Added Component: Designator=IC2(SOT95P285X130-3N)
Added Component: Designator=IC3(SOT95P285X130-3N)
Added Component: Designator=IC4(SOT95P285X130-3N)
Added Component: Designator=IC5(SOT95P285X130-3N)
Added Component: Designator=IC6(SOT95P285X130-3N)
Added Component: Designator=IC7(SOT95P285X130-3N)
Added Component: Designator=IR1(IR26_51C)
Added Component: Designator=IR2(IR26_51C)
Added Component: Designator=IR3(IR26_51C)
Added Component: Designator=IR4(IR26_51C)
Added Component: Designator=IR5(IR26_51C)
Added Component: Designator=IR6(IR26_51C)
Added Component: Designator=IR7(IR26_51C)
Added Component: Designator=IR8(IR26_51C)
Added Component: Designator=IR9(IR26_51C)
Added Component: Designator=IR10(IR26_51C)
Added Component: Designator=IR11(IR26_51C)
Added Component: Designator=IR12(IR26_51C)
Added Component: Designator=IR13(IR26_51C)
Added Component: Designator=IR14(IR26_51C)
Added Component: Designator=IR15(IR26_51C)
Added Component: Designator=IR16(IR26_51C)
Added Component: Designator=IR17(IR26_51C)
Added Component: Designator=IR18(IR26_51C)
Added Component: Designator=IR19(IR26_51C)
Added Component: Designator=IR20(IR26_51C)
Added Component: Designator=IR21(IR26_51C)
Added Component: Designator=IR22(IR26_51C)
Added Component: Designator=IR23(IR26_51C)
Added Component: Designator=IR24(IR26_51C)
Added Component: Designator=IR25(IR26_51C)
Added Component: Designator=IR26(IR26_51C)
Added Component: Designator=IR27(IR26_51C)
Added Component: Designator=IR28(IR26_51C)
Added Component: Designator=IR29(IR26_51C)
Added Component: Designator=IR30(IR26_51C)
Added Component: Designator=IR31(IR26_51C)
Added Component: Designator=IR32(IR26_51C)
Added Component: Designator=IR33(IR26_51C)
Added Component: Designator=IR34(IR26_51C)
Added Component: Designator=IR35(IR26_51C)
Added Component: Designator=IR36(IR26_51C)
Added Component: Designator=IR37(IR26_51C)
Added Component: Designator=IR38(IR26_51C)
Added Component: Designator=IR39(IR26_51C)
Added Component: Designator=IR40(IR26_51C)
Added Component: Designator=IR41(IR26_51C)
Added Component: Designator=IR42(IR26_51C)
Added Component: Designator=IR43(IR26_51C)
Added Component: Designator=IR44(IR26_51C)
Added Component: Designator=IR45(IR26_51C)
Added Component: Designator=IR46(IR26_51C)
Added Component: Designator=IR47(IR26_51C)
Added Component: Designator=IR48(IR26_51C)
Added Component: Designator=IR49(IR26_51C)
Added Component: Designator=IR_R1(J1-0603)
Added Component: Designator=IR_R2(J1-0603)
Added Component: Designator=IR_R3(J1-0603)
Added Component: Designator=IR_R4(J1-0603)
Added Component: Designator=IR_R5(J1-0603)
Added Component: Designator=IR_R6(J1-0603)
Added Component: Designator=IR_R7(J1-0603)
Added Component: Designator=IR_R8(J1-0603)
Added Component: Designator=IR_R9(J1-0603)
Added Component: Designator=IR_R10(J1-0603)
Added Component: Designator=IR_R11(J1-0603)
Added Component: Designator=IR_R12(J1-0603)
Added Component: Designator=IR_R13(J1-0603)
Added Component: Designator=IR_R14(J1-0603)
Added Component: Designator=IR_R15(J1-0603)
Added Component: Designator=IR_R16(J1-0603)
Added Component: Designator=IR_R17(J1-0603)
Added Component: Designator=IR_R18(J1-0603)
Added Component: Designator=IR_R19(J1-0603)
Added Component: Designator=IR_R20(J1-0603)
Added Component: Designator=IR_R21(J1-0603)
Added Component: Designator=IR_R22(J1-0603)
Added Component: Designator=IR_R23(J1-0603)
Added Component: Designator=IR_R24(J1-0603)
Added Component: Designator=IR_R25(J1-0603)
Added Component: Designator=IR_R26(J1-0603)
Added Component: Designator=IR_R27(J1-0603)
Added Component: Designator=IR_R28(J1-0603)
Added Component: Designator=IR_R29(J1-0603)
Added Component: Designator=IR_R30(J1-0603)
Added Component: Designator=IR_R31(J1-0603)
Added Component: Designator=IR_R32(J1-0603)
Added Component: Designator=IR_R33(J1-0603)
Added Component: Designator=IR_R34(J1-0603)
Added Component: Designator=IR_R35(J1-0603)
Added Component: Designator=IR_R36(J1-0603)
Added Component: Designator=IR_R37(J1-0603)
Added Component: Designator=IR_R38(J1-0603)
Added Component: Designator=IR_R39(J1-0603)
Added Component: Designator=IR_R40(J1-0603)
Added Component: Designator=IR_R41(J1-0603)
Added Component: Designator=IR_R42(J1-0603)
Added Component: Designator=IR_R43(J1-0603)
Added Component: Designator=IR_R44(J1-0603)
Added Component: Designator=IR_R45(J1-0603)
Added Component: Designator=IR_R46(J1-0603)
Added Component: Designator=IR_R47(J1-0603)
Added Component: Designator=IR_R48(J1-0603)
Added Component: Designator=IR_R49(J1-0603)
Added Component: Designator=LED1(SON75P200X200X100-6N)
Added Component: Designator=LED2(SON75P200X200X100-6N)
Added Component: Designator=LED3(SON75P200X200X100-6N)
Added Component: Designator=LED4(SON75P200X200X100-6N)
Added Component: Designator=LED5(SON75P200X200X100-6N)
Added Component: Designator=LED6(SON75P200X200X100-6N)
Added Component: Designator=LED7(SON75P200X200X100-6N)
Added Component: Designator=LED8(SON75P200X200X100-6N)
Added Component: Designator=LED9(SON75P200X200X100-6N)
Added Component: Designator=LED10(SON75P200X200X100-6N)
Added Component: Designator=LED11(SON75P200X200X100-6N)
Added Component: Designator=LED12(SON75P200X200X100-6N)
Added Component: Designator=LED13(SON75P200X200X100-6N)
Added Component: Designator=LED14(SON75P200X200X100-6N)
Added Component: Designator=LED15(SON75P200X200X100-6N)
Added Component: Designator=LED16(SON75P200X200X100-6N)
Added Component: Designator=LED17(SON75P200X200X100-6N)
Added Component: Designator=LED18(SON75P200X200X100-6N)
Added Component: Designator=LED19(SON75P200X200X100-6N)
Added Component: Designator=LED20(SON75P200X200X100-6N)
Added Component: Designator=LED21(SON75P200X200X100-6N)
Added Component: Designator=LED22(SON75P200X200X100-6N)
Added Component: Designator=LED23(SON75P200X200X100-6N)
Added Component: Designator=LED24(SON75P200X200X100-6N)
Added Component: Designator=LED25(SON75P200X200X100-6N)
Added Component: Designator=LED26(SON75P200X200X100-6N)
Added Component: Designator=LED27(SON75P200X200X100-6N)
Added Component: Designator=LED28(SON75P200X200X100-6N)
Added Component: Designator=LED29(SON75P200X200X100-6N)
Added Component: Designator=LED30(SON75P200X200X100-6N)
Added Component: Designator=LED31(SON75P200X200X100-6N)
Added Component: Designator=LED32(SON75P200X200X100-6N)
Added Component: Designator=LED33(SON75P200X200X100-6N)
Added Component: Designator=LED34(SON75P200X200X100-6N)
Added Component: Designator=LED35(SON75P200X200X100-6N)
Added Component: Designator=LED36(SON75P200X200X100-6N)
Added Component: Designator=LED37(SON75P200X200X100-6N)
Added Component: Designator=LED38(SON75P200X200X100-6N)
Added Component: Designator=LED39(SON75P200X200X100-6N)
Added Component: Designator=LED40(SON75P200X200X100-6N)
Added Component: Designator=LED41(SON75P200X200X100-6N)
Added Component: Designator=LED42(SON75P200X200X100-6N)
Added Component: Designator=LED43(SON75P200X200X100-6N)
Added Component: Designator=LED44(SON75P200X200X100-6N)
Added Component: Designator=LED45(SON75P200X200X100-6N)
Added Component: Designator=LED46(SON75P200X200X100-6N)
Added Component: Designator=LED47(SON75P200X200X100-6N)
Added Component: Designator=LED48(SON75P200X200X100-6N)
Added Component: Designator=LED49(SON75P200X200X100-6N)
Added Component: Designator=LED50(SON75P200X200X100-6N)
Added Component: Designator=LED51(SON75P200X200X100-6N)
Added Component: Designator=LED52(SON75P200X200X100-6N)
Added Component: Designator=LED53(SON75P200X200X100-6N)
Added Component: Designator=LED54(SON75P200X200X100-6N)
Added Component: Designator=LED55(SON75P200X200X100-6N)
Added Component: Designator=LED56(SON75P200X200X100-6N)
Added Component: Designator=LED57(SON75P200X200X100-6N)
Added Component: Designator=LED58(SON75P200X200X100-6N)
Added Component: Designator=LED59(SON75P200X200X100-6N)
Added Component: Designator=LED60(SON75P200X200X100-6N)
Added Component: Designator=LED61(SON75P200X200X100-6N)
Added Component: Designator=LED62(SON75P200X200X100-6N)
Added Component: Designator=LED63(SON75P200X200X100-6N)
Added Component: Designator=LED64(SON75P200X200X100-6N)
Added Component: Designator=MUX1(SOP65P640X110-16N)
Added Component: Designator=MUX2(SOP65P640X110-16N)
Added Component: Designator=P1(810_row_4)
Added Component: Designator=P2(810_row_4)
Added Component: Designator=P3(810_row_4)
Added Component: Designator=P4(810_row_4)
Added Component: Designator=P5(810_row_4)
Added Component: Designator=P6(810_row_4)
Added Component: Designator=P7(810_row_4)
Added Component: Designator=P8(810_row_4)
Added Component: Designator=PT1(PT26-51B)
Added Component: Designator=PT2(PT26-51B)
Added Component: Designator=PT3(PT26-51B)
Added Component: Designator=PT4(PT26-51B)
Added Component: Designator=PT5(PT26-51B)
Added Component: Designator=PT6(PT26-51B)
Added Component: Designator=PT7(PT26-51B)
Added Component: Designator=PT8(PT26-51B)
Added Component: Designator=PT9(PT26-51B)
Added Component: Designator=PT10(PT26-51B)
Added Component: Designator=PT11(PT26-51B)
Added Component: Designator=PT12(PT26-51B)
Added Component: Designator=PT13(PT26-51B)
Added Component: Designator=PT14(PT26-51B)
Added Component: Designator=PT15(PT26-51B)
Added Component: Designator=PT16(PT26-51B)
Added Component: Designator=PT17(PT26-51B)
Added Component: Designator=PT18(PT26-51B)
Added Component: Designator=PT19(PT26-51B)
Added Component: Designator=PT20(PT26-51B)
Added Component: Designator=PT21(PT26-51B)
Added Component: Designator=PT22(PT26-51B)
Added Component: Designator=PT23(PT26-51B)
Added Component: Designator=PT24(PT26-51B)
Added Component: Designator=PT25(PT26-51B)
Added Component: Designator=PT26(PT26-51B)
Added Component: Designator=PT27(PT26-51B)
Added Component: Designator=PT28(PT26-51B)
Added Component: Designator=PT29(PT26-51B)
Added Component: Designator=PT30(PT26-51B)
Added Component: Designator=PT31(PT26-51B)
Added Component: Designator=PT32(PT26-51B)
Added Component: Designator=PT33(PT26-51B)
Added Component: Designator=PT34(PT26-51B)
Added Component: Designator=PT35(PT26-51B)
Added Component: Designator=PT36(PT26-51B)
Added Component: Designator=PT37(PT26-51B)
Added Component: Designator=PT38(PT26-51B)
Added Component: Designator=PT39(PT26-51B)
Added Component: Designator=PT40(PT26-51B)
Added Component: Designator=PT41(PT26-51B)
Added Component: Designator=PT42(PT26-51B)
Added Component: Designator=PT43(PT26-51B)
Added Component: Designator=PT44(PT26-51B)
Added Component: Designator=PT45(PT26-51B)
Added Component: Designator=PT46(PT26-51B)
Added Component: Designator=PT47(PT26-51B)
Added Component: Designator=PT48(PT26-51B)
Added Component: Designator=PT49(PT26-51B)
Added Component: Designator=PT_R1(J1-0603)
Added Component: Designator=PT_R2(J1-0603)
Added Component: Designator=PT_R3(J1-0603)
Added Component: Designator=PT_R4(J1-0603)
Added Component: Designator=PT_R5(J1-0603)
Added Component: Designator=PT_R6(J1-0603)
Added Component: Designator=PT_R7(J1-0603)
Added Component: Designator=PT_R8(J1-0603)
Added Component: Designator=PT_R9(J1-0603)
Added Component: Designator=PT_R10(J1-0603)
Added Component: Designator=PT_R11(J1-0603)
Added Component: Designator=PT_R12(J1-0603)
Added Component: Designator=PT_R13(J1-0603)
Added Component: Designator=PT_R14(J1-0603)
Added Component: Designator=PT_R15(J1-0603)
Added Component: Designator=PT_R16(J1-0603)
Added Component: Designator=PT_R17(J1-0603)
Added Component: Designator=PT_R18(J1-0603)
Added Component: Designator=PT_R19(J1-0603)
Added Component: Designator=PT_R20(J1-0603)
Added Component: Designator=PT_R21(J1-0603)
Added Component: Designator=PT_R22(J1-0603)
Added Component: Designator=PT_R23(J1-0603)
Added Component: Designator=PT_R24(J1-0603)
Added Component: Designator=PT_R25(J1-0603)
Added Component: Designator=PT_R26(J1-0603)
Added Component: Designator=PT_R27(J1-0603)
Added Component: Designator=PT_R28(J1-0603)
Added Component: Designator=PT_R29(J1-0603)
Added Component: Designator=PT_R30(J1-0603)
Added Component: Designator=PT_R31(J1-0603)
Added Component: Designator=PT_R32(J1-0603)
Added Component: Designator=PT_R33(J1-0603)
Added Component: Designator=PT_R34(J1-0603)
Added Component: Designator=PT_R35(J1-0603)
Added Component: Designator=PT_R36(J1-0603)
Added Component: Designator=PT_R37(J1-0603)
Added Component: Designator=PT_R38(J1-0603)
Added Component: Designator=PT_R39(J1-0603)
Added Component: Designator=PT_R40(J1-0603)
Added Component: Designator=PT_R41(J1-0603)
Added Component: Designator=PT_R42(J1-0603)
Added Component: Designator=PT_R43(J1-0603)
Added Component: Designator=PT_R44(J1-0603)
Added Component: Designator=PT_R45(J1-0603)
Added Component: Designator=PT_R46(J1-0603)
Added Component: Designator=PT_R47(J1-0603)
Added Component: Designator=PT_R48(J1-0603)
Added Component: Designator=PT_R49(J1-0603)
Added Component: Designator=Q1(SOT65P220X100-3N)
Added Component: Designator=Q2(SOT65P220X100-3N)
Added Component: Designator=Q3(SOT65P220X100-3N)
Added Component: Designator=Q4(SOT65P220X100-3N)
Added Component: Designator=Q5(SOT65P220X100-3N)
Added Component: Designator=Q6(SOT65P220X100-3N)
Added Component: Designator=Q7(SOT65P220X100-3N)
Added Component: Designator=Rgs1(J1-0603)
Added Component: Designator=Rgs2(J1-0603)
Added Component: Designator=Rgs3(J1-0603)
Added Component: Designator=Rgs4(J1-0603)
Added Component: Designator=Rgs5(J1-0603)
Added Component: Designator=Rgs6(J1-0603)
Added Component: Designator=Rgs7(J1-0603)
Added Component: Designator=Rin1(J1-0603)
Added Component: Designator=Rin2(J1-0603)
Added Component: Designator=Rin3(J1-0603)
Added Component: Designator=Rin4(J1-0603)
Added Component: Designator=Rin5(J1-0603)
Added Component: Designator=Rin6(J1-0603)
Added Component: Designator=Rin7(J1-0603)
Added Component: Designator=Rin8(J1-0603)
Added Component: Designator=Rin9(J1-0603)
Added Component: Designator=Rin10(J1-0603)
Added Component: Designator=Rin11(J1-0603)
Added Component: Designator=Rin12(J1-0603)
Added Component: Designator=Rin13(J1-0603)
Added Component: Designator=Rin14(J1-0603)
Added Component: Designator=Rvs1(J1-0603)
Added Component: Designator=Rvs2(J1-0603)
Added Component: Designator=Rvs3(J1-0603)
Added Component: Designator=Rvs4(J1-0603)
Added Component: Designator=Rvs5(J1-0603)
Added Component: Designator=Rvs6(J1-0603)
Added Component: Designator=Rvs7(J1-0603)
Added Pin To Net: NetName=GND Pin=H1-19
Added Pin To Net: NetName=GND Pin=H2-1
Added Pin To Net: NetName=GND Pin=H2-2
Added Pin To Net: NetName=GND Pin=H_3_1-2
Added Pin To Net: NetName=GND Pin=IC1-2
Added Pin To Net: NetName=GND Pin=IC2-2
Added Pin To Net: NetName=GND Pin=IC3-2
Added Pin To Net: NetName=GND Pin=IC4-2
Added Pin To Net: NetName=GND Pin=IC5-2
Added Pin To Net: NetName=GND Pin=IC6-2
Added Pin To Net: NetName=GND Pin=IC7-2
Added Pin To Net: NetName=GND Pin=LED1-3
Added Pin To Net: NetName=GND Pin=LED2-3
Added Pin To Net: NetName=GND Pin=LED3-3
Added Pin To Net: NetName=GND Pin=LED4-3
Added Pin To Net: NetName=GND Pin=LED5-3
Added Pin To Net: NetName=GND Pin=LED6-3
Added Pin To Net: NetName=GND Pin=LED7-3
Added Pin To Net: NetName=GND Pin=LED8-3
Added Pin To Net: NetName=GND Pin=LED9-3
Added Pin To Net: NetName=GND Pin=LED10-3
Added Pin To Net: NetName=GND Pin=LED11-3
Added Pin To Net: NetName=GND Pin=LED12-3
Added Pin To Net: NetName=GND Pin=LED13-3
Added Pin To Net: NetName=GND Pin=LED14-3
Added Pin To Net: NetName=GND Pin=LED15-3
Added Pin To Net: NetName=GND Pin=LED16-3
Added Pin To Net: NetName=GND Pin=LED17-3
Added Pin To Net: NetName=GND Pin=LED18-3
Added Pin To Net: NetName=GND Pin=LED19-3
Added Pin To Net: NetName=GND Pin=LED20-3
Added Pin To Net: NetName=GND Pin=LED21-3
Added Pin To Net: NetName=GND Pin=LED22-3
Added Pin To Net: NetName=GND Pin=LED23-3
Added Pin To Net: NetName=GND Pin=LED24-3
Added Pin To Net: NetName=GND Pin=LED25-3
Added Pin To Net: NetName=GND Pin=LED26-3
Added Pin To Net: NetName=GND Pin=LED27-3
Added Pin To Net: NetName=GND Pin=LED28-3
Added Pin To Net: NetName=GND Pin=LED29-3
Added Pin To Net: NetName=GND Pin=LED30-3
Added Pin To Net: NetName=GND Pin=LED31-3
Added Pin To Net: NetName=GND Pin=LED32-3
Added Pin To Net: NetName=GND Pin=LED33-3
Added Pin To Net: NetName=GND Pin=LED34-3
Added Pin To Net: NetName=GND Pin=LED35-3
Added Pin To Net: NetName=GND Pin=LED36-3
Added Pin To Net: NetName=GND Pin=LED37-3
Added Pin To Net: NetName=GND Pin=LED38-3
Added Pin To Net: NetName=GND Pin=LED39-3
Added Pin To Net: NetName=GND Pin=LED40-3
Added Pin To Net: NetName=GND Pin=LED41-3
Added Pin To Net: NetName=GND Pin=LED42-3
Added Pin To Net: NetName=GND Pin=LED43-3
Added Pin To Net: NetName=GND Pin=LED44-3
Added Pin To Net: NetName=GND Pin=LED45-3
Added Pin To Net: NetName=GND Pin=LED46-3
Added Pin To Net: NetName=GND Pin=LED47-3
Added Pin To Net: NetName=GND Pin=LED48-3
Added Pin To Net: NetName=GND Pin=LED49-3
Added Pin To Net: NetName=GND Pin=LED50-3
Added Pin To Net: NetName=GND Pin=LED51-3
Added Pin To Net: NetName=GND Pin=LED52-3
Added Pin To Net: NetName=GND Pin=LED53-3
Added Pin To Net: NetName=GND Pin=LED54-3
Added Pin To Net: NetName=GND Pin=LED55-3
Added Pin To Net: NetName=GND Pin=LED56-3
Added Pin To Net: NetName=GND Pin=LED57-3
Added Pin To Net: NetName=GND Pin=LED58-3
Added Pin To Net: NetName=GND Pin=LED59-3
Added Pin To Net: NetName=GND Pin=LED60-3
Added Pin To Net: NetName=GND Pin=LED61-3
Added Pin To Net: NetName=GND Pin=LED62-3
Added Pin To Net: NetName=GND Pin=LED63-3
Added Pin To Net: NetName=GND Pin=LED64-3
Added Pin To Net: NetName=GND Pin=MUX1-8
Added Pin To Net: NetName=GND Pin=MUX2-8
Added Pin To Net: NetName=GND Pin=P1-3
Added Pin To Net: NetName=GND Pin=P3-3
Added Pin To Net: NetName=GND Pin=P5-3
Added Pin To Net: NetName=GND Pin=P7-3
Added Pin To Net: NetName=GND Pin=PT_R1-1
Added Pin To Net: NetName=GND Pin=PT_R2-1
Added Pin To Net: NetName=GND Pin=PT_R3-1
Added Pin To Net: NetName=GND Pin=PT_R4-1
Added Pin To Net: NetName=GND Pin=PT_R5-1
Added Pin To Net: NetName=GND Pin=PT_R6-1
Added Pin To Net: NetName=GND Pin=PT_R7-1
Added Pin To Net: NetName=GND Pin=PT_R8-1
Added Pin To Net: NetName=GND Pin=PT_R9-1
Added Pin To Net: NetName=GND Pin=PT_R10-1
Added Pin To Net: NetName=GND Pin=PT_R11-1
Added Pin To Net: NetName=GND Pin=PT_R12-1
Added Pin To Net: NetName=GND Pin=PT_R13-1
Added Pin To Net: NetName=GND Pin=PT_R14-1
Added Pin To Net: NetName=GND Pin=PT_R15-1
Added Pin To Net: NetName=GND Pin=PT_R16-1
Added Pin To Net: NetName=GND Pin=PT_R17-1
Added Pin To Net: NetName=GND Pin=PT_R18-1
Added Pin To Net: NetName=GND Pin=PT_R19-1
Added Pin To Net: NetName=GND Pin=PT_R20-1
Added Pin To Net: NetName=GND Pin=PT_R21-1
Added Pin To Net: NetName=GND Pin=PT_R22-1
Added Pin To Net: NetName=GND Pin=PT_R23-1
Added Pin To Net: NetName=GND Pin=PT_R24-1
Added Pin To Net: NetName=GND Pin=PT_R25-1
Added Pin To Net: NetName=GND Pin=PT_R26-1
Added Pin To Net: NetName=GND Pin=PT_R27-1
Added Pin To Net: NetName=GND Pin=PT_R28-1
Added Pin To Net: NetName=GND Pin=PT_R29-1
Added Pin To Net: NetName=GND Pin=PT_R30-1
Added Pin To Net: NetName=GND Pin=PT_R31-1
Added Pin To Net: NetName=GND Pin=PT_R32-1
Added Pin To Net: NetName=GND Pin=PT_R33-1
Added Pin To Net: NetName=GND Pin=PT_R34-1
Added Pin To Net: NetName=GND Pin=PT_R35-1
Added Pin To Net: NetName=GND Pin=PT_R36-1
Added Pin To Net: NetName=GND Pin=PT_R37-1
Added Pin To Net: NetName=GND Pin=PT_R38-1
Added Pin To Net: NetName=GND Pin=PT_R39-1
Added Pin To Net: NetName=GND Pin=PT_R40-1
Added Pin To Net: NetName=GND Pin=PT_R41-1
Added Pin To Net: NetName=GND Pin=PT_R42-1
Added Pin To Net: NetName=GND Pin=PT_R43-1
Added Pin To Net: NetName=GND Pin=PT_R44-1
Added Pin To Net: NetName=GND Pin=PT_R45-1
Added Pin To Net: NetName=GND Pin=PT_R46-1
Added Pin To Net: NetName=GND Pin=PT_R47-1
Added Pin To Net: NetName=GND Pin=PT_R48-1
Added Pin To Net: NetName=GND Pin=PT_R49-1
Added Pin To Net: NetName=GND Pin=Rgs1-2
Added Pin To Net: NetName=GND Pin=Rgs2-2
Added Pin To Net: NetName=GND Pin=Rgs3-2
Added Pin To Net: NetName=GND Pin=Rgs4-2
Added Pin To Net: NetName=GND Pin=Rgs5-2
Added Pin To Net: NetName=GND Pin=Rgs6-2
Added Pin To Net: NetName=GND Pin=Rgs7-2
Added Net: Name=GND
Added Pin To Net: NetName=NetH1_1 Pin=H1-1
Added Pin To Net: NetName=NetH1_1 Pin=MUX1-11
Added Net: Name=NetH1_1
Added Pin To Net: NetName=NetH1_2 Pin=H1-2
Added Pin To Net: NetName=NetH1_2 Pin=MUX1-10
Added Net: Name=NetH1_2
Added Pin To Net: NetName=NetH1_3 Pin=H1-3
Added Pin To Net: NetName=NetH1_3 Pin=MUX1-9
Added Net: Name=NetH1_3
Added Pin To Net: NetName=NetH1_4 Pin=H1-4
Added Pin To Net: NetName=NetH1_4 Pin=MUX2-11
Added Net: Name=NetH1_4
Added Pin To Net: NetName=NetH1_5 Pin=H1-5
Added Pin To Net: NetName=NetH1_5 Pin=MUX2-10
Added Net: Name=NetH1_5
Added Pin To Net: NetName=NetH1_6 Pin=H1-6
Added Pin To Net: NetName=NetH1_6 Pin=MUX2-9
Added Net: Name=NetH1_6
Added Pin To Net: NetName=NetH1_7 Pin=H1-7
Added Net: Name=NetH1_7
Added Pin To Net: NetName=NetH1_8 Pin=H1-8
Added Net: Name=NetH1_8
Added Pin To Net: NetName=NetH1_9 Pin=H1-9
Added Net: Name=NetH1_9
Added Pin To Net: NetName=NetH1_10 Pin=H1-10
Added Net: Name=NetH1_10
Added Pin To Net: NetName=NetH1_14 Pin=H1-14
Added Pin To Net: NetName=NetH1_14 Pin=P2-3
Added Pin To Net: NetName=NetH1_14 Pin=P4-3
Added Pin To Net: NetName=NetH1_14 Pin=P6-3
Added Pin To Net: NetName=NetH1_14 Pin=P8-3
Added Net: Name=NetH1_14
Added Pin To Net: NetName=NetH1_15 Pin=H1-15
Added Pin To Net: NetName=NetH1_15 Pin=P2-2
Added Pin To Net: NetName=NetH1_15 Pin=P4-2
Added Pin To Net: NetName=NetH1_15 Pin=P6-2
Added Pin To Net: NetName=NetH1_15 Pin=P8-2
Added Net: Name=NetH1_15
Added Pin To Net: NetName=NetH2_5 Pin=H2-5
Added Pin To Net: NetName=NetH2_5 Pin=LED1-2
Added Net: Name=NetH2_5
Added Pin To Net: NetName=NetH2_6 Pin=H2-6
Added Pin To Net: NetName=NetH2_6 Pin=LED1-1
Added Net: Name=NetH2_6
Added Pin To Net: NetName=NetH2_10 Pin=H2-10
Added Pin To Net: NetName=NetH2_10 Pin=PT7-1
Added Pin To Net: NetName=NetH2_10 Pin=PT14-1
Added Pin To Net: NetName=NetH2_10 Pin=PT21-1
Added Pin To Net: NetName=NetH2_10 Pin=PT28-1
Added Pin To Net: NetName=NetH2_10 Pin=PT35-1
Added Pin To Net: NetName=NetH2_10 Pin=PT42-1
Added Pin To Net: NetName=NetH2_10 Pin=PT49-1
Added Pin To Net: NetName=NetH2_10 Pin=PT_R7-2
Added Pin To Net: NetName=NetH2_10 Pin=PT_R14-2
Added Pin To Net: NetName=NetH2_10 Pin=PT_R21-2
Added Pin To Net: NetName=NetH2_10 Pin=PT_R28-2
Added Pin To Net: NetName=NetH2_10 Pin=PT_R35-2
Added Pin To Net: NetName=NetH2_10 Pin=PT_R42-2
Added Pin To Net: NetName=NetH2_10 Pin=PT_R49-2
Added Net: Name=NetH2_10
Added Pin To Net: NetName=NetH2_11 Pin=H2-11
Added Pin To Net: NetName=NetH2_11 Pin=PT6-1
Added Pin To Net: NetName=NetH2_11 Pin=PT13-1
Added Pin To Net: NetName=NetH2_11 Pin=PT20-1
Added Pin To Net: NetName=NetH2_11 Pin=PT27-1
Added Pin To Net: NetName=NetH2_11 Pin=PT34-1
Added Pin To Net: NetName=NetH2_11 Pin=PT41-1
Added Pin To Net: NetName=NetH2_11 Pin=PT48-1
Added Pin To Net: NetName=NetH2_11 Pin=PT_R6-2
Added Pin To Net: NetName=NetH2_11 Pin=PT_R13-2
Added Pin To Net: NetName=NetH2_11 Pin=PT_R20-2
Added Pin To Net: NetName=NetH2_11 Pin=PT_R27-2
Added Pin To Net: NetName=NetH2_11 Pin=PT_R34-2
Added Pin To Net: NetName=NetH2_11 Pin=PT_R41-2
Added Pin To Net: NetName=NetH2_11 Pin=PT_R48-2
Added Net: Name=NetH2_11
Added Pin To Net: NetName=NetH2_12 Pin=H2-12
Added Pin To Net: NetName=NetH2_12 Pin=PT5-1
Added Pin To Net: NetName=NetH2_12 Pin=PT12-1
Added Pin To Net: NetName=NetH2_12 Pin=PT19-1
Added Pin To Net: NetName=NetH2_12 Pin=PT26-1
Added Pin To Net: NetName=NetH2_12 Pin=PT33-1
Added Pin To Net: NetName=NetH2_12 Pin=PT40-1
Added Pin To Net: NetName=NetH2_12 Pin=PT47-1
Added Pin To Net: NetName=NetH2_12 Pin=PT_R5-2
Added Pin To Net: NetName=NetH2_12 Pin=PT_R12-2
Added Pin To Net: NetName=NetH2_12 Pin=PT_R19-2
Added Pin To Net: NetName=NetH2_12 Pin=PT_R26-2
Added Pin To Net: NetName=NetH2_12 Pin=PT_R33-2
Added Pin To Net: NetName=NetH2_12 Pin=PT_R40-2
Added Pin To Net: NetName=NetH2_12 Pin=PT_R47-2
Added Net: Name=NetH2_12
Added Pin To Net: NetName=NetH2_13 Pin=H2-13
Added Pin To Net: NetName=NetH2_13 Pin=PT4-1
Added Pin To Net: NetName=NetH2_13 Pin=PT11-1
Added Pin To Net: NetName=NetH2_13 Pin=PT18-1
Added Pin To Net: NetName=NetH2_13 Pin=PT25-1
Added Pin To Net: NetName=NetH2_13 Pin=PT32-1
Added Pin To Net: NetName=NetH2_13 Pin=PT39-1
Added Pin To Net: NetName=NetH2_13 Pin=PT46-1
Added Pin To Net: NetName=NetH2_13 Pin=PT_R4-2
Added Pin To Net: NetName=NetH2_13 Pin=PT_R11-2
Added Pin To Net: NetName=NetH2_13 Pin=PT_R18-2
Added Pin To Net: NetName=NetH2_13 Pin=PT_R25-2
Added Pin To Net: NetName=NetH2_13 Pin=PT_R32-2
Added Pin To Net: NetName=NetH2_13 Pin=PT_R39-2
Added Pin To Net: NetName=NetH2_13 Pin=PT_R46-2
Added Net: Name=NetH2_13
Added Pin To Net: NetName=NetH2_14 Pin=H2-14
Added Pin To Net: NetName=NetH2_14 Pin=PT3-1
Added Pin To Net: NetName=NetH2_14 Pin=PT10-1
Added Pin To Net: NetName=NetH2_14 Pin=PT17-1
Added Pin To Net: NetName=NetH2_14 Pin=PT24-1
Added Pin To Net: NetName=NetH2_14 Pin=PT31-1
Added Pin To Net: NetName=NetH2_14 Pin=PT38-1
Added Pin To Net: NetName=NetH2_14 Pin=PT45-1
Added Pin To Net: NetName=NetH2_14 Pin=PT_R3-2
Added Pin To Net: NetName=NetH2_14 Pin=PT_R10-2
Added Pin To Net: NetName=NetH2_14 Pin=PT_R17-2
Added Pin To Net: NetName=NetH2_14 Pin=PT_R24-2
Added Pin To Net: NetName=NetH2_14 Pin=PT_R31-2
Added Pin To Net: NetName=NetH2_14 Pin=PT_R38-2
Added Pin To Net: NetName=NetH2_14 Pin=PT_R45-2
Added Net: Name=NetH2_14
Added Pin To Net: NetName=NetH2_15 Pin=H2-15
Added Pin To Net: NetName=NetH2_15 Pin=PT2-1
Added Pin To Net: NetName=NetH2_15 Pin=PT9-1
Added Pin To Net: NetName=NetH2_15 Pin=PT16-1
Added Pin To Net: NetName=NetH2_15 Pin=PT23-1
Added Pin To Net: NetName=NetH2_15 Pin=PT30-1
Added Pin To Net: NetName=NetH2_15 Pin=PT37-1
Added Pin To Net: NetName=NetH2_15 Pin=PT44-1
Added Pin To Net: NetName=NetH2_15 Pin=PT_R2-2
Added Pin To Net: NetName=NetH2_15 Pin=PT_R9-2
Added Pin To Net: NetName=NetH2_15 Pin=PT_R16-2
Added Pin To Net: NetName=NetH2_15 Pin=PT_R23-2
Added Pin To Net: NetName=NetH2_15 Pin=PT_R30-2
Added Pin To Net: NetName=NetH2_15 Pin=PT_R37-2
Added Pin To Net: NetName=NetH2_15 Pin=PT_R44-2
Added Net: Name=NetH2_15
Added Pin To Net: NetName=NetH2_16 Pin=H2-16
Added Pin To Net: NetName=NetH2_16 Pin=PT1-1
Added Pin To Net: NetName=NetH2_16 Pin=PT8-1
Added Pin To Net: NetName=NetH2_16 Pin=PT15-1
Added Pin To Net: NetName=NetH2_16 Pin=PT22-1
Added Pin To Net: NetName=NetH2_16 Pin=PT29-1
Added Pin To Net: NetName=NetH2_16 Pin=PT36-1
Added Pin To Net: NetName=NetH2_16 Pin=PT43-1
Added Pin To Net: NetName=NetH2_16 Pin=PT_R1-2
Added Pin To Net: NetName=NetH2_16 Pin=PT_R8-2
Added Pin To Net: NetName=NetH2_16 Pin=PT_R15-2
Added Pin To Net: NetName=NetH2_16 Pin=PT_R22-2
Added Pin To Net: NetName=NetH2_16 Pin=PT_R29-2
Added Pin To Net: NetName=NetH2_16 Pin=PT_R36-2
Added Pin To Net: NetName=NetH2_16 Pin=PT_R43-2
Added Net: Name=NetH2_16
Added Pin To Net: NetName=NetH_3_1_3 Pin=H_3_1-3
Added Pin To Net: NetName=NetH_3_1_3 Pin=P1-2
Added Pin To Net: NetName=NetH_3_1_3 Pin=P2-1
Added Pin To Net: NetName=NetH_3_1_3 Pin=P3-2
Added Pin To Net: NetName=NetH_3_1_3 Pin=P4-1
Added Pin To Net: NetName=NetH_3_1_3 Pin=P5-2
Added Pin To Net: NetName=NetH_3_1_3 Pin=P6-1
Added Pin To Net: NetName=NetH_3_1_3 Pin=P7-2
Added Pin To Net: NetName=NetH_3_1_3 Pin=P8-1
Added Net: Name=NetH_3_1_3
Added Pin To Net: NetName=NetIC1_1 Pin=IC1-1
Added Pin To Net: NetName=NetIC1_1 Pin=Rgs1-1
Added Pin To Net: NetName=NetIC1_1 Pin=Rin8-2
Added Net: Name=NetIC1_1
Added Pin To Net: NetName=NetIC1_3 Pin=IC1-3
Added Pin To Net: NetName=NetIC1_3 Pin=IR_R1-1
Added Pin To Net: NetName=NetIC1_3 Pin=IR_R8-1
Added Pin To Net: NetName=NetIC1_3 Pin=IR_R15-1
Added Pin To Net: NetName=NetIC1_3 Pin=IR_R22-1
Added Pin To Net: NetName=NetIC1_3 Pin=IR_R29-1
Added Pin To Net: NetName=NetIC1_3 Pin=IR_R36-1
Added Pin To Net: NetName=NetIC1_3 Pin=IR_R43-1
Added Net: Name=NetIC1_3
Added Pin To Net: NetName=NetIC2_1 Pin=IC2-1
Added Pin To Net: NetName=NetIC2_1 Pin=Rgs2-1
Added Pin To Net: NetName=NetIC2_1 Pin=Rin9-2
Added Net: Name=NetIC2_1
Added Pin To Net: NetName=NetIC2_3 Pin=IC2-3
Added Pin To Net: NetName=NetIC2_3 Pin=IR_R2-1
Added Pin To Net: NetName=NetIC2_3 Pin=IR_R9-1
Added Pin To Net: NetName=NetIC2_3 Pin=IR_R16-1
Added Pin To Net: NetName=NetIC2_3 Pin=IR_R23-1
Added Pin To Net: NetName=NetIC2_3 Pin=IR_R30-1
Added Pin To Net: NetName=NetIC2_3 Pin=IR_R37-1
Added Pin To Net: NetName=NetIC2_3 Pin=IR_R44-1
Added Net: Name=NetIC2_3
Added Pin To Net: NetName=NetIC3_1 Pin=IC3-1
Added Pin To Net: NetName=NetIC3_1 Pin=Rgs3-1
Added Pin To Net: NetName=NetIC3_1 Pin=Rin10-2
Added Net: Name=NetIC3_1
Added Pin To Net: NetName=NetIC3_3 Pin=IC3-3
Added Pin To Net: NetName=NetIC3_3 Pin=IR_R3-1
Added Pin To Net: NetName=NetIC3_3 Pin=IR_R10-1
Added Pin To Net: NetName=NetIC3_3 Pin=IR_R17-1
Added Pin To Net: NetName=NetIC3_3 Pin=IR_R24-1
Added Pin To Net: NetName=NetIC3_3 Pin=IR_R31-1
Added Pin To Net: NetName=NetIC3_3 Pin=IR_R38-1
Added Pin To Net: NetName=NetIC3_3 Pin=IR_R45-1
Added Net: Name=NetIC3_3
Added Pin To Net: NetName=NetIC4_1 Pin=IC4-1
Added Pin To Net: NetName=NetIC4_1 Pin=Rgs4-1
Added Pin To Net: NetName=NetIC4_1 Pin=Rin11-2
Added Net: Name=NetIC4_1
Added Pin To Net: NetName=NetIC4_3 Pin=IC4-3
Added Pin To Net: NetName=NetIC4_3 Pin=IR_R4-1
Added Pin To Net: NetName=NetIC4_3 Pin=IR_R11-1
Added Pin To Net: NetName=NetIC4_3 Pin=IR_R18-1
Added Pin To Net: NetName=NetIC4_3 Pin=IR_R25-1
Added Pin To Net: NetName=NetIC4_3 Pin=IR_R32-1
Added Pin To Net: NetName=NetIC4_3 Pin=IR_R39-1
Added Pin To Net: NetName=NetIC4_3 Pin=IR_R46-1
Added Net: Name=NetIC4_3
Added Pin To Net: NetName=NetIC5_1 Pin=IC5-1
Added Pin To Net: NetName=NetIC5_1 Pin=Rgs5-1
Added Pin To Net: NetName=NetIC5_1 Pin=Rin12-2
Added Net: Name=NetIC5_1
Added Pin To Net: NetName=NetIC5_3 Pin=IC5-3
Added Pin To Net: NetName=NetIC5_3 Pin=IR_R5-1
Added Pin To Net: NetName=NetIC5_3 Pin=IR_R12-1
Added Pin To Net: NetName=NetIC5_3 Pin=IR_R19-1
Added Pin To Net: NetName=NetIC5_3 Pin=IR_R26-1
Added Pin To Net: NetName=NetIC5_3 Pin=IR_R33-1
Added Pin To Net: NetName=NetIC5_3 Pin=IR_R40-1
Added Pin To Net: NetName=NetIC5_3 Pin=IR_R47-1
Added Net: Name=NetIC5_3
Added Pin To Net: NetName=NetIC6_1 Pin=IC6-1
Added Pin To Net: NetName=NetIC6_1 Pin=Rgs6-1
Added Pin To Net: NetName=NetIC6_1 Pin=Rin13-2
Added Net: Name=NetIC6_1
Added Pin To Net: NetName=NetIC6_3 Pin=IC6-3
Added Pin To Net: NetName=NetIC6_3 Pin=IR_R6-1
Added Pin To Net: NetName=NetIC6_3 Pin=IR_R13-1
Added Pin To Net: NetName=NetIC6_3 Pin=IR_R20-1
Added Pin To Net: NetName=NetIC6_3 Pin=IR_R27-1
Added Pin To Net: NetName=NetIC6_3 Pin=IR_R34-1
Added Pin To Net: NetName=NetIC6_3 Pin=IR_R41-1
Added Pin To Net: NetName=NetIC6_3 Pin=IR_R48-1
Added Net: Name=NetIC6_3
Added Pin To Net: NetName=NetIC7_1 Pin=IC7-1
Added Pin To Net: NetName=NetIC7_1 Pin=Rgs7-1
Added Pin To Net: NetName=NetIC7_1 Pin=Rin14-2
Added Net: Name=NetIC7_1
Added Pin To Net: NetName=NetIC7_3 Pin=IC7-3
Added Pin To Net: NetName=NetIC7_3 Pin=IR_R7-1
Added Pin To Net: NetName=NetIC7_3 Pin=IR_R14-1
Added Pin To Net: NetName=NetIC7_3 Pin=IR_R21-1
Added Pin To Net: NetName=NetIC7_3 Pin=IR_R28-1
Added Pin To Net: NetName=NetIC7_3 Pin=IR_R35-1
Added Pin To Net: NetName=NetIC7_3 Pin=IR_R42-1
Added Pin To Net: NetName=NetIC7_3 Pin=IR_R49-1
Added Net: Name=NetIC7_3
Added Pin To Net: NetName=NetIR1_1 Pin=IR1-1
Added Pin To Net: NetName=NetIR1_1 Pin=IR2-1
Added Pin To Net: NetName=NetIR1_1 Pin=IR3-1
Added Pin To Net: NetName=NetIR1_1 Pin=IR4-1
Added Pin To Net: NetName=NetIR1_1 Pin=IR5-1
Added Pin To Net: NetName=NetIR1_1 Pin=IR6-1
Added Pin To Net: NetName=NetIR1_1 Pin=IR7-1
Added Pin To Net: NetName=NetIR1_1 Pin=PT1-2
Added Pin To Net: NetName=NetIR1_1 Pin=PT2-2
Added Pin To Net: NetName=NetIR1_1 Pin=PT3-2
Added Pin To Net: NetName=NetIR1_1 Pin=PT4-2
Added Pin To Net: NetName=NetIR1_1 Pin=PT5-2
Added Pin To Net: NetName=NetIR1_1 Pin=PT6-2
Added Pin To Net: NetName=NetIR1_1 Pin=PT7-2
Added Pin To Net: NetName=NetIR1_1 Pin=Q1-3
Added Net: Name=NetIR1_1
Added Pin To Net: NetName=NetIR1_2 Pin=IR1-2
Added Pin To Net: NetName=NetIR1_2 Pin=IR_R1-2
Added Net: Name=NetIR1_2
Added Pin To Net: NetName=NetIR2_2 Pin=IR2-2
Added Pin To Net: NetName=NetIR2_2 Pin=IR_R2-2
Added Net: Name=NetIR2_2
Added Pin To Net: NetName=NetIR3_2 Pin=IR3-2
Added Pin To Net: NetName=NetIR3_2 Pin=IR_R3-2
Added Net: Name=NetIR3_2
Added Pin To Net: NetName=NetIR4_2 Pin=IR4-2
Added Pin To Net: NetName=NetIR4_2 Pin=IR_R4-2
Added Net: Name=NetIR4_2
Added Pin To Net: NetName=NetIR5_2 Pin=IR5-2
Added Pin To Net: NetName=NetIR5_2 Pin=IR_R5-2
Added Net: Name=NetIR5_2
Added Pin To Net: NetName=NetIR6_2 Pin=IR6-2
Added Pin To Net: NetName=NetIR6_2 Pin=IR_R6-2
Added Net: Name=NetIR6_2
Added Pin To Net: NetName=NetIR7_2 Pin=IR7-2
Added Pin To Net: NetName=NetIR7_2 Pin=IR_R7-2
Added Net: Name=NetIR7_2
Added Pin To Net: NetName=NetIR8_1 Pin=IR8-1
Added Pin To Net: NetName=NetIR8_1 Pin=IR9-1
Added Pin To Net: NetName=NetIR8_1 Pin=IR10-1
Added Pin To Net: NetName=NetIR8_1 Pin=IR11-1
Added Pin To Net: NetName=NetIR8_1 Pin=IR12-1
Added Pin To Net: NetName=NetIR8_1 Pin=IR13-1
Added Pin To Net: NetName=NetIR8_1 Pin=IR14-1
Added Pin To Net: NetName=NetIR8_1 Pin=PT8-2
Added Pin To Net: NetName=NetIR8_1 Pin=PT9-2
Added Pin To Net: NetName=NetIR8_1 Pin=PT10-2
Added Pin To Net: NetName=NetIR8_1 Pin=PT11-2
Added Pin To Net: NetName=NetIR8_1 Pin=PT12-2
Added Pin To Net: NetName=NetIR8_1 Pin=PT13-2
Added Pin To Net: NetName=NetIR8_1 Pin=PT14-2
Added Pin To Net: NetName=NetIR8_1 Pin=Q2-3
Added Net: Name=NetIR8_1
Added Pin To Net: NetName=NetIR8_2 Pin=IR8-2
Added Pin To Net: NetName=NetIR8_2 Pin=IR_R8-2
Added Net: Name=NetIR8_2
Added Pin To Net: NetName=NetIR9_2 Pin=IR9-2
Added Pin To Net: NetName=NetIR9_2 Pin=IR_R9-2
Added Net: Name=NetIR9_2
Added Pin To Net: NetName=NetIR10_2 Pin=IR10-2
Added Pin To Net: NetName=NetIR10_2 Pin=IR_R10-2
Added Net: Name=NetIR10_2
Added Pin To Net: NetName=NetIR11_2 Pin=IR11-2
Added Pin To Net: NetName=NetIR11_2 Pin=IR_R11-2
Added Net: Name=NetIR11_2
Added Pin To Net: NetName=NetIR12_2 Pin=IR12-2
Added Pin To Net: NetName=NetIR12_2 Pin=IR_R12-2
Added Net: Name=NetIR12_2
Added Pin To Net: NetName=NetIR13_2 Pin=IR13-2
Added Pin To Net: NetName=NetIR13_2 Pin=IR_R13-2
Added Net: Name=NetIR13_2
Added Pin To Net: NetName=NetIR14_2 Pin=IR14-2
Added Pin To Net: NetName=NetIR14_2 Pin=IR_R14-2
Added Net: Name=NetIR14_2
Added Pin To Net: NetName=NetIR15_1 Pin=IR15-1
Added Pin To Net: NetName=NetIR15_1 Pin=IR16-1
Added Pin To Net: NetName=NetIR15_1 Pin=IR17-1
Added Pin To Net: NetName=NetIR15_1 Pin=IR18-1
Added Pin To Net: NetName=NetIR15_1 Pin=IR19-1
Added Pin To Net: NetName=NetIR15_1 Pin=IR20-1
Added Pin To Net: NetName=NetIR15_1 Pin=IR21-1
Added Pin To Net: NetName=NetIR15_1 Pin=PT15-2
Added Pin To Net: NetName=NetIR15_1 Pin=PT16-2
Added Pin To Net: NetName=NetIR15_1 Pin=PT17-2
Added Pin To Net: NetName=NetIR15_1 Pin=PT18-2
Added Pin To Net: NetName=NetIR15_1 Pin=PT19-2
Added Pin To Net: NetName=NetIR15_1 Pin=PT20-2
Added Pin To Net: NetName=NetIR15_1 Pin=PT21-2
Added Pin To Net: NetName=NetIR15_1 Pin=Q3-3
Added Net: Name=NetIR15_1
Added Pin To Net: NetName=NetIR15_2 Pin=IR15-2
Added Pin To Net: NetName=NetIR15_2 Pin=IR_R15-2
Added Net: Name=NetIR15_2
Added Pin To Net: NetName=NetIR16_2 Pin=IR16-2
Added Pin To Net: NetName=NetIR16_2 Pin=IR_R16-2
Added Net: Name=NetIR16_2
Added Pin To Net: NetName=NetIR17_2 Pin=IR17-2
Added Pin To Net: NetName=NetIR17_2 Pin=IR_R17-2
Added Net: Name=NetIR17_2
Added Pin To Net: NetName=NetIR18_2 Pin=IR18-2
Added Pin To Net: NetName=NetIR18_2 Pin=IR_R18-2
Added Net: Name=NetIR18_2
Added Pin To Net: NetName=NetIR19_2 Pin=IR19-2
Added Pin To Net: NetName=NetIR19_2 Pin=IR_R19-2
Added Net: Name=NetIR19_2
Added Pin To Net: NetName=NetIR20_2 Pin=IR20-2
Added Pin To Net: NetName=NetIR20_2 Pin=IR_R20-2
Added Net: Name=NetIR20_2
Added Pin To Net: NetName=NetIR21_2 Pin=IR21-2
Added Pin To Net: NetName=NetIR21_2 Pin=IR_R21-2
Added Net: Name=NetIR21_2
Added Pin To Net: NetName=NetIR22_1 Pin=IR22-1
Added Pin To Net: NetName=NetIR22_1 Pin=IR23-1
Added Pin To Net: NetName=NetIR22_1 Pin=IR24-1
Added Pin To Net: NetName=NetIR22_1 Pin=IR25-1
Added Pin To Net: NetName=NetIR22_1 Pin=IR26-1
Added Pin To Net: NetName=NetIR22_1 Pin=IR27-1
Added Pin To Net: NetName=NetIR22_1 Pin=IR28-1
Added Pin To Net: NetName=NetIR22_1 Pin=PT22-2
Added Pin To Net: NetName=NetIR22_1 Pin=PT23-2
Added Pin To Net: NetName=NetIR22_1 Pin=PT24-2
Added Pin To Net: NetName=NetIR22_1 Pin=PT25-2
Added Pin To Net: NetName=NetIR22_1 Pin=PT26-2
Added Pin To Net: NetName=NetIR22_1 Pin=PT27-2
Added Pin To Net: NetName=NetIR22_1 Pin=PT28-2
Added Pin To Net: NetName=NetIR22_1 Pin=Q4-3
Added Net: Name=NetIR22_1
Added Pin To Net: NetName=NetIR22_2 Pin=IR22-2
Added Pin To Net: NetName=NetIR22_2 Pin=IR_R22-2
Added Net: Name=NetIR22_2
Added Pin To Net: NetName=NetIR23_2 Pin=IR23-2
Added Pin To Net: NetName=NetIR23_2 Pin=IR_R23-2
Added Net: Name=NetIR23_2
Added Pin To Net: NetName=NetIR24_2 Pin=IR24-2
Added Pin To Net: NetName=NetIR24_2 Pin=IR_R24-2
Added Net: Name=NetIR24_2
Added Pin To Net: NetName=NetIR25_2 Pin=IR25-2
Added Pin To Net: NetName=NetIR25_2 Pin=IR_R25-2
Added Net: Name=NetIR25_2
Added Pin To Net: NetName=NetIR26_2 Pin=IR26-2
Added Pin To Net: NetName=NetIR26_2 Pin=IR_R26-2
Added Net: Name=NetIR26_2
Added Pin To Net: NetName=NetIR27_2 Pin=IR27-2
Added Pin To Net: NetName=NetIR27_2 Pin=IR_R27-2
Added Net: Name=NetIR27_2
Added Pin To Net: NetName=NetIR28_2 Pin=IR28-2
Added Pin To Net: NetName=NetIR28_2 Pin=IR_R28-2
Added Net: Name=NetIR28_2
Added Pin To Net: NetName=NetIR29_1 Pin=IR29-1
Added Pin To Net: NetName=NetIR29_1 Pin=IR30-1
Added Pin To Net: NetName=NetIR29_1 Pin=IR31-1
Added Pin To Net: NetName=NetIR29_1 Pin=IR32-1
Added Pin To Net: NetName=NetIR29_1 Pin=IR33-1
Added Pin To Net: NetName=NetIR29_1 Pin=IR34-1
Added Pin To Net: NetName=NetIR29_1 Pin=IR35-1
Added Pin To Net: NetName=NetIR29_1 Pin=PT29-2
Added Pin To Net: NetName=NetIR29_1 Pin=PT30-2
Added Pin To Net: NetName=NetIR29_1 Pin=PT31-2
Added Pin To Net: NetName=NetIR29_1 Pin=PT32-2
Added Pin To Net: NetName=NetIR29_1 Pin=PT33-2
Added Pin To Net: NetName=NetIR29_1 Pin=PT34-2
Added Pin To Net: NetName=NetIR29_1 Pin=PT35-2
Added Pin To Net: NetName=NetIR29_1 Pin=Q5-3
Added Net: Name=NetIR29_1
Added Pin To Net: NetName=NetIR29_2 Pin=IR29-2
Added Pin To Net: NetName=NetIR29_2 Pin=IR_R29-2
Added Net: Name=NetIR29_2
Added Pin To Net: NetName=NetIR30_2 Pin=IR30-2
Added Pin To Net: NetName=NetIR30_2 Pin=IR_R30-2
Added Net: Name=NetIR30_2
Added Pin To Net: NetName=NetIR31_2 Pin=IR31-2
Added Pin To Net: NetName=NetIR31_2 Pin=IR_R31-2
Added Net: Name=NetIR31_2
Added Pin To Net: NetName=NetIR32_2 Pin=IR32-2
Added Pin To Net: NetName=NetIR32_2 Pin=IR_R32-2
Added Net: Name=NetIR32_2
Added Pin To Net: NetName=NetIR33_2 Pin=IR33-2
Added Pin To Net: NetName=NetIR33_2 Pin=IR_R33-2
Added Net: Name=NetIR33_2
Added Pin To Net: NetName=NetIR34_2 Pin=IR34-2
Added Pin To Net: NetName=NetIR34_2 Pin=IR_R34-2
Added Net: Name=NetIR34_2
Added Pin To Net: NetName=NetIR35_2 Pin=IR35-2
Added Pin To Net: NetName=NetIR35_2 Pin=IR_R35-2
Added Net: Name=NetIR35_2
Added Pin To Net: NetName=NetIR36_1 Pin=IR36-1
Added Pin To Net: NetName=NetIR36_1 Pin=IR37-1
Added Pin To Net: NetName=NetIR36_1 Pin=IR38-1
Added Pin To Net: NetName=NetIR36_1 Pin=IR39-1
Added Pin To Net: NetName=NetIR36_1 Pin=IR40-1
Added Pin To Net: NetName=NetIR36_1 Pin=IR41-1
Added Pin To Net: NetName=NetIR36_1 Pin=IR42-1
Added Pin To Net: NetName=NetIR36_1 Pin=PT36-2
Added Pin To Net: NetName=NetIR36_1 Pin=PT37-2
Added Pin To Net: NetName=NetIR36_1 Pin=PT38-2
Added Pin To Net: NetName=NetIR36_1 Pin=PT39-2
Added Pin To Net: NetName=NetIR36_1 Pin=PT40-2
Added Pin To Net: NetName=NetIR36_1 Pin=PT41-2
Added Pin To Net: NetName=NetIR36_1 Pin=PT42-2
Added Pin To Net: NetName=NetIR36_1 Pin=Q6-3
Added Net: Name=NetIR36_1
Added Pin To Net: NetName=NetIR36_2 Pin=IR36-2
Added Pin To Net: NetName=NetIR36_2 Pin=IR_R36-2
Added Net: Name=NetIR36_2
Added Pin To Net: NetName=NetIR37_2 Pin=IR37-2
Added Pin To Net: NetName=NetIR37_2 Pin=IR_R37-2
Added Net: Name=NetIR37_2
Added Pin To Net: NetName=NetIR38_2 Pin=IR38-2
Added Pin To Net: NetName=NetIR38_2 Pin=IR_R38-2
Added Net: Name=NetIR38_2
Added Pin To Net: NetName=NetIR39_2 Pin=IR39-2
Added Pin To Net: NetName=NetIR39_2 Pin=IR_R39-2
Added Net: Name=NetIR39_2
Added Pin To Net: NetName=NetIR40_2 Pin=IR40-2
Added Pin To Net: NetName=NetIR40_2 Pin=IR_R40-2
Added Net: Name=NetIR40_2
Added Pin To Net: NetName=NetIR41_2 Pin=IR41-2
Added Pin To Net: NetName=NetIR41_2 Pin=IR_R41-2
Added Net: Name=NetIR41_2
Added Pin To Net: NetName=NetIR42_2 Pin=IR42-2
Added Pin To Net: NetName=NetIR42_2 Pin=IR_R42-2
Added Net: Name=NetIR42_2
Added Pin To Net: NetName=NetIR43_1 Pin=IR43-1
Added Pin To Net: NetName=NetIR43_1 Pin=IR44-1
Added Pin To Net: NetName=NetIR43_1 Pin=IR45-1
Added Pin To Net: NetName=NetIR43_1 Pin=IR46-1
Added Pin To Net: NetName=NetIR43_1 Pin=IR47-1
Added Pin To Net: NetName=NetIR43_1 Pin=IR48-1
Added Pin To Net: NetName=NetIR43_1 Pin=IR49-1
Added Pin To Net: NetName=NetIR43_1 Pin=PT43-2
Added Pin To Net: NetName=NetIR43_1 Pin=PT44-2
Added Pin To Net: NetName=NetIR43_1 Pin=PT45-2
Added Pin To Net: NetName=NetIR43_1 Pin=PT46-2
Added Pin To Net: NetName=NetIR43_1 Pin=PT47-2
Added Pin To Net: NetName=NetIR43_1 Pin=PT48-2
Added Pin To Net: NetName=NetIR43_1 Pin=PT49-2
Added Pin To Net: NetName=NetIR43_1 Pin=Q7-3
Added Net: Name=NetIR43_1
Added Pin To Net: NetName=NetIR43_2 Pin=IR43-2
Added Pin To Net: NetName=NetIR43_2 Pin=IR_R43-2
Added Net: Name=NetIR43_2
Added Pin To Net: NetName=NetIR44_2 Pin=IR44-2
Added Pin To Net: NetName=NetIR44_2 Pin=IR_R44-2
Added Net: Name=NetIR44_2
Added Pin To Net: NetName=NetIR45_2 Pin=IR45-2
Added Pin To Net: NetName=NetIR45_2 Pin=IR_R45-2
Added Net: Name=NetIR45_2
Added Pin To Net: NetName=NetIR46_2 Pin=IR46-2
Added Pin To Net: NetName=NetIR46_2 Pin=IR_R46-2
Added Net: Name=NetIR46_2
Added Pin To Net: NetName=NetIR47_2 Pin=IR47-2
Added Pin To Net: NetName=NetIR47_2 Pin=IR_R47-2
Added Net: Name=NetIR47_2
Added Pin To Net: NetName=NetIR48_2 Pin=IR48-2
Added Pin To Net: NetName=NetIR48_2 Pin=IR_R48-2
Added Net: Name=NetIR48_2
Added Pin To Net: NetName=NetIR49_2 Pin=IR49-2
Added Pin To Net: NetName=NetIR49_2 Pin=IR_R49-2
Added Net: Name=NetIR49_2
Added Pin To Net: NetName=NetLED1_5 Pin=LED1-5
Added Pin To Net: NetName=NetLED1_5 Pin=LED2-2
Added Net: Name=NetLED1_5
Added Pin To Net: NetName=NetLED1_6 Pin=LED1-6
Added Pin To Net: NetName=NetLED1_6 Pin=LED2-1
Added Net: Name=NetLED1_6
Added Pin To Net: NetName=NetLED2_5 Pin=LED2-5
Added Pin To Net: NetName=NetLED2_5 Pin=LED3-2
Added Net: Name=NetLED2_5
Added Pin To Net: NetName=NetLED2_6 Pin=LED2-6
Added Pin To Net: NetName=NetLED2_6 Pin=LED3-1
Added Net: Name=NetLED2_6
Added Pin To Net: NetName=NetLED3_5 Pin=LED3-5
Added Pin To Net: NetName=NetLED3_5 Pin=LED4-2
Added Net: Name=NetLED3_5
Added Pin To Net: NetName=NetLED3_6 Pin=LED3-6
Added Pin To Net: NetName=NetLED3_6 Pin=LED4-1
Added Net: Name=NetLED3_6
Added Pin To Net: NetName=NetLED4_5 Pin=LED4-5
Added Pin To Net: NetName=NetLED4_5 Pin=LED5-2
Added Net: Name=NetLED4_5
Added Pin To Net: NetName=NetLED4_6 Pin=LED4-6
Added Pin To Net: NetName=NetLED4_6 Pin=LED5-1
Added Net: Name=NetLED4_6
Added Pin To Net: NetName=NetLED5_5 Pin=LED5-5
Added Pin To Net: NetName=NetLED5_5 Pin=LED6-2
Added Net: Name=NetLED5_5
Added Pin To Net: NetName=NetLED5_6 Pin=LED5-6
Added Pin To Net: NetName=NetLED5_6 Pin=LED6-1
Added Net: Name=NetLED5_6
Added Pin To Net: NetName=NetLED6_5 Pin=LED6-5
Added Pin To Net: NetName=NetLED6_5 Pin=LED7-2
Added Net: Name=NetLED6_5
Added Pin To Net: NetName=NetLED6_6 Pin=LED6-6
Added Pin To Net: NetName=NetLED6_6 Pin=LED7-1
Added Net: Name=NetLED6_6
Added Pin To Net: NetName=NetLED7_5 Pin=LED7-5
Added Pin To Net: NetName=NetLED7_5 Pin=LED8-2
Added Net: Name=NetLED7_5
Added Pin To Net: NetName=NetLED7_6 Pin=LED7-6
Added Pin To Net: NetName=NetLED7_6 Pin=LED8-1
Added Net: Name=NetLED7_6
Added Pin To Net: NetName=NetLED8_5 Pin=LED8-5
Added Pin To Net: NetName=NetLED8_5 Pin=LED16-6
Added Net: Name=NetLED8_5
Added Pin To Net: NetName=NetLED8_6 Pin=LED8-6
Added Pin To Net: NetName=NetLED8_6 Pin=LED16-5
Added Net: Name=NetLED8_6
Added Pin To Net: NetName=NetLED9_1 Pin=LED9-1
Added Pin To Net: NetName=NetLED9_1 Pin=LED17-2
Added Net: Name=NetLED9_1
Added Pin To Net: NetName=NetLED9_2 Pin=LED9-2
Added Pin To Net: NetName=NetLED9_2 Pin=LED17-1
Added Net: Name=NetLED9_2
Added Pin To Net: NetName=NetLED9_5 Pin=LED9-5
Added Pin To Net: NetName=NetLED9_5 Pin=LED10-2
Added Net: Name=NetLED9_5
Added Pin To Net: NetName=NetLED9_6 Pin=LED9-6
Added Pin To Net: NetName=NetLED9_6 Pin=LED10-1
Added Net: Name=NetLED9_6
Added Pin To Net: NetName=NetLED10_5 Pin=LED10-5
Added Pin To Net: NetName=NetLED10_5 Pin=LED11-2
Added Net: Name=NetLED10_5
Added Pin To Net: NetName=NetLED10_6 Pin=LED10-6
Added Pin To Net: NetName=NetLED10_6 Pin=LED11-1
Added Net: Name=NetLED10_6
Added Pin To Net: NetName=NetLED11_5 Pin=LED11-5
Added Pin To Net: NetName=NetLED11_5 Pin=LED12-2
Added Net: Name=NetLED11_5
Added Pin To Net: NetName=NetLED11_6 Pin=LED11-6
Added Pin To Net: NetName=NetLED11_6 Pin=LED12-1
Added Net: Name=NetLED11_6
Added Pin To Net: NetName=NetLED12_5 Pin=LED12-5
Added Pin To Net: NetName=NetLED12_5 Pin=LED13-2
Added Net: Name=NetLED12_5
Added Pin To Net: NetName=NetLED12_6 Pin=LED12-6
Added Pin To Net: NetName=NetLED12_6 Pin=LED13-1
Added Net: Name=NetLED12_6
Added Pin To Net: NetName=NetLED13_5 Pin=LED13-5
Added Pin To Net: NetName=NetLED13_5 Pin=LED14-2
Added Net: Name=NetLED13_5
Added Pin To Net: NetName=NetLED13_6 Pin=LED13-6
Added Pin To Net: NetName=NetLED13_6 Pin=LED14-1
Added Net: Name=NetLED13_6
Added Pin To Net: NetName=NetLED14_5 Pin=LED14-5
Added Pin To Net: NetName=NetLED14_5 Pin=LED15-2
Added Net: Name=NetLED14_5
Added Pin To Net: NetName=NetLED14_6 Pin=LED14-6
Added Pin To Net: NetName=NetLED14_6 Pin=LED15-1
Added Net: Name=NetLED14_6
Added Pin To Net: NetName=NetLED15_5 Pin=LED15-5
Added Pin To Net: NetName=NetLED15_5 Pin=LED16-2
Added Net: Name=NetLED15_5
Added Pin To Net: NetName=NetLED15_6 Pin=LED15-6
Added Pin To Net: NetName=NetLED15_6 Pin=LED16-1
Added Net: Name=NetLED15_6
Added Pin To Net: NetName=NetLED17_5 Pin=LED17-5
Added Pin To Net: NetName=NetLED17_5 Pin=LED18-2
Added Net: Name=NetLED17_5
Added Pin To Net: NetName=NetLED17_6 Pin=LED17-6
Added Pin To Net: NetName=NetLED17_6 Pin=LED18-1
Added Net: Name=NetLED17_6
Added Pin To Net: NetName=NetLED18_5 Pin=LED18-5
Added Pin To Net: NetName=NetLED18_5 Pin=LED19-2
Added Net: Name=NetLED18_5
Added Pin To Net: NetName=NetLED18_6 Pin=LED18-6
Added Pin To Net: NetName=NetLED18_6 Pin=LED19-1
Added Net: Name=NetLED18_6
Added Pin To Net: NetName=NetLED19_5 Pin=LED19-5
Added Pin To Net: NetName=NetLED19_5 Pin=LED20-2
Added Net: Name=NetLED19_5
Added Pin To Net: NetName=NetLED19_6 Pin=LED19-6
Added Pin To Net: NetName=NetLED19_6 Pin=LED20-1
Added Net: Name=NetLED19_6
Added Pin To Net: NetName=NetLED20_5 Pin=LED20-5
Added Pin To Net: NetName=NetLED20_5 Pin=LED21-2
Added Net: Name=NetLED20_5
Added Pin To Net: NetName=NetLED20_6 Pin=LED20-6
Added Pin To Net: NetName=NetLED20_6 Pin=LED21-1
Added Net: Name=NetLED20_6
Added Pin To Net: NetName=NetLED21_5 Pin=LED21-5
Added Pin To Net: NetName=NetLED21_5 Pin=LED22-2
Added Net: Name=NetLED21_5
Added Pin To Net: NetName=NetLED21_6 Pin=LED21-6
Added Pin To Net: NetName=NetLED21_6 Pin=LED22-1
Added Net: Name=NetLED21_6
Added Pin To Net: NetName=NetLED22_5 Pin=LED22-5
Added Pin To Net: NetName=NetLED22_5 Pin=LED23-2
Added Net: Name=NetLED22_5
Added Pin To Net: NetName=NetLED22_6 Pin=LED22-6
Added Pin To Net: NetName=NetLED22_6 Pin=LED23-1
Added Net: Name=NetLED22_6
Added Pin To Net: NetName=NetLED23_5 Pin=LED23-5
Added Pin To Net: NetName=NetLED23_5 Pin=LED24-2
Added Net: Name=NetLED23_5
Added Pin To Net: NetName=NetLED23_6 Pin=LED23-6
Added Pin To Net: NetName=NetLED23_6 Pin=LED24-1
Added Net: Name=NetLED23_6
Added Pin To Net: NetName=NetLED24_5 Pin=LED24-5
Added Pin To Net: NetName=NetLED24_5 Pin=LED32-6
Added Net: Name=NetLED24_5
Added Pin To Net: NetName=NetLED24_6 Pin=LED24-6
Added Pin To Net: NetName=NetLED24_6 Pin=LED32-5
Added Net: Name=NetLED24_6
Added Pin To Net: NetName=NetLED25_1 Pin=LED25-1
Added Pin To Net: NetName=NetLED25_1 Pin=LED33-2
Added Net: Name=NetLED25_1
Added Pin To Net: NetName=NetLED25_2 Pin=LED25-2
Added Pin To Net: NetName=NetLED25_2 Pin=LED33-1
Added Net: Name=NetLED25_2
Added Pin To Net: NetName=NetLED25_5 Pin=LED25-5
Added Pin To Net: NetName=NetLED25_5 Pin=LED26-2
Added Net: Name=NetLED25_5
Added Pin To Net: NetName=NetLED25_6 Pin=LED25-6
Added Pin To Net: NetName=NetLED25_6 Pin=LED26-1
Added Net: Name=NetLED25_6
Added Pin To Net: NetName=NetLED26_5 Pin=LED26-5
Added Pin To Net: NetName=NetLED26_5 Pin=LED27-2
Added Net: Name=NetLED26_5
Added Pin To Net: NetName=NetLED26_6 Pin=LED26-6
Added Pin To Net: NetName=NetLED26_6 Pin=LED27-1
Added Net: Name=NetLED26_6
Added Pin To Net: NetName=NetLED27_5 Pin=LED27-5
Added Pin To Net: NetName=NetLED27_5 Pin=LED28-2
Added Net: Name=NetLED27_5
Added Pin To Net: NetName=NetLED27_6 Pin=LED27-6
Added Pin To Net: NetName=NetLED27_6 Pin=LED28-1
Added Net: Name=NetLED27_6
Added Pin To Net: NetName=NetLED28_5 Pin=LED28-5
Added Pin To Net: NetName=NetLED28_5 Pin=LED29-2
Added Net: Name=NetLED28_5
Added Pin To Net: NetName=NetLED28_6 Pin=LED28-6
Added Pin To Net: NetName=NetLED28_6 Pin=LED29-1
Added Net: Name=NetLED28_6
Added Pin To Net: NetName=NetLED29_5 Pin=LED29-5
Added Pin To Net: NetName=NetLED29_5 Pin=LED30-2
Added Net: Name=NetLED29_5
Added Pin To Net: NetName=NetLED29_6 Pin=LED29-6
Added Pin To Net: NetName=NetLED29_6 Pin=LED30-1
Added Net: Name=NetLED29_6
Added Pin To Net: NetName=NetLED30_5 Pin=LED30-5
Added Pin To Net: NetName=NetLED30_5 Pin=LED31-2
Added Net: Name=NetLED30_5
Added Pin To Net: NetName=NetLED30_6 Pin=LED30-6
Added Pin To Net: NetName=NetLED30_6 Pin=LED31-1
Added Net: Name=NetLED30_6
Added Pin To Net: NetName=NetLED31_5 Pin=LED31-5
Added Pin To Net: NetName=NetLED31_5 Pin=LED32-2
Added Net: Name=NetLED31_5
Added Pin To Net: NetName=NetLED31_6 Pin=LED31-6
Added Pin To Net: NetName=NetLED31_6 Pin=LED32-1
Added Net: Name=NetLED31_6
Added Pin To Net: NetName=NetLED33_5 Pin=LED33-5
Added Pin To Net: NetName=NetLED33_5 Pin=LED34-2
Added Net: Name=NetLED33_5
Added Pin To Net: NetName=NetLED33_6 Pin=LED33-6
Added Pin To Net: NetName=NetLED33_6 Pin=LED34-1
Added Net: Name=NetLED33_6
Added Pin To Net: NetName=NetLED34_5 Pin=LED34-5
Added Pin To Net: NetName=NetLED34_5 Pin=LED35-2
Added Net: Name=NetLED34_5
Added Pin To Net: NetName=NetLED34_6 Pin=LED34-6
Added Pin To Net: NetName=NetLED34_6 Pin=LED35-1
Added Net: Name=NetLED34_6
Added Pin To Net: NetName=NetLED35_5 Pin=LED35-5
Added Pin To Net: NetName=NetLED35_5 Pin=LED36-2
Added Net: Name=NetLED35_5
Added Pin To Net: NetName=NetLED35_6 Pin=LED35-6
Added Pin To Net: NetName=NetLED35_6 Pin=LED36-1
Added Net: Name=NetLED35_6
Added Pin To Net: NetName=NetLED36_5 Pin=LED36-5
Added Pin To Net: NetName=NetLED36_5 Pin=LED37-2
Added Net: Name=NetLED36_5
Added Pin To Net: NetName=NetLED36_6 Pin=LED36-6
Added Pin To Net: NetName=NetLED36_6 Pin=LED37-1
Added Net: Name=NetLED36_6
Added Pin To Net: NetName=NetLED37_5 Pin=LED37-5
Added Pin To Net: NetName=NetLED37_5 Pin=LED38-2
Added Net: Name=NetLED37_5
Added Pin To Net: NetName=NetLED37_6 Pin=LED37-6
Added Pin To Net: NetName=NetLED37_6 Pin=LED38-1
Added Net: Name=NetLED37_6
Added Pin To Net: NetName=NetLED38_5 Pin=LED38-5
Added Pin To Net: NetName=NetLED38_5 Pin=LED39-2
Added Net: Name=NetLED38_5
Added Pin To Net: NetName=NetLED38_6 Pin=LED38-6
Added Pin To Net: NetName=NetLED38_6 Pin=LED39-1
Added Net: Name=NetLED38_6
Added Pin To Net: NetName=NetLED39_5 Pin=LED39-5
Added Pin To Net: NetName=NetLED39_5 Pin=LED40-2
Added Net: Name=NetLED39_5
Added Pin To Net: NetName=NetLED39_6 Pin=LED39-6
Added Pin To Net: NetName=NetLED39_6 Pin=LED40-1
Added Net: Name=NetLED39_6
Added Pin To Net: NetName=NetLED40_5 Pin=LED40-5
Added Pin To Net: NetName=NetLED40_5 Pin=LED48-6
Added Net: Name=NetLED40_5
Added Pin To Net: NetName=NetLED40_6 Pin=LED40-6
Added Pin To Net: NetName=NetLED40_6 Pin=LED48-5
Added Net: Name=NetLED40_6
Added Pin To Net: NetName=NetLED41_1 Pin=LED41-1
Added Pin To Net: NetName=NetLED41_1 Pin=LED49-2
Added Net: Name=NetLED41_1
Added Pin To Net: NetName=NetLED41_2 Pin=LED41-2
Added Pin To Net: NetName=NetLED41_2 Pin=LED49-1
Added Net: Name=NetLED41_2
Added Pin To Net: NetName=NetLED41_5 Pin=LED41-5
Added Pin To Net: NetName=NetLED41_5 Pin=LED42-2
Added Net: Name=NetLED41_5
Added Pin To Net: NetName=NetLED41_6 Pin=LED41-6
Added Pin To Net: NetName=NetLED41_6 Pin=LED42-1
Added Net: Name=NetLED41_6
Added Pin To Net: NetName=NetLED42_5 Pin=LED42-5
Added Pin To Net: NetName=NetLED42_5 Pin=LED43-2
Added Net: Name=NetLED42_5
Added Pin To Net: NetName=NetLED42_6 Pin=LED42-6
Added Pin To Net: NetName=NetLED42_6 Pin=LED43-1
Added Net: Name=NetLED42_6
Added Pin To Net: NetName=NetLED43_5 Pin=LED43-5
Added Pin To Net: NetName=NetLED43_5 Pin=LED44-2
Added Net: Name=NetLED43_5
Added Pin To Net: NetName=NetLED43_6 Pin=LED43-6
Added Pin To Net: NetName=NetLED43_6 Pin=LED44-1
Added Net: Name=NetLED43_6
Added Pin To Net: NetName=NetLED44_5 Pin=LED44-5
Added Pin To Net: NetName=NetLED44_5 Pin=LED45-2
Added Net: Name=NetLED44_5
Added Pin To Net: NetName=NetLED44_6 Pin=LED44-6
Added Pin To Net: NetName=NetLED44_6 Pin=LED45-1
Added Net: Name=NetLED44_6
Added Pin To Net: NetName=NetLED45_5 Pin=LED45-5
Added Pin To Net: NetName=NetLED45_5 Pin=LED46-2
Added Net: Name=NetLED45_5
Added Pin To Net: NetName=NetLED45_6 Pin=LED45-6
Added Pin To Net: NetName=NetLED45_6 Pin=LED46-1
Added Net: Name=NetLED45_6
Added Pin To Net: NetName=NetLED46_5 Pin=LED46-5
Added Pin To Net: NetName=NetLED46_5 Pin=LED47-2
Added Net: Name=NetLED46_5
Added Pin To Net: NetName=NetLED46_6 Pin=LED46-6
Added Pin To Net: NetName=NetLED46_6 Pin=LED47-1
Added Net: Name=NetLED46_6
Added Pin To Net: NetName=NetLED47_5 Pin=LED47-5
Added Pin To Net: NetName=NetLED47_5 Pin=LED48-2
Added Net: Name=NetLED47_5
Added Pin To Net: NetName=NetLED47_6 Pin=LED47-6
Added Pin To Net: NetName=NetLED47_6 Pin=LED48-1
Added Net: Name=NetLED47_6
Added Pin To Net: NetName=NetLED49_5 Pin=LED49-5
Added Pin To Net: NetName=NetLED49_5 Pin=LED50-2
Added Net: Name=NetLED49_5
Added Pin To Net: NetName=NetLED49_6 Pin=LED49-6
Added Pin To Net: NetName=NetLED49_6 Pin=LED50-1
Added Net: Name=NetLED49_6
Added Pin To Net: NetName=NetLED50_5 Pin=LED50-5
Added Pin To Net: NetName=NetLED50_5 Pin=LED51-2
Added Net: Name=NetLED50_5
Added Pin To Net: NetName=NetLED50_6 Pin=LED50-6
Added Pin To Net: NetName=NetLED50_6 Pin=LED51-1
Added Net: Name=NetLED50_6
Added Pin To Net: NetName=NetLED51_5 Pin=LED51-5
Added Pin To Net: NetName=NetLED51_5 Pin=LED52-2
Added Net: Name=NetLED51_5
Added Pin To Net: NetName=NetLED51_6 Pin=LED51-6
Added Pin To Net: NetName=NetLED51_6 Pin=LED52-1
Added Net: Name=NetLED51_6
Added Pin To Net: NetName=NetLED52_5 Pin=LED52-5
Added Pin To Net: NetName=NetLED52_5 Pin=LED53-2
Added Net: Name=NetLED52_5
Added Pin To Net: NetName=NetLED52_6 Pin=LED52-6
Added Pin To Net: NetName=NetLED52_6 Pin=LED53-1
Added Net: Name=NetLED52_6
Added Pin To Net: NetName=NetLED53_5 Pin=LED53-5
Added Pin To Net: NetName=NetLED53_5 Pin=LED54-2
Added Net: Name=NetLED53_5
Added Pin To Net: NetName=NetLED53_6 Pin=LED53-6
Added Pin To Net: NetName=NetLED53_6 Pin=LED54-1
Added Net: Name=NetLED53_6
Added Pin To Net: NetName=NetLED54_5 Pin=LED54-5
Added Pin To Net: NetName=NetLED54_5 Pin=LED55-2
Added Net: Name=NetLED54_5
Added Pin To Net: NetName=NetLED54_6 Pin=LED54-6
Added Pin To Net: NetName=NetLED54_6 Pin=LED55-1
Added Net: Name=NetLED54_6
Added Pin To Net: NetName=NetLED55_5 Pin=LED55-5
Added Pin To Net: NetName=NetLED55_5 Pin=LED56-2
Added Net: Name=NetLED55_5
Added Pin To Net: NetName=NetLED55_6 Pin=LED55-6
Added Pin To Net: NetName=NetLED55_6 Pin=LED56-1
Added Net: Name=NetLED55_6
Added Pin To Net: NetName=NetLED56_5 Pin=LED56-5
Added Pin To Net: NetName=NetLED56_5 Pin=LED64-6
Added Net: Name=NetLED56_5
Added Pin To Net: NetName=NetLED56_6 Pin=LED56-6
Added Pin To Net: NetName=NetLED56_6 Pin=LED64-5
Added Net: Name=NetLED56_6
Added Pin To Net: NetName=NetLED57_5 Pin=LED57-5
Added Pin To Net: NetName=NetLED57_5 Pin=LED58-2
Added Net: Name=NetLED57_5
Added Pin To Net: NetName=NetLED57_6 Pin=LED57-6
Added Pin To Net: NetName=NetLED57_6 Pin=LED58-1
Added Net: Name=NetLED57_6
Added Pin To Net: NetName=NetLED58_5 Pin=LED58-5
Added Pin To Net: NetName=NetLED58_5 Pin=LED59-2
Added Net: Name=NetLED58_5
Added Pin To Net: NetName=NetLED58_6 Pin=LED58-6
Added Pin To Net: NetName=NetLED58_6 Pin=LED59-1
Added Net: Name=NetLED58_6
Added Pin To Net: NetName=NetLED59_5 Pin=LED59-5
Added Pin To Net: NetName=NetLED59_5 Pin=LED60-2
Added Net: Name=NetLED59_5
Added Pin To Net: NetName=NetLED59_6 Pin=LED59-6
Added Pin To Net: NetName=NetLED59_6 Pin=LED60-1
Added Net: Name=NetLED59_6
Added Pin To Net: NetName=NetLED60_5 Pin=LED60-5
Added Pin To Net: NetName=NetLED60_5 Pin=LED61-2
Added Net: Name=NetLED60_5
Added Pin To Net: NetName=NetLED60_6 Pin=LED60-6
Added Pin To Net: NetName=NetLED60_6 Pin=LED61-1
Added Net: Name=NetLED60_6
Added Pin To Net: NetName=NetLED61_5 Pin=LED61-5
Added Pin To Net: NetName=NetLED61_5 Pin=LED62-2
Added Net: Name=NetLED61_5
Added Pin To Net: NetName=NetLED61_6 Pin=LED61-6
Added Pin To Net: NetName=NetLED61_6 Pin=LED62-1
Added Net: Name=NetLED61_6
Added Pin To Net: NetName=NetLED62_5 Pin=LED62-5
Added Pin To Net: NetName=NetLED62_5 Pin=LED63-2
Added Net: Name=NetLED62_5
Added Pin To Net: NetName=NetLED62_6 Pin=LED62-6
Added Pin To Net: NetName=NetLED62_6 Pin=LED63-1
Added Net: Name=NetLED62_6
Added Pin To Net: NetName=NetLED63_5 Pin=LED63-5
Added Pin To Net: NetName=NetLED63_5 Pin=LED64-2
Added Net: Name=NetLED63_5
Added Pin To Net: NetName=NetLED63_6 Pin=LED63-6
Added Pin To Net: NetName=NetLED63_6 Pin=LED64-1
Added Net: Name=NetLED63_6
Added Pin To Net: NetName=NetMUX1_1 Pin=MUX1-1
Added Pin To Net: NetName=NetMUX1_1 Pin=Rin5-2
Added Net: Name=NetMUX1_1
Added Pin To Net: NetName=NetMUX1_2 Pin=MUX1-2
Added Pin To Net: NetName=NetMUX1_2 Pin=Rin7-2
Added Net: Name=NetMUX1_2
Added Pin To Net: NetName=NetMUX1_5 Pin=MUX1-5
Added Pin To Net: NetName=NetMUX1_5 Pin=Rin6-2
Added Net: Name=NetMUX1_5
Added Pin To Net: NetName=NetMUX1_12 Pin=MUX1-12
Added Pin To Net: NetName=NetMUX1_12 Pin=Rin4-2
Added Net: Name=NetMUX1_12
Added Pin To Net: NetName=NetMUX1_13 Pin=MUX1-13
Added Pin To Net: NetName=NetMUX1_13 Pin=Rin1-2
Added Net: Name=NetMUX1_13
Added Pin To Net: NetName=NetMUX1_14 Pin=MUX1-14
Added Pin To Net: NetName=NetMUX1_14 Pin=Rin2-2
Added Net: Name=NetMUX1_14
Added Pin To Net: NetName=NetMUX1_15 Pin=MUX1-15
Added Pin To Net: NetName=NetMUX1_15 Pin=Rin3-2
Added Net: Name=NetMUX1_15
Added Pin To Net: NetName=NetMUX2_1 Pin=MUX2-1
Added Pin To Net: NetName=NetMUX2_1 Pin=Rin12-1
Added Net: Name=NetMUX2_1
Added Pin To Net: NetName=NetMUX2_2 Pin=MUX2-2
Added Pin To Net: NetName=NetMUX2_2 Pin=Rin14-1
Added Net: Name=NetMUX2_2
Added Pin To Net: NetName=NetMUX2_5 Pin=MUX2-5
Added Pin To Net: NetName=NetMUX2_5 Pin=Rin13-1
Added Net: Name=NetMUX2_5
Added Pin To Net: NetName=NetMUX2_12 Pin=MUX2-12
Added Pin To Net: NetName=NetMUX2_12 Pin=Rin11-1
Added Net: Name=NetMUX2_12
Added Pin To Net: NetName=NetMUX2_13 Pin=MUX2-13
Added Pin To Net: NetName=NetMUX2_13 Pin=Rin8-1
Added Net: Name=NetMUX2_13
Added Pin To Net: NetName=NetMUX2_14 Pin=MUX2-14
Added Pin To Net: NetName=NetMUX2_14 Pin=Rin9-1
Added Net: Name=NetMUX2_14
Added Pin To Net: NetName=NetMUX2_15 Pin=MUX2-15
Added Pin To Net: NetName=NetMUX2_15 Pin=Rin10-1
Added Net: Name=NetMUX2_15
Added Pin To Net: NetName=NetQ1_1 Pin=Q1-1
Added Pin To Net: NetName=NetQ1_1 Pin=Rin1-1
Added Pin To Net: NetName=NetQ1_1 Pin=Rvs1-2
Added Net: Name=NetQ1_1
Added Pin To Net: NetName=NetQ2_1 Pin=Q2-1
Added Pin To Net: NetName=NetQ2_1 Pin=Rin2-1
Added Pin To Net: NetName=NetQ2_1 Pin=Rvs2-2
Added Net: Name=NetQ2_1
Added Pin To Net: NetName=NetQ3_1 Pin=Q3-1
Added Pin To Net: NetName=NetQ3_1 Pin=Rin3-1
Added Pin To Net: NetName=NetQ3_1 Pin=Rvs3-2
Added Net: Name=NetQ3_1
Added Pin To Net: NetName=NetQ4_1 Pin=Q4-1
Added Pin To Net: NetName=NetQ4_1 Pin=Rin4-1
Added Pin To Net: NetName=NetQ4_1 Pin=Rvs4-2
Added Net: Name=NetQ4_1
Added Pin To Net: NetName=NetQ5_1 Pin=Q5-1
Added Pin To Net: NetName=NetQ5_1 Pin=Rin5-1
Added Pin To Net: NetName=NetQ5_1 Pin=Rvs5-2
Added Net: Name=NetQ5_1
Added Pin To Net: NetName=NetQ6_1 Pin=Q6-1
Added Pin To Net: NetName=NetQ6_1 Pin=Rin6-1
Added Pin To Net: NetName=NetQ6_1 Pin=Rvs6-2
Added Net: Name=NetQ6_1
Added Pin To Net: NetName=NetQ7_1 Pin=Q7-1
Added Pin To Net: NetName=NetQ7_1 Pin=Rin7-1
Added Pin To Net: NetName=NetQ7_1 Pin=Rvs7-2
Added Net: Name=NetQ7_1
Added Pin To Net: NetName=VCC Pin=H1-20
Added Pin To Net: NetName=VCC Pin=H2-3
Added Pin To Net: NetName=VCC Pin=H_3_1-1
Added Pin To Net: NetName=VCC Pin=LED1-4
Added Pin To Net: NetName=VCC Pin=LED2-4
Added Pin To Net: NetName=VCC Pin=LED3-4
Added Pin To Net: NetName=VCC Pin=LED4-4
Added Pin To Net: NetName=VCC Pin=LED5-4
Added Pin To Net: NetName=VCC Pin=LED6-4
Added Pin To Net: NetName=VCC Pin=LED7-4
Added Pin To Net: NetName=VCC Pin=LED8-4
Added Pin To Net: NetName=VCC Pin=LED9-4
Added Pin To Net: NetName=VCC Pin=LED10-4
Added Pin To Net: NetName=VCC Pin=LED11-4
Added Pin To Net: NetName=VCC Pin=LED12-4
Added Pin To Net: NetName=VCC Pin=LED13-4
Added Pin To Net: NetName=VCC Pin=LED14-4
Added Pin To Net: NetName=VCC Pin=LED15-4
Added Pin To Net: NetName=VCC Pin=LED16-4
Added Pin To Net: NetName=VCC Pin=LED17-4
Added Pin To Net: NetName=VCC Pin=LED18-4
Added Pin To Net: NetName=VCC Pin=LED19-4
Added Pin To Net: NetName=VCC Pin=LED20-4
Added Pin To Net: NetName=VCC Pin=LED21-4
Added Pin To Net: NetName=VCC Pin=LED22-4
Added Pin To Net: NetName=VCC Pin=LED23-4
Added Pin To Net: NetName=VCC Pin=LED24-4
Added Pin To Net: NetName=VCC Pin=LED25-4
Added Pin To Net: NetName=VCC Pin=LED26-4
Added Pin To Net: NetName=VCC Pin=LED27-4
Added Pin To Net: NetName=VCC Pin=LED28-4
Added Pin To Net: NetName=VCC Pin=LED29-4
Added Pin To Net: NetName=VCC Pin=LED30-4
Added Pin To Net: NetName=VCC Pin=LED31-4
Added Pin To Net: NetName=VCC Pin=LED32-4
Added Pin To Net: NetName=VCC Pin=LED33-4
Added Pin To Net: NetName=VCC Pin=LED34-4
Added Pin To Net: NetName=VCC Pin=LED35-4
Added Pin To Net: NetName=VCC Pin=LED36-4
Added Pin To Net: NetName=VCC Pin=LED37-4
Added Pin To Net: NetName=VCC Pin=LED38-4
Added Pin To Net: NetName=VCC Pin=LED39-4
Added Pin To Net: NetName=VCC Pin=LED40-4
Added Pin To Net: NetName=VCC Pin=LED41-4
Added Pin To Net: NetName=VCC Pin=LED42-4
Added Pin To Net: NetName=VCC Pin=LED43-4
Added Pin To Net: NetName=VCC Pin=LED44-4
Added Pin To Net: NetName=VCC Pin=LED45-4
Added Pin To Net: NetName=VCC Pin=LED46-4
Added Pin To Net: NetName=VCC Pin=LED47-4
Added Pin To Net: NetName=VCC Pin=LED48-4
Added Pin To Net: NetName=VCC Pin=LED49-4
Added Pin To Net: NetName=VCC Pin=LED50-4
Added Pin To Net: NetName=VCC Pin=LED51-4
Added Pin To Net: NetName=VCC Pin=LED52-4
Added Pin To Net: NetName=VCC Pin=LED53-4
Added Pin To Net: NetName=VCC Pin=LED54-4
Added Pin To Net: NetName=VCC Pin=LED55-4
Added Pin To Net: NetName=VCC Pin=LED56-4
Added Pin To Net: NetName=VCC Pin=LED57-4
Added Pin To Net: NetName=VCC Pin=LED58-4
Added Pin To Net: NetName=VCC Pin=LED59-4
Added Pin To Net: NetName=VCC Pin=LED60-4
Added Pin To Net: NetName=VCC Pin=LED61-4
Added Pin To Net: NetName=VCC Pin=LED62-4
Added Pin To Net: NetName=VCC Pin=LED63-4
Added Pin To Net: NetName=VCC Pin=LED64-4
Added Pin To Net: NetName=VCC Pin=MUX1-6
Added Pin To Net: NetName=VCC Pin=MUX1-16
Added Pin To Net: NetName=VCC Pin=MUX2-6
Added Pin To Net: NetName=VCC Pin=MUX2-16
Added Pin To Net: NetName=VCC Pin=P1-1
Added Pin To Net: NetName=VCC Pin=P3-1
Added Pin To Net: NetName=VCC Pin=P5-1
Added Pin To Net: NetName=VCC Pin=P7-1
Added Pin To Net: NetName=VCC Pin=Q1-2
Added Pin To Net: NetName=VCC Pin=Q2-2
Added Pin To Net: NetName=VCC Pin=Q3-2
Added Pin To Net: NetName=VCC Pin=Q4-2
Added Pin To Net: NetName=VCC Pin=Q5-2
Added Pin To Net: NetName=VCC Pin=Q6-2
Added Pin To Net: NetName=VCC Pin=Q7-2
Added Pin To Net: NetName=VCC Pin=Rvs1-1
Added Pin To Net: NetName=VCC Pin=Rvs2-1
Added Pin To Net: NetName=VCC Pin=Rvs3-1
Added Pin To Net: NetName=VCC Pin=Rvs4-1
Added Pin To Net: NetName=VCC Pin=Rvs5-1
Added Pin To Net: NetName=VCC Pin=Rvs6-1
Added Pin To Net: NetName=VCC Pin=Rvs7-1
Added Net: Name=VCC
Added Class: Name=8x8v2
Added Room: Name=8x8v2
