Change Component Comment : Designator=LED1 Old Comment=SparkFun Accessories SMD LED - RGB APA102-2020   Source:  Datasheet New Comment=APA102-2020
Change Component Comment : Designator=LED2 Old Comment=SparkFun Accessories SMD LED - RGB APA102-2020   Source:  Datasheet New Comment=APA102-2020
Change Component Comment : Designator=LED3 Old Comment=SparkFun Accessories SMD LED - RGB APA102-2020   Source:  Datasheet New Comment=APA102-2020
Change Component Comment : Designator=LED4 Old Comment=SparkFun Accessories SMD LED - RGB APA102-2020   Source:  Datasheet New Comment=APA102-2020
Change Component Comment : Designator=LED5 Old Comment=SparkFun Accessories SMD LED - RGB APA102-2020   Source:  Datasheet New Comment=APA102-2020
Change Component Comment : Designator=LED6 Old Comment=SparkFun Accessories SMD LED - RGB APA102-2020   Source:  Datasheet New Comment=APA102-2020
Change Component Comment : Designator=LED7 Old Comment=SparkFun Accessories SMD LED - RGB APA102-2020   Source:  Datasheet New Comment=APA102-2020
Change Component Comment : Designator=LED8 Old Comment=SparkFun Accessories SMD LED - RGB APA102-2020   Source:  Datasheet New Comment=APA102-2020
Change Component Comment : Designator=LED9 Old Comment=SparkFun Accessories SMD LED - RGB APA102-2020   Source:  Datasheet New Comment=APA102-2020
Change Component Comment : Designator=LED10 Old Comment=SparkFun Accessories SMD LED - RGB APA102-2020   Source:  Datasheet New Comment=APA102-2020
Change Component Comment : Designator=LED11 Old Comment=SparkFun Accessories SMD LED - RGB APA102-2020   Source:  Datasheet New Comment=APA102-2020
Change Component Comment : Designator=LED12 Old Comment=SparkFun Accessories SMD LED - RGB APA102-2020   Source:  Datasheet New Comment=APA102-2020
Change Component Comment : Designator=LED13 Old Comment=SparkFun Accessories SMD LED - RGB APA102-2020   Source:  Datasheet New Comment=APA102-2020
Change Component Comment : Designator=LED14 Old Comment=SparkFun Accessories SMD LED - RGB APA102-2020   Source:  Datasheet New Comment=APA102-2020
Change Component Comment : Designator=LED15 Old Comment=SparkFun Accessories SMD LED - RGB APA102-2020   Source:  Datasheet New Comment=APA102-2020
Change Component Comment : Designator=LED16 Old Comment=SparkFun Accessories SMD LED - RGB APA102-2020   Source:  Datasheet New Comment=APA102-2020
Change Component Comment : Designator=LED17 Old Comment=SparkFun Accessories SMD LED - RGB APA102-2020   Source:  Datasheet New Comment=APA102-2020
Change Component Comment : Designator=LED18 Old Comment=SparkFun Accessories SMD LED - RGB APA102-2020   Source:  Datasheet New Comment=APA102-2020
Change Component Comment : Designator=LED19 Old Comment=SparkFun Accessories SMD LED - RGB APA102-2020   Source:  Datasheet New Comment=APA102-2020
Change Component Comment : Designator=LED20 Old Comment=SparkFun Accessories SMD LED - RGB APA102-2020   Source:  Datasheet New Comment=APA102-2020
Change Component Comment : Designator=LED21 Old Comment=SparkFun Accessories SMD LED - RGB APA102-2020   Source:  Datasheet New Comment=APA102-2020
Change Component Comment : Designator=LED22 Old Comment=SparkFun Accessories SMD LED - RGB APA102-2020   Source:  Datasheet New Comment=APA102-2020
Change Component Comment : Designator=LED23 Old Comment=SparkFun Accessories SMD LED - RGB APA102-2020   Source:  Datasheet New Comment=APA102-2020
Change Component Comment : Designator=LED24 Old Comment=SparkFun Accessories SMD LED - RGB APA102-2020   Source:  Datasheet New Comment=APA102-2020
Change Component Comment : Designator=LED25 Old Comment=SparkFun Accessories SMD LED - RGB APA102-2020   Source:  Datasheet New Comment=APA102-2020
Change Component Comment : Designator=LED26 Old Comment=SparkFun Accessories SMD LED - RGB APA102-2020   Source:  Datasheet New Comment=APA102-2020
Change Component Comment : Designator=LED27 Old Comment=SparkFun Accessories SMD LED - RGB APA102-2020   Source:  Datasheet New Comment=APA102-2020
Change Component Comment : Designator=LED28 Old Comment=SparkFun Accessories SMD LED - RGB APA102-2020   Source:  Datasheet New Comment=APA102-2020
Change Component Comment : Designator=LED29 Old Comment=SparkFun Accessories SMD LED - RGB APA102-2020   Source:  Datasheet New Comment=APA102-2020
Change Component Comment : Designator=LED30 Old Comment=SparkFun Accessories SMD LED - RGB APA102-2020   Source:  Datasheet New Comment=APA102-2020
Change Component Comment : Designator=LED31 Old Comment=SparkFun Accessories SMD LED - RGB APA102-2020   Source:  Datasheet New Comment=APA102-2020
Change Component Comment : Designator=LED32 Old Comment=SparkFun Accessories SMD LED - RGB APA102-2020   Source:  Datasheet New Comment=APA102-2020
Change Component Comment : Designator=LED33 Old Comment=SparkFun Accessories SMD LED - RGB APA102-2020   Source:  Datasheet New Comment=APA102-2020
Change Component Comment : Designator=LED34 Old Comment=SparkFun Accessories SMD LED - RGB APA102-2020   Source:  Datasheet New Comment=APA102-2020
Change Component Comment : Designator=LED35 Old Comment=SparkFun Accessories SMD LED - RGB APA102-2020   Source:  Datasheet New Comment=APA102-2020
Change Component Comment : Designator=LED36 Old Comment=SparkFun Accessories SMD LED - RGB APA102-2020   Source:  Datasheet New Comment=APA102-2020
Change Component Comment : Designator=LED37 Old Comment=SparkFun Accessories SMD LED - RGB APA102-2020   Source:  Datasheet New Comment=APA102-2020
Change Component Comment : Designator=LED38 Old Comment=SparkFun Accessories SMD LED - RGB APA102-2020   Source:  Datasheet New Comment=APA102-2020
Change Component Comment : Designator=LED39 Old Comment=SparkFun Accessories SMD LED - RGB APA102-2020   Source:  Datasheet New Comment=APA102-2020
Change Component Comment : Designator=LED40 Old Comment=SparkFun Accessories SMD LED - RGB APA102-2020   Source:  Datasheet New Comment=APA102-2020
Change Component Comment : Designator=LED41 Old Comment=SparkFun Accessories SMD LED - RGB APA102-2020   Source:  Datasheet New Comment=APA102-2020
Change Component Comment : Designator=LED42 Old Comment=SparkFun Accessories SMD LED - RGB APA102-2020   Source:  Datasheet New Comment=APA102-2020
Change Component Comment : Designator=LED43 Old Comment=SparkFun Accessories SMD LED - RGB APA102-2020   Source:  Datasheet New Comment=APA102-2020
Change Component Comment : Designator=LED44 Old Comment=SparkFun Accessories SMD LED - RGB APA102-2020   Source:  Datasheet New Comment=APA102-2020
Change Component Comment : Designator=LED45 Old Comment=SparkFun Accessories SMD LED - RGB APA102-2020   Source:  Datasheet New Comment=APA102-2020
Change Component Comment : Designator=LED46 Old Comment=SparkFun Accessories SMD LED - RGB APA102-2020   Source:  Datasheet New Comment=APA102-2020
Change Component Comment : Designator=LED47 Old Comment=SparkFun Accessories SMD LED - RGB APA102-2020   Source:  Datasheet New Comment=APA102-2020
Change Component Comment : Designator=LED48 Old Comment=SparkFun Accessories SMD LED - RGB APA102-2020   Source:  Datasheet New Comment=APA102-2020
Change Component Comment : Designator=LED49 Old Comment=SparkFun Accessories SMD LED - RGB APA102-2020   Source:  Datasheet New Comment=APA102-2020
Change Component Comment : Designator=LED50 Old Comment=SparkFun Accessories SMD LED - RGB APA102-2020   Source:  Datasheet New Comment=APA102-2020
Change Component Comment : Designator=LED51 Old Comment=SparkFun Accessories SMD LED - RGB APA102-2020   Source:  Datasheet New Comment=APA102-2020
Change Component Comment : Designator=LED52 Old Comment=SparkFun Accessories SMD LED - RGB APA102-2020   Source:  Datasheet New Comment=APA102-2020
Change Component Comment : Designator=LED53 Old Comment=SparkFun Accessories SMD LED - RGB APA102-2020   Source:  Datasheet New Comment=APA102-2020
Change Component Comment : Designator=LED54 Old Comment=SparkFun Accessories SMD LED - RGB APA102-2020   Source:  Datasheet New Comment=APA102-2020
Change Component Comment : Designator=LED55 Old Comment=SparkFun Accessories SMD LED - RGB APA102-2020   Source:  Datasheet New Comment=APA102-2020
Change Component Comment : Designator=LED56 Old Comment=SparkFun Accessories SMD LED - RGB APA102-2020   Source:  Datasheet New Comment=APA102-2020
Change Component Comment : Designator=LED57 Old Comment=SparkFun Accessories SMD LED - RGB APA102-2020   Source:  Datasheet New Comment=APA102-2020
Change Component Comment : Designator=LED58 Old Comment=SparkFun Accessories SMD LED - RGB APA102-2020   Source:  Datasheet New Comment=APA102-2020
Change Component Comment : Designator=LED59 Old Comment=SparkFun Accessories SMD LED - RGB APA102-2020   Source:  Datasheet New Comment=APA102-2020
Change Component Comment : Designator=LED60 Old Comment=SparkFun Accessories SMD LED - RGB APA102-2020   Source:  Datasheet New Comment=APA102-2020
Change Component Comment : Designator=LED61 Old Comment=SparkFun Accessories SMD LED - RGB APA102-2020   Source:  Datasheet New Comment=APA102-2020
Change Component Comment : Designator=LED62 Old Comment=SparkFun Accessories SMD LED - RGB APA102-2020   Source:  Datasheet New Comment=APA102-2020
Change Component Comment : Designator=LED63 Old Comment=SparkFun Accessories SMD LED - RGB APA102-2020   Source:  Datasheet New Comment=APA102-2020
Change Component Comment : Designator=LED64 Old Comment=SparkFun Accessories SMD LED - RGB APA102-2020   Source:  Datasheet New Comment=APA102-2020
Added Pin To Net: NetName=NetH2_8 Pin=LED1-CKI
Added Pin To Net: NetName=NetH2_7 Pin=LED1-SDI
Added Pin To Net: NetName=NetLED1_CKO Pin=LED1-CKO
Added Pin To Net: NetName=NetLED1_CKO Pin=LED2-CKI
Added Net: Name=NetLED1_CKO
Added Pin To Net: NetName=NetLED1_SDO Pin=LED1-SDO
Added Pin To Net: NetName=NetLED1_SDO Pin=LED2-SDI
Added Net: Name=NetLED1_SDO
Added Pin To Net: NetName=NetLED2_CKO Pin=LED2-CKO
Added Pin To Net: NetName=NetLED2_CKO Pin=LED3-CKI
Added Net: Name=NetLED2_CKO
Added Pin To Net: NetName=NetLED2_SDO Pin=LED2-SDO
Added Pin To Net: NetName=NetLED2_SDO Pin=LED3-SDI
Added Net: Name=NetLED2_SDO
Added Pin To Net: NetName=NetLED3_CKO Pin=LED3-CKO
Added Pin To Net: NetName=NetLED3_CKO Pin=LED4-CKI
Added Net: Name=NetLED3_CKO
Added Pin To Net: NetName=NetLED3_SDO Pin=LED3-SDO
Added Pin To Net: NetName=NetLED3_SDO Pin=LED4-SDI
Added Net: Name=NetLED3_SDO
Added Pin To Net: NetName=NetLED4_CKO Pin=LED4-CKO
Added Pin To Net: NetName=NetLED4_CKO Pin=LED5-CKI
Added Net: Name=NetLED4_CKO
Added Pin To Net: NetName=NetLED4_SDO Pin=LED4-SDO
Added Pin To Net: NetName=NetLED4_SDO Pin=LED5-SDI
Added Net: Name=NetLED4_SDO
Added Pin To Net: NetName=NetLED5_CKO Pin=LED5-CKO
Added Pin To Net: NetName=NetLED5_CKO Pin=LED6-CKI
Added Net: Name=NetLED5_CKO
Added Pin To Net: NetName=NetLED5_SDO Pin=LED5-SDO
Added Pin To Net: NetName=NetLED5_SDO Pin=LED6-SDI
Added Net: Name=NetLED5_SDO
Added Pin To Net: NetName=NetLED6_CKO Pin=LED6-CKO
Added Pin To Net: NetName=NetLED6_CKO Pin=LED7-CKI
Added Net: Name=NetLED6_CKO
Added Pin To Net: NetName=NetLED6_SDO Pin=LED6-SDO
Added Pin To Net: NetName=NetLED6_SDO Pin=LED7-SDI
Added Net: Name=NetLED6_SDO
Added Pin To Net: NetName=NetLED7_CKO Pin=LED7-CKO
Added Pin To Net: NetName=NetLED7_CKO Pin=LED8-CKI
Added Net: Name=NetLED7_CKO
Added Pin To Net: NetName=NetLED7_SDO Pin=LED7-SDO
Added Pin To Net: NetName=NetLED7_SDO Pin=LED8-SDI
Added Net: Name=NetLED7_SDO
Added Pin To Net: NetName=NetLED8_CKO Pin=LED8-CKO
Added Pin To Net: NetName=NetLED8_CKO Pin=LED9-CKI
Added Net: Name=NetLED8_CKO
Added Pin To Net: NetName=NetLED8_SDO Pin=LED8-SDO
Added Pin To Net: NetName=NetLED8_SDO Pin=LED9-SDI
Added Net: Name=NetLED8_SDO
Added Pin To Net: NetName=NetLED9_CKO Pin=LED9-CKO
Added Pin To Net: NetName=NetLED9_CKO Pin=LED10-CKI
Added Net: Name=NetLED9_CKO
Added Pin To Net: NetName=NetLED9_SDO Pin=LED9-SDO
Added Pin To Net: NetName=NetLED9_SDO Pin=LED10-SDI
Added Net: Name=NetLED9_SDO
Added Pin To Net: NetName=NetLED10_CKO Pin=LED10-CKO
Added Pin To Net: NetName=NetLED10_CKO Pin=LED11-CKI
Added Net: Name=NetLED10_CKO
Added Pin To Net: NetName=NetLED10_SDO Pin=LED10-SDO
Added Pin To Net: NetName=NetLED10_SDO Pin=LED11-SDI
Added Net: Name=NetLED10_SDO
Added Pin To Net: NetName=NetLED11_CKO Pin=LED11-CKO
Added Pin To Net: NetName=NetLED11_CKO Pin=LED12-CKI
Added Net: Name=NetLED11_CKO
Added Pin To Net: NetName=NetLED11_SDO Pin=LED11-SDO
Added Pin To Net: NetName=NetLED11_SDO Pin=LED12-SDI
Added Net: Name=NetLED11_SDO
Added Pin To Net: NetName=NetLED12_CKO Pin=LED12-CKO
Added Pin To Net: NetName=NetLED12_CKO Pin=LED13-CKI
Added Net: Name=NetLED12_CKO
Added Pin To Net: NetName=NetLED12_SDO Pin=LED12-SDO
Added Pin To Net: NetName=NetLED12_SDO Pin=LED13-SDI
Added Net: Name=NetLED12_SDO
Added Pin To Net: NetName=NetLED13_CKO Pin=LED13-CKO
Added Pin To Net: NetName=NetLED13_CKO Pin=LED14-CKI
Added Net: Name=NetLED13_CKO
Added Pin To Net: NetName=NetLED13_SDO Pin=LED13-SDO
Added Pin To Net: NetName=NetLED13_SDO Pin=LED14-SDI
Added Net: Name=NetLED13_SDO
Added Pin To Net: NetName=NetLED14_CKO Pin=LED14-CKO
Added Pin To Net: NetName=NetLED14_CKO Pin=LED15-CKI
Added Net: Name=NetLED14_CKO
Added Pin To Net: NetName=NetLED14_SDO Pin=LED14-SDO
Added Pin To Net: NetName=NetLED14_SDO Pin=LED15-SDI
Added Net: Name=NetLED14_SDO
Added Pin To Net: NetName=NetLED15_CKO Pin=LED15-CKO
Added Pin To Net: NetName=NetLED15_CKO Pin=LED16-CKI
Added Net: Name=NetLED15_CKO
Added Pin To Net: NetName=NetLED15_SDO Pin=LED15-SDO
Added Pin To Net: NetName=NetLED15_SDO Pin=LED16-SDI
Added Net: Name=NetLED15_SDO
Added Pin To Net: NetName=NetLED16_CKO Pin=LED16-CKO
Added Pin To Net: NetName=NetLED16_CKO Pin=LED17-CKI
Added Net: Name=NetLED16_CKO
Added Pin To Net: NetName=NetLED16_SDO Pin=LED16-SDO
Added Pin To Net: NetName=NetLED16_SDO Pin=LED17-SDI
Added Net: Name=NetLED16_SDO
Added Pin To Net: NetName=NetLED17_CKO Pin=LED17-CKO
Added Pin To Net: NetName=NetLED17_CKO Pin=LED18-CKI
Added Net: Name=NetLED17_CKO
Added Pin To Net: NetName=NetLED17_SDO Pin=LED17-SDO
Added Pin To Net: NetName=NetLED17_SDO Pin=LED18-SDI
Added Net: Name=NetLED17_SDO
Added Pin To Net: NetName=NetLED18_CKO Pin=LED18-CKO
Added Pin To Net: NetName=NetLED18_CKO Pin=LED19-CKI
Added Net: Name=NetLED18_CKO
Added Pin To Net: NetName=NetLED18_SDO Pin=LED18-SDO
Added Pin To Net: NetName=NetLED18_SDO Pin=LED19-SDI
Added Net: Name=NetLED18_SDO
Added Pin To Net: NetName=NetLED19_CKO Pin=LED19-CKO
Added Pin To Net: NetName=NetLED19_CKO Pin=LED20-CKI
Added Net: Name=NetLED19_CKO
Added Pin To Net: NetName=NetLED19_SDO Pin=LED19-SDO
Added Pin To Net: NetName=NetLED19_SDO Pin=LED20-SDI
Added Net: Name=NetLED19_SDO
Added Pin To Net: NetName=NetLED20_CKO Pin=LED20-CKO
Added Pin To Net: NetName=NetLED20_CKO Pin=LED21-CKI
Added Net: Name=NetLED20_CKO
Added Pin To Net: NetName=NetLED20_SDO Pin=LED20-SDO
Added Pin To Net: NetName=NetLED20_SDO Pin=LED21-SDI
Added Net: Name=NetLED20_SDO
Added Pin To Net: NetName=NetLED21_CKO Pin=LED21-CKO
Added Pin To Net: NetName=NetLED21_CKO Pin=LED22-CKI
Added Net: Name=NetLED21_CKO
Added Pin To Net: NetName=NetLED21_SDO Pin=LED21-SDO
Added Pin To Net: NetName=NetLED21_SDO Pin=LED22-SDI
Added Net: Name=NetLED21_SDO
Added Pin To Net: NetName=NetLED22_CKO Pin=LED22-CKO
Added Pin To Net: NetName=NetLED22_CKO Pin=LED23-CKI
Added Net: Name=NetLED22_CKO
Added Pin To Net: NetName=NetLED22_SDO Pin=LED22-SDO
Added Pin To Net: NetName=NetLED22_SDO Pin=LED23-SDI
Added Net: Name=NetLED22_SDO
Added Pin To Net: NetName=NetLED23_CKO Pin=LED23-CKO
Added Pin To Net: NetName=NetLED23_CKO Pin=LED24-CKI
Added Net: Name=NetLED23_CKO
Added Pin To Net: NetName=NetLED23_SDO Pin=LED23-SDO
Added Pin To Net: NetName=NetLED23_SDO Pin=LED24-SDI
Added Net: Name=NetLED23_SDO
Added Pin To Net: NetName=NetLED24_CKO Pin=LED24-CKO
Added Pin To Net: NetName=NetLED24_CKO Pin=LED25-CKI
Added Net: Name=NetLED24_CKO
Added Pin To Net: NetName=NetLED24_SDO Pin=LED24-SDO
Added Pin To Net: NetName=NetLED24_SDO Pin=LED25-SDI
Added Net: Name=NetLED24_SDO
Added Pin To Net: NetName=NetLED25_CKO Pin=LED25-CKO
Added Pin To Net: NetName=NetLED25_CKO Pin=LED26-CKI
Added Net: Name=NetLED25_CKO
Added Pin To Net: NetName=NetLED25_SDO Pin=LED25-SDO
Added Pin To Net: NetName=NetLED25_SDO Pin=LED26-SDI
Added Net: Name=NetLED25_SDO
Added Pin To Net: NetName=NetLED26_CKO Pin=LED26-CKO
Added Pin To Net: NetName=NetLED26_CKO Pin=LED27-CKI
Added Net: Name=NetLED26_CKO
Added Pin To Net: NetName=NetLED26_SDO Pin=LED26-SDO
Added Pin To Net: NetName=NetLED26_SDO Pin=LED27-SDI
Added Net: Name=NetLED26_SDO
Added Pin To Net: NetName=NetLED27_CKO Pin=LED27-CKO
Added Pin To Net: NetName=NetLED27_CKO Pin=LED28-CKI
Added Net: Name=NetLED27_CKO
Added Pin To Net: NetName=NetLED27_SDO Pin=LED27-SDO
Added Pin To Net: NetName=NetLED27_SDO Pin=LED28-SDI
Added Net: Name=NetLED27_SDO
Added Pin To Net: NetName=NetLED28_CKO Pin=LED28-CKO
Added Pin To Net: NetName=NetLED28_CKO Pin=LED29-CKI
Added Net: Name=NetLED28_CKO
Added Pin To Net: NetName=NetLED28_SDO Pin=LED28-SDO
Added Pin To Net: NetName=NetLED28_SDO Pin=LED29-SDI
Added Net: Name=NetLED28_SDO
Added Pin To Net: NetName=NetLED29_CKO Pin=LED29-CKO
Added Pin To Net: NetName=NetLED29_CKO Pin=LED30-CKI
Added Net: Name=NetLED29_CKO
Added Pin To Net: NetName=NetLED29_SDO Pin=LED29-SDO
Added Pin To Net: NetName=NetLED29_SDO Pin=LED30-SDI
Added Net: Name=NetLED29_SDO
Added Pin To Net: NetName=NetLED30_CKO Pin=LED30-CKO
Added Pin To Net: NetName=NetLED30_CKO Pin=LED31-CKI
Added Net: Name=NetLED30_CKO
Added Pin To Net: NetName=NetLED30_SDO Pin=LED30-SDO
Added Pin To Net: NetName=NetLED30_SDO Pin=LED31-SDI
Added Net: Name=NetLED30_SDO
Added Pin To Net: NetName=NetLED31_CKO Pin=LED31-CKO
Added Pin To Net: NetName=NetLED31_CKO Pin=LED32-CKI
Added Net: Name=NetLED31_CKO
Added Pin To Net: NetName=NetLED31_SDO Pin=LED31-SDO
Added Pin To Net: NetName=NetLED31_SDO Pin=LED32-SDI
Added Net: Name=NetLED31_SDO
Added Pin To Net: NetName=NetLED32_CKO Pin=LED32-CKO
Added Pin To Net: NetName=NetLED32_CKO Pin=LED33-CKI
Added Net: Name=NetLED32_CKO
Added Pin To Net: NetName=NetLED32_SDO Pin=LED32-SDO
Added Pin To Net: NetName=NetLED32_SDO Pin=LED33-SDI
Added Net: Name=NetLED32_SDO
Added Pin To Net: NetName=NetLED33_CKO Pin=LED33-CKO
Added Pin To Net: NetName=NetLED33_CKO Pin=LED34-CKI
Added Net: Name=NetLED33_CKO
Added Pin To Net: NetName=NetLED33_SDO Pin=LED33-SDO
Added Pin To Net: NetName=NetLED33_SDO Pin=LED34-SDI
Added Net: Name=NetLED33_SDO
Added Pin To Net: NetName=NetLED34_CKO Pin=LED34-CKO
Added Pin To Net: NetName=NetLED34_CKO Pin=LED35-CKI
Added Net: Name=NetLED34_CKO
Added Pin To Net: NetName=NetLED34_SDO Pin=LED34-SDO
Added Pin To Net: NetName=NetLED34_SDO Pin=LED35-SDI
Added Net: Name=NetLED34_SDO
Added Pin To Net: NetName=NetLED35_CKO Pin=LED35-CKO
Added Pin To Net: NetName=NetLED35_CKO Pin=LED36-CKI
Added Net: Name=NetLED35_CKO
Added Pin To Net: NetName=NetLED35_SDO Pin=LED35-SDO
Added Pin To Net: NetName=NetLED35_SDO Pin=LED36-SDI
Added Net: Name=NetLED35_SDO
Added Pin To Net: NetName=NetLED36_CKO Pin=LED36-CKO
Added Pin To Net: NetName=NetLED36_CKO Pin=LED37-CKI
Added Net: Name=NetLED36_CKO
Added Pin To Net: NetName=NetLED36_SDO Pin=LED36-SDO
Added Pin To Net: NetName=NetLED36_SDO Pin=LED37-SDI
Added Net: Name=NetLED36_SDO
Added Pin To Net: NetName=NetLED37_CKO Pin=LED37-CKO
Added Pin To Net: NetName=NetLED37_CKO Pin=LED38-CKI
Added Net: Name=NetLED37_CKO
Added Pin To Net: NetName=NetLED37_SDO Pin=LED37-SDO
Added Pin To Net: NetName=NetLED37_SDO Pin=LED38-SDI
Added Net: Name=NetLED37_SDO
Added Pin To Net: NetName=NetLED38_CKO Pin=LED38-CKO
Added Pin To Net: NetName=NetLED38_CKO Pin=LED39-CKI
Added Net: Name=NetLED38_CKO
Added Pin To Net: NetName=NetLED38_SDO Pin=LED38-SDO
Added Pin To Net: NetName=NetLED38_SDO Pin=LED39-SDI
Added Net: Name=NetLED38_SDO
Added Pin To Net: NetName=NetLED39_CKO Pin=LED39-CKO
Added Pin To Net: NetName=NetLED39_CKO Pin=LED40-CKI
Added Net: Name=NetLED39_CKO
Added Pin To Net: NetName=NetLED39_SDO Pin=LED39-SDO
Added Pin To Net: NetName=NetLED39_SDO Pin=LED40-SDI
Added Net: Name=NetLED39_SDO
Added Pin To Net: NetName=NetLED40_CKO Pin=LED40-CKO
Added Pin To Net: NetName=NetLED40_CKO Pin=LED41-CKI
Added Net: Name=NetLED40_CKO
Added Pin To Net: NetName=NetLED40_SDO Pin=LED40-SDO
Added Pin To Net: NetName=NetLED40_SDO Pin=LED41-SDI
Added Net: Name=NetLED40_SDO
Added Pin To Net: NetName=NetLED41_CKO Pin=LED41-CKO
Added Pin To Net: NetName=NetLED41_CKO Pin=LED42-CKI
Added Net: Name=NetLED41_CKO
Added Pin To Net: NetName=NetLED41_SDO Pin=LED41-SDO
Added Pin To Net: NetName=NetLED41_SDO Pin=LED42-SDI
Added Net: Name=NetLED41_SDO
Added Pin To Net: NetName=NetLED42_CKO Pin=LED42-CKO
Added Pin To Net: NetName=NetLED42_CKO Pin=LED43-CKI
Added Net: Name=NetLED42_CKO
Added Pin To Net: NetName=NetLED42_SDO Pin=LED42-SDO
Added Pin To Net: NetName=NetLED42_SDO Pin=LED43-SDI
Added Net: Name=NetLED42_SDO
Added Pin To Net: NetName=NetLED43_CKO Pin=LED43-CKO
Added Pin To Net: NetName=NetLED43_CKO Pin=LED44-CKI
Added Net: Name=NetLED43_CKO
Added Pin To Net: NetName=NetLED43_SDO Pin=LED43-SDO
Added Pin To Net: NetName=NetLED43_SDO Pin=LED44-SDI
Added Net: Name=NetLED43_SDO
Added Pin To Net: NetName=NetLED44_CKO Pin=LED44-CKO
Added Pin To Net: NetName=NetLED44_CKO Pin=LED45-CKI
Added Net: Name=NetLED44_CKO
Added Pin To Net: NetName=NetLED44_SDO Pin=LED44-SDO
Added Pin To Net: NetName=NetLED44_SDO Pin=LED45-SDI
Added Net: Name=NetLED44_SDO
Added Pin To Net: NetName=NetLED45_CKO Pin=LED45-CKO
Added Pin To Net: NetName=NetLED45_CKO Pin=LED46-CKI
Added Net: Name=NetLED45_CKO
Added Pin To Net: NetName=NetLED45_SDO Pin=LED45-SDO
Added Pin To Net: NetName=NetLED45_SDO Pin=LED46-SDI
Added Net: Name=NetLED45_SDO
Added Pin To Net: NetName=NetLED46_CKO Pin=LED46-CKO
Added Pin To Net: NetName=NetLED46_CKO Pin=LED47-CKI
Added Net: Name=NetLED46_CKO
Added Pin To Net: NetName=NetLED46_SDO Pin=LED46-SDO
Added Pin To Net: NetName=NetLED46_SDO Pin=LED47-SDI
Added Net: Name=NetLED46_SDO
Added Pin To Net: NetName=NetLED47_CKO Pin=LED47-CKO
Added Pin To Net: NetName=NetLED47_CKO Pin=LED48-CKI
Added Net: Name=NetLED47_CKO
Added Pin To Net: NetName=NetLED47_SDO Pin=LED47-SDO
Added Pin To Net: NetName=NetLED47_SDO Pin=LED48-SDI
Added Net: Name=NetLED47_SDO
Added Pin To Net: NetName=NetLED48_CKO Pin=LED48-CKO
Added Pin To Net: NetName=NetLED48_CKO Pin=LED49-CKI
Added Net: Name=NetLED48_CKO
Added Pin To Net: NetName=NetLED48_SDO Pin=LED48-SDO
Added Pin To Net: NetName=NetLED48_SDO Pin=LED49-SDI
Added Net: Name=NetLED48_SDO
Added Pin To Net: NetName=NetLED49_CKO Pin=LED49-CKO
Added Pin To Net: NetName=NetLED49_CKO Pin=LED50-CKI
Added Net: Name=NetLED49_CKO
Added Pin To Net: NetName=NetLED49_SDO Pin=LED49-SDO
Added Pin To Net: NetName=NetLED49_SDO Pin=LED50-SDI
Added Net: Name=NetLED49_SDO
Added Pin To Net: NetName=NetLED50_CKO Pin=LED50-CKO
Added Pin To Net: NetName=NetLED50_CKO Pin=LED51-CKI
Added Net: Name=NetLED50_CKO
Added Pin To Net: NetName=NetLED50_SDO Pin=LED50-SDO
Added Pin To Net: NetName=NetLED50_SDO Pin=LED51-SDI
Added Net: Name=NetLED50_SDO
Added Pin To Net: NetName=NetLED51_CKO Pin=LED51-CKO
Added Pin To Net: NetName=NetLED51_CKO Pin=LED52-CKI
Added Net: Name=NetLED51_CKO
Added Pin To Net: NetName=NetLED51_SDO Pin=LED51-SDO
Added Pin To Net: NetName=NetLED51_SDO Pin=LED52-SDI
Added Net: Name=NetLED51_SDO
Added Pin To Net: NetName=NetLED52_CKO Pin=LED52-CKO
Added Pin To Net: NetName=NetLED52_CKO Pin=LED53-CKI
Added Net: Name=NetLED52_CKO
Added Pin To Net: NetName=NetLED52_SDO Pin=LED52-SDO
Added Pin To Net: NetName=NetLED52_SDO Pin=LED53-SDI
Added Net: Name=NetLED52_SDO
Added Pin To Net: NetName=NetLED53_CKO Pin=LED53-CKO
Added Pin To Net: NetName=NetLED53_CKO Pin=LED54-CKI
Added Net: Name=NetLED53_CKO
Added Pin To Net: NetName=NetLED53_SDO Pin=LED53-SDO
Added Pin To Net: NetName=NetLED53_SDO Pin=LED54-SDI
Added Net: Name=NetLED53_SDO
Added Pin To Net: NetName=NetLED54_CKO Pin=LED54-CKO
Added Pin To Net: NetName=NetLED54_CKO Pin=LED55-CKI
Added Net: Name=NetLED54_CKO
Added Pin To Net: NetName=NetLED54_SDO Pin=LED54-SDO
Added Pin To Net: NetName=NetLED54_SDO Pin=LED55-SDI
Added Net: Name=NetLED54_SDO
Added Pin To Net: NetName=NetLED55_CKO Pin=LED55-CKO
Added Pin To Net: NetName=NetLED55_CKO Pin=LED56-CKI
Added Net: Name=NetLED55_CKO
Added Pin To Net: NetName=NetLED55_SDO Pin=LED55-SDO
Added Pin To Net: NetName=NetLED55_SDO Pin=LED56-SDI
Added Net: Name=NetLED55_SDO
Added Pin To Net: NetName=NetLED56_CKO Pin=LED56-CKO
Added Pin To Net: NetName=NetLED56_CKO Pin=LED57-CKI
Added Net: Name=NetLED56_CKO
Added Pin To Net: NetName=NetLED56_SDO Pin=LED56-SDO
Added Pin To Net: NetName=NetLED56_SDO Pin=LED57-SDI
Added Net: Name=NetLED56_SDO
Added Pin To Net: NetName=NetLED57_CKO Pin=LED57-CKO
Added Pin To Net: NetName=NetLED57_CKO Pin=LED58-CKI
Added Net: Name=NetLED57_CKO
Added Pin To Net: NetName=NetLED57_SDO Pin=LED57-SDO
Added Pin To Net: NetName=NetLED57_SDO Pin=LED58-SDI
Added Net: Name=NetLED57_SDO
Added Pin To Net: NetName=NetLED58_CKO Pin=LED58-CKO
Added Pin To Net: NetName=NetLED58_CKO Pin=LED59-CKI
Added Net: Name=NetLED58_CKO
Added Pin To Net: NetName=NetLED58_SDO Pin=LED58-SDO
Added Pin To Net: NetName=NetLED58_SDO Pin=LED59-SDI
Added Net: Name=NetLED58_SDO
Added Pin To Net: NetName=NetLED59_CKO Pin=LED59-CKO
Added Pin To Net: NetName=NetLED59_CKO Pin=LED60-CKI
Added Net: Name=NetLED59_CKO
Added Pin To Net: NetName=NetLED59_SDO Pin=LED59-SDO
Added Pin To Net: NetName=NetLED59_SDO Pin=LED60-SDI
Added Net: Name=NetLED59_SDO
Added Pin To Net: NetName=NetLED60_CKO Pin=LED60-CKO
Added Pin To Net: NetName=NetLED60_CKO Pin=LED61-CKI
Added Net: Name=NetLED60_CKO
Added Pin To Net: NetName=NetLED60_SDO Pin=LED60-SDO
Added Pin To Net: NetName=NetLED60_SDO Pin=LED61-SDI
Added Net: Name=NetLED60_SDO
Added Pin To Net: NetName=NetLED61_CKO Pin=LED61-CKO
Added Pin To Net: NetName=NetLED61_CKO Pin=LED62-CKI
Added Net: Name=NetLED61_CKO
Added Pin To Net: NetName=NetLED61_SDO Pin=LED61-SDO
Added Pin To Net: NetName=NetLED61_SDO Pin=LED62-SDI
Added Net: Name=NetLED61_SDO
Added Pin To Net: NetName=NetLED62_CKO Pin=LED62-CKO
Added Pin To Net: NetName=NetLED62_CKO Pin=LED63-CKI
Added Net: Name=NetLED62_CKO
Added Pin To Net: NetName=NetLED62_SDO Pin=LED62-SDO
Added Pin To Net: NetName=NetLED62_SDO Pin=LED63-SDI
Added Net: Name=NetLED62_SDO
Added Pin To Net: NetName=NetLED63_CKO Pin=LED63-CKO
Added Pin To Net: NetName=NetLED63_CKO Pin=LED64-CKI
Added Net: Name=NetLED63_CKO
Added Pin To Net: NetName=NetLED63_SDO Pin=LED63-SDO
Added Pin To Net: NetName=NetLED63_SDO Pin=LED64-SDI
Added Net: Name=NetLED63_SDO
