Added Component: Designator=319_1(319_4)
Added Component: Designator=319_2(319_4)
Added Component: Designator=319_3(319_4)
Added Component: Designator=319_4(319_4)
Added Component: Designator=H1(NPPN201BFLC-RC)
Added Component: Designator=H2(NPPN201BFLC-RC)
Added Component: Designator=H_3_1(3POSHEADER)
Added Component: Designator=IR1(IR26_51C)
Added Component: Designator=IR2(IR26_51C)
Added Component: Designator=IR3(IR26_51C)
Added Component: Designator=IR4(IR26_51C)
Added Component: Designator=IR5(IR26_51C)
Added Component: Designator=IR6(IR26_51C)
Added Component: Designator=IR7(IR26_51C)
Added Component: Designator=IR8(IR26_51C)
Added Component: Designator=IR9(IR26_51C)
Added Component: Designator=IR10(IR26_51C)
Added Component: Designator=IR11(IR26_51C)
Added Component: Designator=IR12(IR26_51C)
Added Component: Designator=IR13(IR26_51C)
Added Component: Designator=IR14(IR26_51C)
Added Component: Designator=IR15(IR26_51C)
Added Component: Designator=IR16(IR26_51C)
Added Component: Designator=IR17(IR26_51C)
Added Component: Designator=IR18(IR26_51C)
Added Component: Designator=IR19(IR26_51C)
Added Component: Designator=IR20(IR26_51C)
Added Component: Designator=IR21(IR26_51C)
Added Component: Designator=IR22(IR26_51C)
Added Component: Designator=IR23(IR26_51C)
Added Component: Designator=IR24(IR26_51C)
Added Component: Designator=IR25(IR26_51C)
Added Component: Designator=IR26(IR26_51C)
Added Component: Designator=IR27(IR26_51C)
Added Component: Designator=IR28(IR26_51C)
Added Component: Designator=IR29(IR26_51C)
Added Component: Designator=IR30(IR26_51C)
Added Component: Designator=IR31(IR26_51C)
Added Component: Designator=IR32(IR26_51C)
Added Component: Designator=IR33(IR26_51C)
Added Component: Designator=IR34(IR26_51C)
Added Component: Designator=IR35(IR26_51C)
Added Component: Designator=IR36(IR26_51C)
Added Component: Designator=IR37(IR26_51C)
Added Component: Designator=IR38(IR26_51C)
Added Component: Designator=IR39(IR26_51C)
Added Component: Designator=IR40(IR26_51C)
Added Component: Designator=IR41(IR26_51C)
Added Component: Designator=IR42(IR26_51C)
Added Component: Designator=IR43(IR26_51C)
Added Component: Designator=IR44(IR26_51C)
Added Component: Designator=IR45(IR26_51C)
Added Component: Designator=IR46(IR26_51C)
Added Component: Designator=IR47(IR26_51C)
Added Component: Designator=IR48(IR26_51C)
Added Component: Designator=IR49(IR26_51C)
Added Component: Designator=IR50(IR26_51C)
Added Component: Designator=IR51(IR26_51C)
Added Component: Designator=IR52(IR26_51C)
Added Component: Designator=IR53(IR26_51C)
Added Component: Designator=IR54(IR26_51C)
Added Component: Designator=IR55(IR26_51C)
Added Component: Designator=IR56(IR26_51C)
Added Component: Designator=IR57(IR26_51C)
Added Component: Designator=IR58(IR26_51C)
Added Component: Designator=IR59(IR26_51C)
Added Component: Designator=IR60(IR26_51C)
Added Component: Designator=IR61(IR26_51C)
Added Component: Designator=IR62(IR26_51C)
Added Component: Designator=IR63(IR26_51C)
Added Component: Designator=IR64(IR26_51C)
Added Component: Designator=IR_R1(J1-0603)
Added Component: Designator=IR_R2(J1-0603)
Added Component: Designator=IR_R3(J1-0603)
Added Component: Designator=IR_R4(J1-0603)
Added Component: Designator=IR_R5(J1-0603)
Added Component: Designator=IR_R6(J1-0603)
Added Component: Designator=IR_R7(J1-0603)
Added Component: Designator=IR_R8(J1-0603)
Added Component: Designator=IR_R9(J1-0603)
Added Component: Designator=IR_R10(J1-0603)
Added Component: Designator=IR_R11(J1-0603)
Added Component: Designator=IR_R12(J1-0603)
Added Component: Designator=IR_R13(J1-0603)
Added Component: Designator=IR_R14(J1-0603)
Added Component: Designator=IR_R15(J1-0603)
Added Component: Designator=IR_R16(J1-0603)
Added Component: Designator=IR_R17(J1-0603)
Added Component: Designator=IR_R18(J1-0603)
Added Component: Designator=IR_R19(J1-0603)
Added Component: Designator=IR_R20(J1-0603)
Added Component: Designator=IR_R21(J1-0603)
Added Component: Designator=IR_R22(J1-0603)
Added Component: Designator=IR_R23(J1-0603)
Added Component: Designator=IR_R24(J1-0603)
Added Component: Designator=IR_R25(J1-0603)
Added Component: Designator=IR_R26(J1-0603)
Added Component: Designator=IR_R27(J1-0603)
Added Component: Designator=IR_R28(J1-0603)
Added Component: Designator=IR_R29(J1-0603)
Added Component: Designator=IR_R30(J1-0603)
Added Component: Designator=IR_R31(J1-0603)
Added Component: Designator=IR_R32(J1-0603)
Added Component: Designator=IR_R33(J1-0603)
Added Component: Designator=IR_R34(J1-0603)
Added Component: Designator=IR_R35(J1-0603)
Added Component: Designator=IR_R36(J1-0603)
Added Component: Designator=IR_R37(J1-0603)
Added Component: Designator=IR_R38(J1-0603)
Added Component: Designator=IR_R39(J1-0603)
Added Component: Designator=IR_R40(J1-0603)
Added Component: Designator=IR_R41(J1-0603)
Added Component: Designator=IR_R42(J1-0603)
Added Component: Designator=IR_R43(J1-0603)
Added Component: Designator=IR_R44(J1-0603)
Added Component: Designator=IR_R45(J1-0603)
Added Component: Designator=IR_R46(J1-0603)
Added Component: Designator=IR_R47(J1-0603)
Added Component: Designator=IR_R48(J1-0603)
Added Component: Designator=IR_R49(J1-0603)
Added Component: Designator=IR_R50(J1-0603)
Added Component: Designator=IR_R51(J1-0603)
Added Component: Designator=IR_R52(J1-0603)
Added Component: Designator=IR_R53(J1-0603)
Added Component: Designator=IR_R54(J1-0603)
Added Component: Designator=IR_R55(J1-0603)
Added Component: Designator=IR_R56(J1-0603)
Added Component: Designator=IR_R57(J1-0603)
Added Component: Designator=IR_R58(J1-0603)
Added Component: Designator=IR_R59(J1-0603)
Added Component: Designator=IR_R60(J1-0603)
Added Component: Designator=IR_R61(J1-0603)
Added Component: Designator=IR_R62(J1-0603)
Added Component: Designator=IR_R63(J1-0603)
Added Component: Designator=IR_R64(J1-0603)
Added Component: Designator=LED1(SON75P200X200X100-6N)
Added Component: Designator=LED2(SON75P200X200X100-6N)
Added Component: Designator=LED3(SON75P200X200X100-6N)
Added Component: Designator=LED4(SON75P200X200X100-6N)
Added Component: Designator=LED5(SON75P200X200X100-6N)
Added Component: Designator=LED6(SON75P200X200X100-6N)
Added Component: Designator=LED7(SON75P200X200X100-6N)
Added Component: Designator=LED8(SON75P200X200X100-6N)
Added Component: Designator=LED9(SON75P200X200X100-6N)
Added Component: Designator=LED10(SON75P200X200X100-6N)
Added Component: Designator=LED11(SON75P200X200X100-6N)
Added Component: Designator=LED12(SON75P200X200X100-6N)
Added Component: Designator=LED13(SON75P200X200X100-6N)
Added Component: Designator=LED14(SON75P200X200X100-6N)
Added Component: Designator=LED15(SON75P200X200X100-6N)
Added Component: Designator=LED16(SON75P200X200X100-6N)
Added Component: Designator=LED17(SON75P200X200X100-6N)
Added Component: Designator=LED18(SON75P200X200X100-6N)
Added Component: Designator=LED19(SON75P200X200X100-6N)
Added Component: Designator=LED20(SON75P200X200X100-6N)
Added Component: Designator=LED21(SON75P200X200X100-6N)
Added Component: Designator=LED22(SON75P200X200X100-6N)
Added Component: Designator=LED23(SON75P200X200X100-6N)
Added Component: Designator=LED24(SON75P200X200X100-6N)
Added Component: Designator=LED25(SON75P200X200X100-6N)
Added Component: Designator=LED26(SON75P200X200X100-6N)
Added Component: Designator=LED27(SON75P200X200X100-6N)
Added Component: Designator=LED28(SON75P200X200X100-6N)
Added Component: Designator=LED29(SON75P200X200X100-6N)
Added Component: Designator=LED30(SON75P200X200X100-6N)
Added Component: Designator=LED31(SON75P200X200X100-6N)
Added Component: Designator=LED32(SON75P200X200X100-6N)
Added Component: Designator=LED33(SON75P200X200X100-6N)
Added Component: Designator=LED34(SON75P200X200X100-6N)
Added Component: Designator=LED35(SON75P200X200X100-6N)
Added Component: Designator=LED36(SON75P200X200X100-6N)
Added Component: Designator=LED37(SON75P200X200X100-6N)
Added Component: Designator=LED38(SON75P200X200X100-6N)
Added Component: Designator=LED39(SON75P200X200X100-6N)
Added Component: Designator=LED40(SON75P200X200X100-6N)
Added Component: Designator=LED41(SON75P200X200X100-6N)
Added Component: Designator=LED42(SON75P200X200X100-6N)
Added Component: Designator=LED43(SON75P200X200X100-6N)
Added Component: Designator=LED44(SON75P200X200X100-6N)
Added Component: Designator=LED45(SON75P200X200X100-6N)
Added Component: Designator=LED46(SON75P200X200X100-6N)
Added Component: Designator=LED47(SON75P200X200X100-6N)
Added Component: Designator=LED48(SON75P200X200X100-6N)
Added Component: Designator=LED49(SON75P200X200X100-6N)
Added Component: Designator=LED50(SON75P200X200X100-6N)
Added Component: Designator=LED51(SON75P200X200X100-6N)
Added Component: Designator=LED52(SON75P200X200X100-6N)
Added Component: Designator=LED53(SON75P200X200X100-6N)
Added Component: Designator=LED54(SON75P200X200X100-6N)
Added Component: Designator=LED55(SON75P200X200X100-6N)
Added Component: Designator=LED56(SON75P200X200X100-6N)
Added Component: Designator=LED57(SON75P200X200X100-6N)
Added Component: Designator=LED58(SON75P200X200X100-6N)
Added Component: Designator=LED59(SON75P200X200X100-6N)
Added Component: Designator=LED60(SON75P200X200X100-6N)
Added Component: Designator=LED61(SON75P200X200X100-6N)
Added Component: Designator=LED62(SON75P200X200X100-6N)
Added Component: Designator=LED63(SON75P200X200X100-6N)
Added Component: Designator=LED64(SON75P200X200X100-6N)
Added Component: Designator=MOSN0(SOT95P285X130-3N)
Added Component: Designator=MOSN1(SOT95P285X130-3N)
Added Component: Designator=MOSN2(SOT95P285X130-3N)
Added Component: Designator=MOSN3(SOT95P285X130-3N)
Added Component: Designator=MOSN4(SOT95P285X130-3N)
Added Component: Designator=MOSN5(SOT95P285X130-3N)
Added Component: Designator=MOSN6(SOT95P285X130-3N)
Added Component: Designator=MOSN7(SOT95P285X130-3N)
Added Component: Designator=MOSP0(SOT65P220X100-3N)
Added Component: Designator=MOSP1(SOT65P220X100-3N)
Added Component: Designator=MOSP2(SOT65P220X100-3N)
Added Component: Designator=MOSP3(SOT65P220X100-3N)
Added Component: Designator=MOSP4(SOT65P220X100-3N)
Added Component: Designator=MOSP5(SOT65P220X100-3N)
Added Component: Designator=MOSP6(SOT65P220X100-3N)
Added Component: Designator=MOSP7(SOT65P220X100-3N)
Added Component: Designator=MUX1(SOP65P640X110-16N)
Added Component: Designator=MUX2(SOP65P640X110-16N)
Added Component: Designator=PT1(PT26-51B)
Added Component: Designator=PT2(PT26-51B)
Added Component: Designator=PT3(PT26-51B)
Added Component: Designator=PT4(PT26-51B)
Added Component: Designator=PT5(PT26-51B)
Added Component: Designator=PT6(PT26-51B)
Added Component: Designator=PT7(PT26-51B)
Added Component: Designator=PT8(PT26-51B)
Added Component: Designator=PT9(PT26-51B)
Added Component: Designator=PT10(PT26-51B)
Added Component: Designator=PT11(PT26-51B)
Added Component: Designator=PT12(PT26-51B)
Added Component: Designator=PT13(PT26-51B)
Added Component: Designator=PT14(PT26-51B)
Added Component: Designator=PT15(PT26-51B)
Added Component: Designator=PT16(PT26-51B)
Added Component: Designator=PT17(PT26-51B)
Added Component: Designator=PT18(PT26-51B)
Added Component: Designator=PT19(PT26-51B)
Added Component: Designator=PT20(PT26-51B)
Added Component: Designator=PT21(PT26-51B)
Added Component: Designator=PT22(PT26-51B)
Added Component: Designator=PT23(PT26-51B)
Added Component: Designator=PT24(PT26-51B)
Added Component: Designator=PT25(PT26-51B)
Added Component: Designator=PT26(PT26-51B)
Added Component: Designator=PT27(PT26-51B)
Added Component: Designator=PT28(PT26-51B)
Added Component: Designator=PT29(PT26-51B)
Added Component: Designator=PT30(PT26-51B)
Added Component: Designator=PT31(PT26-51B)
Added Component: Designator=PT32(PT26-51B)
Added Component: Designator=PT33(PT26-51B)
Added Component: Designator=PT34(PT26-51B)
Added Component: Designator=PT35(PT26-51B)
Added Component: Designator=PT36(PT26-51B)
Added Component: Designator=PT37(PT26-51B)
Added Component: Designator=PT38(PT26-51B)
Added Component: Designator=PT39(PT26-51B)
Added Component: Designator=PT40(PT26-51B)
Added Component: Designator=PT41(PT26-51B)
Added Component: Designator=PT42(PT26-51B)
Added Component: Designator=PT43(PT26-51B)
Added Component: Designator=PT44(PT26-51B)
Added Component: Designator=PT45(PT26-51B)
Added Component: Designator=PT46(PT26-51B)
Added Component: Designator=PT47(PT26-51B)
Added Component: Designator=PT48(PT26-51B)
Added Component: Designator=PT49(PT26-51B)
Added Component: Designator=PT50(PT26-51B)
Added Component: Designator=PT51(PT26-51B)
Added Component: Designator=PT52(PT26-51B)
Added Component: Designator=PT53(PT26-51B)
Added Component: Designator=PT54(PT26-51B)
Added Component: Designator=PT55(PT26-51B)
Added Component: Designator=PT56(PT26-51B)
Added Component: Designator=PT57(PT26-51B)
Added Component: Designator=PT58(PT26-51B)
Added Component: Designator=PT59(PT26-51B)
Added Component: Designator=PT60(PT26-51B)
Added Component: Designator=PT61(PT26-51B)
Added Component: Designator=PT62(PT26-51B)
Added Component: Designator=PT63(PT26-51B)
Added Component: Designator=PT64(PT26-51B)
Added Component: Designator=PT_R1(J1-0603)
Added Component: Designator=PT_R2(J1-0603)
Added Component: Designator=PT_R3(J1-0603)
Added Component: Designator=PT_R4(J1-0603)
Added Component: Designator=PT_R5(J1-0603)
Added Component: Designator=PT_R6(J1-0603)
Added Component: Designator=PT_R7(J1-0603)
Added Component: Designator=PT_R8(J1-0603)
Added Component: Designator=PT_R9(J1-0603)
Added Component: Designator=PT_R10(J1-0603)
Added Component: Designator=PT_R11(J1-0603)
Added Component: Designator=PT_R12(J1-0603)
Added Component: Designator=PT_R13(J1-0603)
Added Component: Designator=PT_R14(J1-0603)
Added Component: Designator=PT_R15(J1-0603)
Added Component: Designator=PT_R16(J1-0603)
Added Component: Designator=PT_R17(J1-0603)
Added Component: Designator=PT_R18(J1-0603)
Added Component: Designator=PT_R19(J1-0603)
Added Component: Designator=PT_R20(J1-0603)
Added Component: Designator=PT_R21(J1-0603)
Added Component: Designator=PT_R22(J1-0603)
Added Component: Designator=PT_R23(J1-0603)
Added Component: Designator=PT_R24(J1-0603)
Added Component: Designator=PT_R25(J1-0603)
Added Component: Designator=PT_R26(J1-0603)
Added Component: Designator=PT_R27(J1-0603)
Added Component: Designator=PT_R28(J1-0603)
Added Component: Designator=PT_R29(J1-0603)
Added Component: Designator=PT_R30(J1-0603)
Added Component: Designator=PT_R31(J1-0603)
Added Component: Designator=PT_R32(J1-0603)
Added Component: Designator=PT_R33(J1-0603)
Added Component: Designator=PT_R34(J1-0603)
Added Component: Designator=PT_R35(J1-0603)
Added Component: Designator=PT_R36(J1-0603)
Added Component: Designator=PT_R37(J1-0603)
Added Component: Designator=PT_R38(J1-0603)
Added Component: Designator=PT_R39(J1-0603)
Added Component: Designator=PT_R40(J1-0603)
Added Component: Designator=PT_R41(J1-0603)
Added Component: Designator=PT_R42(J1-0603)
Added Component: Designator=PT_R43(J1-0603)
Added Component: Designator=PT_R44(J1-0603)
Added Component: Designator=PT_R45(J1-0603)
Added Component: Designator=PT_R46(J1-0603)
Added Component: Designator=PT_R47(J1-0603)
Added Component: Designator=PT_R48(J1-0603)
Added Component: Designator=PT_R49(J1-0603)
Added Component: Designator=PT_R50(J1-0603)
Added Component: Designator=PT_R51(J1-0603)
Added Component: Designator=PT_R52(J1-0603)
Added Component: Designator=PT_R53(J1-0603)
Added Component: Designator=PT_R54(J1-0603)
Added Component: Designator=PT_R55(J1-0603)
Added Component: Designator=PT_R56(J1-0603)
Added Component: Designator=PT_R57(J1-0603)
Added Component: Designator=PT_R58(J1-0603)
Added Component: Designator=PT_R59(J1-0603)
Added Component: Designator=PT_R60(J1-0603)
Added Component: Designator=PT_R61(J1-0603)
Added Component: Designator=PT_R62(J1-0603)
Added Component: Designator=PT_R63(J1-0603)
Added Component: Designator=PT_R64(J1-0603)
Added Component: Designator=Rcg0(J1-0603)
Added Component: Designator=Rcg1(J1-0603)
Added Component: Designator=Rcg2(J1-0603)
Added Component: Designator=Rcg3(J1-0603)
Added Component: Designator=Rcg4(J1-0603)
Added Component: Designator=Rcg5(J1-0603)
Added Component: Designator=Rcg6(J1-0603)
Added Component: Designator=Rcg7(J1-0603)
Added Component: Designator=Rci0(J1-0603)
Added Component: Designator=Rci1(J1-0603)
Added Component: Designator=Rci2(J1-0603)
Added Component: Designator=Rci3(J1-0603)
Added Component: Designator=Rci4(J1-0603)
Added Component: Designator=Rci5(J1-0603)
Added Component: Designator=Rci6(J1-0603)
Added Component: Designator=Rci7(J1-0603)
Added Component: Designator=Rin1(J1-0603)
Added Component: Designator=Rin2(J1-0603)
Added Component: Designator=Rin3(J1-0603)
Added Component: Designator=Rin4(J1-0603)
Added Component: Designator=Rin5(J1-0603)
Added Component: Designator=Rin6(J1-0603)
Added Component: Designator=Rin7(J1-0603)
Added Component: Designator=Rin8(J1-0603)
Added Component: Designator=Rvs1(J1-0603)
Added Component: Designator=Rvs2(J1-0603)
Added Component: Designator=Rvs3(J1-0603)
Added Component: Designator=Rvs4(J1-0603)
Added Component: Designator=Rvs5(J1-0603)
Added Component: Designator=Rvs6(J1-0603)
Added Component: Designator=Rvs7(J1-0603)
Added Component: Designator=Rvs8(J1-0603)
Added Pin To Net: NetName=ADC_COL0 Pin=H2-16
Added Pin To Net: NetName=ADC_COL0 Pin=PT1-1
Added Pin To Net: NetName=ADC_COL0 Pin=PT9-1
Added Pin To Net: NetName=ADC_COL0 Pin=PT17-1
Added Pin To Net: NetName=ADC_COL0 Pin=PT25-1
Added Pin To Net: NetName=ADC_COL0 Pin=PT33-1
Added Pin To Net: NetName=ADC_COL0 Pin=PT41-1
Added Pin To Net: NetName=ADC_COL0 Pin=PT49-1
Added Pin To Net: NetName=ADC_COL0 Pin=PT57-1
Added Pin To Net: NetName=ADC_COL0 Pin=PT_R1-2
Added Pin To Net: NetName=ADC_COL0 Pin=PT_R9-2
Added Pin To Net: NetName=ADC_COL0 Pin=PT_R17-2
Added Pin To Net: NetName=ADC_COL0 Pin=PT_R25-2
Added Pin To Net: NetName=ADC_COL0 Pin=PT_R33-2
Added Pin To Net: NetName=ADC_COL0 Pin=PT_R41-2
Added Pin To Net: NetName=ADC_COL0 Pin=PT_R49-2
Added Pin To Net: NetName=ADC_COL0 Pin=PT_R57-2
Added Net: Name=ADC_COL0
Added Pin To Net: NetName=ADC_COL1 Pin=H2-15
Added Pin To Net: NetName=ADC_COL1 Pin=PT2-1
Added Pin To Net: NetName=ADC_COL1 Pin=PT10-1
Added Pin To Net: NetName=ADC_COL1 Pin=PT18-1
Added Pin To Net: NetName=ADC_COL1 Pin=PT26-1
Added Pin To Net: NetName=ADC_COL1 Pin=PT34-1
Added Pin To Net: NetName=ADC_COL1 Pin=PT42-1
Added Pin To Net: NetName=ADC_COL1 Pin=PT50-1
Added Pin To Net: NetName=ADC_COL1 Pin=PT58-1
Added Pin To Net: NetName=ADC_COL1 Pin=PT_R2-2
Added Pin To Net: NetName=ADC_COL1 Pin=PT_R10-2
Added Pin To Net: NetName=ADC_COL1 Pin=PT_R18-2
Added Pin To Net: NetName=ADC_COL1 Pin=PT_R26-2
Added Pin To Net: NetName=ADC_COL1 Pin=PT_R34-2
Added Pin To Net: NetName=ADC_COL1 Pin=PT_R42-2
Added Pin To Net: NetName=ADC_COL1 Pin=PT_R50-2
Added Pin To Net: NetName=ADC_COL1 Pin=PT_R58-2
Added Net: Name=ADC_COL1
Added Pin To Net: NetName=ADC_COL2 Pin=H2-14
Added Pin To Net: NetName=ADC_COL2 Pin=PT3-1
Added Pin To Net: NetName=ADC_COL2 Pin=PT11-1
Added Pin To Net: NetName=ADC_COL2 Pin=PT19-1
Added Pin To Net: NetName=ADC_COL2 Pin=PT27-1
Added Pin To Net: NetName=ADC_COL2 Pin=PT35-1
Added Pin To Net: NetName=ADC_COL2 Pin=PT43-1
Added Pin To Net: NetName=ADC_COL2 Pin=PT51-1
Added Pin To Net: NetName=ADC_COL2 Pin=PT59-1
Added Pin To Net: NetName=ADC_COL2 Pin=PT_R3-2
Added Pin To Net: NetName=ADC_COL2 Pin=PT_R11-2
Added Pin To Net: NetName=ADC_COL2 Pin=PT_R19-2
Added Pin To Net: NetName=ADC_COL2 Pin=PT_R27-2
Added Pin To Net: NetName=ADC_COL2 Pin=PT_R35-2
Added Pin To Net: NetName=ADC_COL2 Pin=PT_R43-2
Added Pin To Net: NetName=ADC_COL2 Pin=PT_R51-2
Added Pin To Net: NetName=ADC_COL2 Pin=PT_R59-2
Added Net: Name=ADC_COL2
Added Pin To Net: NetName=ADC_COL3 Pin=H2-13
Added Pin To Net: NetName=ADC_COL3 Pin=PT4-1
Added Pin To Net: NetName=ADC_COL3 Pin=PT12-1
Added Pin To Net: NetName=ADC_COL3 Pin=PT20-1
Added Pin To Net: NetName=ADC_COL3 Pin=PT28-1
Added Pin To Net: NetName=ADC_COL3 Pin=PT36-1
Added Pin To Net: NetName=ADC_COL3 Pin=PT44-1
Added Pin To Net: NetName=ADC_COL3 Pin=PT52-1
Added Pin To Net: NetName=ADC_COL3 Pin=PT60-1
Added Pin To Net: NetName=ADC_COL3 Pin=PT_R4-2
Added Pin To Net: NetName=ADC_COL3 Pin=PT_R12-2
Added Pin To Net: NetName=ADC_COL3 Pin=PT_R20-2
Added Pin To Net: NetName=ADC_COL3 Pin=PT_R28-2
Added Pin To Net: NetName=ADC_COL3 Pin=PT_R36-2
Added Pin To Net: NetName=ADC_COL3 Pin=PT_R44-2
Added Pin To Net: NetName=ADC_COL3 Pin=PT_R52-2
Added Pin To Net: NetName=ADC_COL3 Pin=PT_R60-2
Added Net: Name=ADC_COL3
Added Pin To Net: NetName=ADC_COL4 Pin=H2-12
Added Pin To Net: NetName=ADC_COL4 Pin=PT5-1
Added Pin To Net: NetName=ADC_COL4 Pin=PT13-1
Added Pin To Net: NetName=ADC_COL4 Pin=PT21-1
Added Pin To Net: NetName=ADC_COL4 Pin=PT29-1
Added Pin To Net: NetName=ADC_COL4 Pin=PT37-1
Added Pin To Net: NetName=ADC_COL4 Pin=PT45-1
Added Pin To Net: NetName=ADC_COL4 Pin=PT53-1
Added Pin To Net: NetName=ADC_COL4 Pin=PT61-1
Added Pin To Net: NetName=ADC_COL4 Pin=PT_R5-2
Added Pin To Net: NetName=ADC_COL4 Pin=PT_R13-2
Added Pin To Net: NetName=ADC_COL4 Pin=PT_R21-2
Added Pin To Net: NetName=ADC_COL4 Pin=PT_R29-2
Added Pin To Net: NetName=ADC_COL4 Pin=PT_R37-2
Added Pin To Net: NetName=ADC_COL4 Pin=PT_R45-2
Added Pin To Net: NetName=ADC_COL4 Pin=PT_R53-2
Added Pin To Net: NetName=ADC_COL4 Pin=PT_R61-2
Added Net: Name=ADC_COL4
Added Pin To Net: NetName=ADC_COL5 Pin=319_2-2
Added Pin To Net: NetName=ADC_COL5 Pin=319_2-3
Added Pin To Net: NetName=ADC_COL5 Pin=319_4-2
Added Pin To Net: NetName=ADC_COL5 Pin=319_4-3
Added Pin To Net: NetName=ADC_COL5 Pin=H1-14
Added Pin To Net: NetName=ADC_COL5 Pin=H1-15
Added Pin To Net: NetName=ADC_COL5 Pin=H2-11
Added Pin To Net: NetName=ADC_COL5 Pin=PT6-1
Added Pin To Net: NetName=ADC_COL5 Pin=PT14-1
Added Pin To Net: NetName=ADC_COL5 Pin=PT22-1
Added Pin To Net: NetName=ADC_COL5 Pin=PT30-1
Added Pin To Net: NetName=ADC_COL5 Pin=PT38-1
Added Pin To Net: NetName=ADC_COL5 Pin=PT46-1
Added Pin To Net: NetName=ADC_COL5 Pin=PT54-1
Added Pin To Net: NetName=ADC_COL5 Pin=PT62-1
Added Pin To Net: NetName=ADC_COL5 Pin=PT_R6-2
Added Pin To Net: NetName=ADC_COL5 Pin=PT_R14-2
Added Pin To Net: NetName=ADC_COL5 Pin=PT_R22-2
Added Pin To Net: NetName=ADC_COL5 Pin=PT_R30-2
Added Pin To Net: NetName=ADC_COL5 Pin=PT_R38-2
Added Pin To Net: NetName=ADC_COL5 Pin=PT_R46-2
Added Pin To Net: NetName=ADC_COL5 Pin=PT_R54-2
Added Pin To Net: NetName=ADC_COL5 Pin=PT_R62-2
Added Net: Name=ADC_COL5
Added Pin To Net: NetName=ADC_COL6 Pin=H2-10
Added Pin To Net: NetName=ADC_COL6 Pin=PT7-1
Added Pin To Net: NetName=ADC_COL6 Pin=PT15-1
Added Pin To Net: NetName=ADC_COL6 Pin=PT23-1
Added Pin To Net: NetName=ADC_COL6 Pin=PT31-1
Added Pin To Net: NetName=ADC_COL6 Pin=PT39-1
Added Pin To Net: NetName=ADC_COL6 Pin=PT47-1
Added Pin To Net: NetName=ADC_COL6 Pin=PT55-1
Added Pin To Net: NetName=ADC_COL6 Pin=PT63-1
Added Pin To Net: NetName=ADC_COL6 Pin=PT_R7-2
Added Pin To Net: NetName=ADC_COL6 Pin=PT_R15-2
Added Pin To Net: NetName=ADC_COL6 Pin=PT_R23-2
Added Pin To Net: NetName=ADC_COL6 Pin=PT_R31-2
Added Pin To Net: NetName=ADC_COL6 Pin=PT_R39-2
Added Pin To Net: NetName=ADC_COL6 Pin=PT_R47-2
Added Pin To Net: NetName=ADC_COL6 Pin=PT_R55-2
Added Pin To Net: NetName=ADC_COL6 Pin=PT_R63-2
Added Net: Name=ADC_COL6
Added Pin To Net: NetName=ADC_COL7 Pin=H2-9
Added Pin To Net: NetName=ADC_COL7 Pin=PT8-1
Added Pin To Net: NetName=ADC_COL7 Pin=PT16-1
Added Pin To Net: NetName=ADC_COL7 Pin=PT24-1
Added Pin To Net: NetName=ADC_COL7 Pin=PT32-1
Added Pin To Net: NetName=ADC_COL7 Pin=PT40-1
Added Pin To Net: NetName=ADC_COL7 Pin=PT48-1
Added Pin To Net: NetName=ADC_COL7 Pin=PT56-1
Added Pin To Net: NetName=ADC_COL7 Pin=PT64-1
Added Pin To Net: NetName=ADC_COL7 Pin=PT_R8-2
Added Pin To Net: NetName=ADC_COL7 Pin=PT_R16-2
Added Pin To Net: NetName=ADC_COL7 Pin=PT_R24-2
Added Pin To Net: NetName=ADC_COL7 Pin=PT_R32-2
Added Pin To Net: NetName=ADC_COL7 Pin=PT_R40-2
Added Pin To Net: NetName=ADC_COL7 Pin=PT_R48-2
Added Pin To Net: NetName=ADC_COL7 Pin=PT_R56-2
Added Pin To Net: NetName=ADC_COL7 Pin=PT_R64-2
Added Net: Name=ADC_COL7
Added Pin To Net: NetName=GND Pin=319_1-3
Added Pin To Net: NetName=GND Pin=319_3-3
Added Pin To Net: NetName=GND Pin=H1-19
Added Pin To Net: NetName=GND Pin=H2-1
Added Pin To Net: NetName=GND Pin=H2-2
Added Pin To Net: NetName=GND Pin=H_3_1-2
Added Pin To Net: NetName=GND Pin=MOSN0-2
Added Pin To Net: NetName=GND Pin=MOSN1-2
Added Pin To Net: NetName=GND Pin=MOSN2-2
Added Pin To Net: NetName=GND Pin=MOSN3-2
Added Pin To Net: NetName=GND Pin=MOSN4-2
Added Pin To Net: NetName=GND Pin=MOSN5-2
Added Pin To Net: NetName=GND Pin=MOSN6-2
Added Pin To Net: NetName=GND Pin=MOSN7-2
Added Pin To Net: NetName=GND Pin=MUX1-8
Added Pin To Net: NetName=GND Pin=MUX2-8
Added Pin To Net: NetName=GND Pin=PT_R1-1
Added Pin To Net: NetName=GND Pin=PT_R2-1
Added Pin To Net: NetName=GND Pin=PT_R3-1
Added Pin To Net: NetName=GND Pin=PT_R4-1
Added Pin To Net: NetName=GND Pin=PT_R5-1
Added Pin To Net: NetName=GND Pin=PT_R6-1
Added Pin To Net: NetName=GND Pin=PT_R7-1
Added Pin To Net: NetName=GND Pin=PT_R8-1
Added Pin To Net: NetName=GND Pin=PT_R9-1
Added Pin To Net: NetName=GND Pin=PT_R10-1
Added Pin To Net: NetName=GND Pin=PT_R11-1
Added Pin To Net: NetName=GND Pin=PT_R12-1
Added Pin To Net: NetName=GND Pin=PT_R13-1
Added Pin To Net: NetName=GND Pin=PT_R14-1
Added Pin To Net: NetName=GND Pin=PT_R15-1
Added Pin To Net: NetName=GND Pin=PT_R16-1
Added Pin To Net: NetName=GND Pin=PT_R17-1
Added Pin To Net: NetName=GND Pin=PT_R18-1
Added Pin To Net: NetName=GND Pin=PT_R19-1
Added Pin To Net: NetName=GND Pin=PT_R20-1
Added Pin To Net: NetName=GND Pin=PT_R21-1
Added Pin To Net: NetName=GND Pin=PT_R22-1
Added Pin To Net: NetName=GND Pin=PT_R23-1
Added Pin To Net: NetName=GND Pin=PT_R24-1
Added Pin To Net: NetName=GND Pin=PT_R25-1
Added Pin To Net: NetName=GND Pin=PT_R26-1
Added Pin To Net: NetName=GND Pin=PT_R27-1
Added Pin To Net: NetName=GND Pin=PT_R28-1
Added Pin To Net: NetName=GND Pin=PT_R29-1
Added Pin To Net: NetName=GND Pin=PT_R30-1
Added Pin To Net: NetName=GND Pin=PT_R31-1
Added Pin To Net: NetName=GND Pin=PT_R32-1
Added Pin To Net: NetName=GND Pin=PT_R33-1
Added Pin To Net: NetName=GND Pin=PT_R34-1
Added Pin To Net: NetName=GND Pin=PT_R35-1
Added Pin To Net: NetName=GND Pin=PT_R36-1
Added Pin To Net: NetName=GND Pin=PT_R37-1
Added Pin To Net: NetName=GND Pin=PT_R38-1
Added Pin To Net: NetName=GND Pin=PT_R39-1
Added Pin To Net: NetName=GND Pin=PT_R40-1
Added Pin To Net: NetName=GND Pin=PT_R41-1
Added Pin To Net: NetName=GND Pin=PT_R42-1
Added Pin To Net: NetName=GND Pin=PT_R43-1
Added Pin To Net: NetName=GND Pin=PT_R44-1
Added Pin To Net: NetName=GND Pin=PT_R45-1
Added Pin To Net: NetName=GND Pin=PT_R46-1
Added Pin To Net: NetName=GND Pin=PT_R47-1
Added Pin To Net: NetName=GND Pin=PT_R48-1
Added Pin To Net: NetName=GND Pin=PT_R49-1
Added Pin To Net: NetName=GND Pin=PT_R50-1
Added Pin To Net: NetName=GND Pin=PT_R51-1
Added Pin To Net: NetName=GND Pin=PT_R52-1
Added Pin To Net: NetName=GND Pin=PT_R53-1
Added Pin To Net: NetName=GND Pin=PT_R54-1
Added Pin To Net: NetName=GND Pin=PT_R55-1
Added Pin To Net: NetName=GND Pin=PT_R56-1
Added Pin To Net: NetName=GND Pin=PT_R57-1
Added Pin To Net: NetName=GND Pin=PT_R58-1
Added Pin To Net: NetName=GND Pin=PT_R59-1
Added Pin To Net: NetName=GND Pin=PT_R60-1
Added Pin To Net: NetName=GND Pin=PT_R61-1
Added Pin To Net: NetName=GND Pin=PT_R62-1
Added Pin To Net: NetName=GND Pin=PT_R63-1
Added Pin To Net: NetName=GND Pin=PT_R64-1
Added Pin To Net: NetName=GND Pin=Rcg0-2
Added Pin To Net: NetName=GND Pin=Rcg1-2
Added Pin To Net: NetName=GND Pin=Rcg2-2
Added Pin To Net: NetName=GND Pin=Rcg3-2
Added Pin To Net: NetName=GND Pin=Rcg4-2
Added Pin To Net: NetName=GND Pin=Rcg5-2
Added Pin To Net: NetName=GND Pin=Rcg6-2
Added Pin To Net: NetName=GND Pin=Rcg7-2
Added Net: Name=GND
Added Pin To Net: NetName=Net319_1_1 Pin=319_1-1
Added Pin To Net: NetName=Net319_1_1 Pin=H1-10
Added Net: Name=Net319_1_1
Added Pin To Net: NetName=Net319_1_2 Pin=319_1-2
Added Pin To Net: NetName=Net319_1_2 Pin=319_2-1
Added Pin To Net: NetName=Net319_1_2 Pin=319_3-2
Added Pin To Net: NetName=Net319_1_2 Pin=319_4-1
Added Pin To Net: NetName=Net319_1_2 Pin=H_3_1-3
Added Net: Name=Net319_1_2
Added Pin To Net: NetName=Net319_3_1 Pin=319_3-1
Added Pin To Net: NetName=Net319_3_1 Pin=H1-11
Added Net: Name=Net319_3_1
Added Pin To Net: NetName=Net810_1_1 Pin=H1-8
Added Net: Name=Net810_1_1
Added Pin To Net: NetName=Net810_3_1 Pin=H1-9
Added Net: Name=Net810_3_1
Added Pin To Net: NetName=NetH1_1 Pin=H1-1
Added Pin To Net: NetName=NetH1_1 Pin=MUX2-11
Added Net: Name=NetH1_1
Added Pin To Net: NetName=NetH1_2 Pin=H1-2
Added Pin To Net: NetName=NetH1_2 Pin=MUX2-10
Added Net: Name=NetH1_2
Added Pin To Net: NetName=NetH1_3 Pin=H1-3
Added Pin To Net: NetName=NetH1_3 Pin=MUX2-9
Added Net: Name=NetH1_3
Added Pin To Net: NetName=NetH1_5 Pin=H1-5
Added Pin To Net: NetName=NetH1_5 Pin=MUX1-11
Added Net: Name=NetH1_5
Added Pin To Net: NetName=NetH1_6 Pin=H1-6
Added Pin To Net: NetName=NetH1_6 Pin=MUX1-10
Added Net: Name=NetH1_6
Added Pin To Net: NetName=NetH1_7 Pin=H1-7
Added Pin To Net: NetName=NetH1_7 Pin=MUX1-9
Added Net: Name=NetH1_7
Added Pin To Net: NetName=NetH2_7 Pin=H2-7
Added Net: Name=NetH2_7
Added Pin To Net: NetName=NetH2_8 Pin=H2-8
Added Net: Name=NetH2_8
Added Pin To Net: NetName=NetIR1_2 Pin=IR1-2
Added Pin To Net: NetName=NetIR1_2 Pin=IR_R1-2
Added Net: Name=NetIR1_2
Added Pin To Net: NetName=NetIR2_2 Pin=IR2-2
Added Pin To Net: NetName=NetIR2_2 Pin=IR_R2-2
Added Net: Name=NetIR2_2
Added Pin To Net: NetName=NetIR3_2 Pin=IR3-2
Added Pin To Net: NetName=NetIR3_2 Pin=IR_R3-2
Added Net: Name=NetIR3_2
Added Pin To Net: NetName=NetIR4_2 Pin=IR4-2
Added Pin To Net: NetName=NetIR4_2 Pin=IR_R4-2
Added Net: Name=NetIR4_2
Added Pin To Net: NetName=NetIR5_2 Pin=IR5-2
Added Pin To Net: NetName=NetIR5_2 Pin=IR_R5-2
Added Net: Name=NetIR5_2
Added Pin To Net: NetName=NetIR6_2 Pin=IR6-2
Added Pin To Net: NetName=NetIR6_2 Pin=IR_R6-2
Added Net: Name=NetIR6_2
Added Pin To Net: NetName=NetIR7_2 Pin=IR7-2
Added Pin To Net: NetName=NetIR7_2 Pin=IR_R7-2
Added Net: Name=NetIR7_2
Added Pin To Net: NetName=NetIR8_2 Pin=IR8-2
Added Pin To Net: NetName=NetIR8_2 Pin=IR_R8-2
Added Net: Name=NetIR8_2
Added Pin To Net: NetName=NetIR9_2 Pin=IR9-2
Added Pin To Net: NetName=NetIR9_2 Pin=IR_R9-2
Added Net: Name=NetIR9_2
Added Pin To Net: NetName=NetIR10_2 Pin=IR10-2
Added Pin To Net: NetName=NetIR10_2 Pin=IR_R10-2
Added Net: Name=NetIR10_2
Added Pin To Net: NetName=NetIR11_2 Pin=IR11-2
Added Pin To Net: NetName=NetIR11_2 Pin=IR_R11-2
Added Net: Name=NetIR11_2
Added Pin To Net: NetName=NetIR12_2 Pin=IR12-2
Added Pin To Net: NetName=NetIR12_2 Pin=IR_R12-2
Added Net: Name=NetIR12_2
Added Pin To Net: NetName=NetIR13_2 Pin=IR13-2
Added Pin To Net: NetName=NetIR13_2 Pin=IR_R13-2
Added Net: Name=NetIR13_2
Added Pin To Net: NetName=NetIR14_2 Pin=IR14-2
Added Pin To Net: NetName=NetIR14_2 Pin=IR_R14-2
Added Net: Name=NetIR14_2
Added Pin To Net: NetName=NetIR15_2 Pin=IR15-2
Added Pin To Net: NetName=NetIR15_2 Pin=IR_R15-2
Added Net: Name=NetIR15_2
Added Pin To Net: NetName=NetIR16_2 Pin=IR16-2
Added Pin To Net: NetName=NetIR16_2 Pin=IR_R16-2
Added Net: Name=NetIR16_2
Added Pin To Net: NetName=NetIR17_2 Pin=IR17-2
Added Pin To Net: NetName=NetIR17_2 Pin=IR_R17-2
Added Net: Name=NetIR17_2
Added Pin To Net: NetName=NetIR18_2 Pin=IR18-2
Added Pin To Net: NetName=NetIR18_2 Pin=IR_R18-2
Added Net: Name=NetIR18_2
Added Pin To Net: NetName=NetIR19_2 Pin=IR19-2
Added Pin To Net: NetName=NetIR19_2 Pin=IR_R19-2
Added Net: Name=NetIR19_2
Added Pin To Net: NetName=NetIR20_2 Pin=IR20-2
Added Pin To Net: NetName=NetIR20_2 Pin=IR_R20-2
Added Net: Name=NetIR20_2
Added Pin To Net: NetName=NetIR21_2 Pin=IR21-2
Added Pin To Net: NetName=NetIR21_2 Pin=IR_R21-2
Added Net: Name=NetIR21_2
Added Pin To Net: NetName=NetIR22_2 Pin=IR22-2
Added Pin To Net: NetName=NetIR22_2 Pin=IR_R22-2
Added Net: Name=NetIR22_2
Added Pin To Net: NetName=NetIR23_2 Pin=IR23-2
Added Pin To Net: NetName=NetIR23_2 Pin=IR_R23-2
Added Net: Name=NetIR23_2
Added Pin To Net: NetName=NetIR24_2 Pin=IR24-2
Added Pin To Net: NetName=NetIR24_2 Pin=IR_R24-2
Added Net: Name=NetIR24_2
Added Pin To Net: NetName=NetIR25_2 Pin=IR25-2
Added Pin To Net: NetName=NetIR25_2 Pin=IR_R25-2
Added Net: Name=NetIR25_2
Added Pin To Net: NetName=NetIR26_2 Pin=IR26-2
Added Pin To Net: NetName=NetIR26_2 Pin=IR_R26-2
Added Net: Name=NetIR26_2
Added Pin To Net: NetName=NetIR27_2 Pin=IR27-2
Added Pin To Net: NetName=NetIR27_2 Pin=IR_R27-2
Added Net: Name=NetIR27_2
Added Pin To Net: NetName=NetIR28_2 Pin=IR28-2
Added Pin To Net: NetName=NetIR28_2 Pin=IR_R28-2
Added Net: Name=NetIR28_2
Added Pin To Net: NetName=NetIR29_2 Pin=IR29-2
Added Pin To Net: NetName=NetIR29_2 Pin=IR_R29-2
Added Net: Name=NetIR29_2
Added Pin To Net: NetName=NetIR30_2 Pin=IR30-2
Added Pin To Net: NetName=NetIR30_2 Pin=IR_R30-2
Added Net: Name=NetIR30_2
Added Pin To Net: NetName=NetIR31_2 Pin=IR31-2
Added Pin To Net: NetName=NetIR31_2 Pin=IR_R31-2
Added Net: Name=NetIR31_2
Added Pin To Net: NetName=NetIR32_2 Pin=IR32-2
Added Pin To Net: NetName=NetIR32_2 Pin=IR_R32-2
Added Net: Name=NetIR32_2
Added Pin To Net: NetName=NetIR33_2 Pin=IR33-2
Added Pin To Net: NetName=NetIR33_2 Pin=IR_R33-2
Added Net: Name=NetIR33_2
Added Pin To Net: NetName=NetIR34_2 Pin=IR34-2
Added Pin To Net: NetName=NetIR34_2 Pin=IR_R34-2
Added Net: Name=NetIR34_2
Added Pin To Net: NetName=NetIR35_2 Pin=IR35-2
Added Pin To Net: NetName=NetIR35_2 Pin=IR_R35-2
Added Net: Name=NetIR35_2
Added Pin To Net: NetName=NetIR36_2 Pin=IR36-2
Added Pin To Net: NetName=NetIR36_2 Pin=IR_R36-2
Added Net: Name=NetIR36_2
Added Pin To Net: NetName=NetIR37_2 Pin=IR37-2
Added Pin To Net: NetName=NetIR37_2 Pin=IR_R37-2
Added Net: Name=NetIR37_2
Added Pin To Net: NetName=NetIR38_2 Pin=IR38-2
Added Pin To Net: NetName=NetIR38_2 Pin=IR_R38-2
Added Net: Name=NetIR38_2
Added Pin To Net: NetName=NetIR39_2 Pin=IR39-2
Added Pin To Net: NetName=NetIR39_2 Pin=IR_R39-2
Added Net: Name=NetIR39_2
Added Pin To Net: NetName=NetIR40_2 Pin=IR40-2
Added Pin To Net: NetName=NetIR40_2 Pin=IR_R40-2
Added Net: Name=NetIR40_2
Added Pin To Net: NetName=NetIR41_2 Pin=IR41-2
Added Pin To Net: NetName=NetIR41_2 Pin=IR_R41-2
Added Net: Name=NetIR41_2
Added Pin To Net: NetName=NetIR42_2 Pin=IR42-2
Added Pin To Net: NetName=NetIR42_2 Pin=IR_R42-2
Added Net: Name=NetIR42_2
Added Pin To Net: NetName=NetIR43_2 Pin=IR43-2
Added Pin To Net: NetName=NetIR43_2 Pin=IR_R43-2
Added Net: Name=NetIR43_2
Added Pin To Net: NetName=NetIR44_2 Pin=IR44-2
Added Pin To Net: NetName=NetIR44_2 Pin=IR_R44-2
Added Net: Name=NetIR44_2
Added Pin To Net: NetName=NetIR45_2 Pin=IR45-2
Added Pin To Net: NetName=NetIR45_2 Pin=IR_R45-2
Added Net: Name=NetIR45_2
Added Pin To Net: NetName=NetIR46_2 Pin=IR46-2
Added Pin To Net: NetName=NetIR46_2 Pin=IR_R46-2
Added Net: Name=NetIR46_2
Added Pin To Net: NetName=NetIR47_2 Pin=IR47-2
Added Pin To Net: NetName=NetIR47_2 Pin=IR_R47-2
Added Net: Name=NetIR47_2
Added Pin To Net: NetName=NetIR48_2 Pin=IR48-2
Added Pin To Net: NetName=NetIR48_2 Pin=IR_R48-2
Added Net: Name=NetIR48_2
Added Pin To Net: NetName=NetIR49_2 Pin=IR49-2
Added Pin To Net: NetName=NetIR49_2 Pin=IR_R49-2
Added Net: Name=NetIR49_2
Added Pin To Net: NetName=NetIR50_2 Pin=IR50-2
Added Pin To Net: NetName=NetIR50_2 Pin=IR_R50-2
Added Net: Name=NetIR50_2
Added Pin To Net: NetName=NetIR51_2 Pin=IR51-2
Added Pin To Net: NetName=NetIR51_2 Pin=IR_R51-2
Added Net: Name=NetIR51_2
Added Pin To Net: NetName=NetIR52_2 Pin=IR52-2
Added Pin To Net: NetName=NetIR52_2 Pin=IR_R52-2
Added Net: Name=NetIR52_2
Added Pin To Net: NetName=NetIR53_2 Pin=IR53-2
Added Pin To Net: NetName=NetIR53_2 Pin=IR_R53-2
Added Net: Name=NetIR53_2
Added Pin To Net: NetName=NetIR54_2 Pin=IR54-2
Added Pin To Net: NetName=NetIR54_2 Pin=IR_R54-2
Added Net: Name=NetIR54_2
Added Pin To Net: NetName=NetIR55_2 Pin=IR55-2
Added Pin To Net: NetName=NetIR55_2 Pin=IR_R55-2
Added Net: Name=NetIR55_2
Added Pin To Net: NetName=NetIR56_2 Pin=IR56-2
Added Pin To Net: NetName=NetIR56_2 Pin=IR_R56-2
Added Net: Name=NetIR56_2
Added Pin To Net: NetName=NetIR57_2 Pin=IR57-2
Added Pin To Net: NetName=NetIR57_2 Pin=IR_R57-2
Added Net: Name=NetIR57_2
Added Pin To Net: NetName=NetIR58_2 Pin=IR58-2
Added Pin To Net: NetName=NetIR58_2 Pin=IR_R58-2
Added Net: Name=NetIR58_2
Added Pin To Net: NetName=NetIR59_2 Pin=IR59-2
Added Pin To Net: NetName=NetIR59_2 Pin=IR_R59-2
Added Net: Name=NetIR59_2
Added Pin To Net: NetName=NetIR60_2 Pin=IR60-2
Added Pin To Net: NetName=NetIR60_2 Pin=IR_R60-2
Added Net: Name=NetIR60_2
Added Pin To Net: NetName=NetIR61_2 Pin=IR61-2
Added Pin To Net: NetName=NetIR61_2 Pin=IR_R61-2
Added Net: Name=NetIR61_2
Added Pin To Net: NetName=NetIR62_2 Pin=IR62-2
Added Pin To Net: NetName=NetIR62_2 Pin=IR_R62-2
Added Net: Name=NetIR62_2
Added Pin To Net: NetName=NetIR63_2 Pin=IR63-2
Added Pin To Net: NetName=NetIR63_2 Pin=IR_R63-2
Added Net: Name=NetIR63_2
Added Pin To Net: NetName=NetIR64_2 Pin=IR64-2
Added Pin To Net: NetName=NetIR64_2 Pin=IR_R64-2
Added Net: Name=NetIR64_2
Added Pin To Net: NetName=NetIR_R1_1 Pin=IR_R1-1
Added Pin To Net: NetName=NetIR_R1_1 Pin=IR_R9-1
Added Pin To Net: NetName=NetIR_R1_1 Pin=IR_R17-1
Added Pin To Net: NetName=NetIR_R1_1 Pin=IR_R25-1
Added Pin To Net: NetName=NetIR_R1_1 Pin=IR_R33-1
Added Pin To Net: NetName=NetIR_R1_1 Pin=IR_R41-1
Added Pin To Net: NetName=NetIR_R1_1 Pin=IR_R49-1
Added Pin To Net: NetName=NetIR_R1_1 Pin=IR_R57-1
Added Pin To Net: NetName=NetIR_R1_1 Pin=MOSN0-3
Added Net: Name=NetIR_R1_1
Added Pin To Net: NetName=NetIR_R2_1 Pin=IR_R2-1
Added Pin To Net: NetName=NetIR_R2_1 Pin=IR_R10-1
Added Pin To Net: NetName=NetIR_R2_1 Pin=IR_R18-1
Added Pin To Net: NetName=NetIR_R2_1 Pin=IR_R26-1
Added Pin To Net: NetName=NetIR_R2_1 Pin=IR_R34-1
Added Pin To Net: NetName=NetIR_R2_1 Pin=IR_R42-1
Added Pin To Net: NetName=NetIR_R2_1 Pin=IR_R50-1
Added Pin To Net: NetName=NetIR_R2_1 Pin=IR_R58-1
Added Pin To Net: NetName=NetIR_R2_1 Pin=MOSN1-3
Added Net: Name=NetIR_R2_1
Added Pin To Net: NetName=NetIR_R3_1 Pin=IR_R3-1
Added Pin To Net: NetName=NetIR_R3_1 Pin=IR_R11-1
Added Pin To Net: NetName=NetIR_R3_1 Pin=IR_R19-1
Added Pin To Net: NetName=NetIR_R3_1 Pin=IR_R27-1
Added Pin To Net: NetName=NetIR_R3_1 Pin=IR_R35-1
Added Pin To Net: NetName=NetIR_R3_1 Pin=IR_R43-1
Added Pin To Net: NetName=NetIR_R3_1 Pin=IR_R51-1
Added Pin To Net: NetName=NetIR_R3_1 Pin=IR_R59-1
Added Pin To Net: NetName=NetIR_R3_1 Pin=MOSN2-3
Added Net: Name=NetIR_R3_1
Added Pin To Net: NetName=NetIR_R4_1 Pin=IR_R4-1
Added Pin To Net: NetName=NetIR_R4_1 Pin=IR_R12-1
Added Pin To Net: NetName=NetIR_R4_1 Pin=IR_R20-1
Added Pin To Net: NetName=NetIR_R4_1 Pin=IR_R28-1
Added Pin To Net: NetName=NetIR_R4_1 Pin=IR_R36-1
Added Pin To Net: NetName=NetIR_R4_1 Pin=IR_R44-1
Added Pin To Net: NetName=NetIR_R4_1 Pin=IR_R52-1
Added Pin To Net: NetName=NetIR_R4_1 Pin=IR_R60-1
Added Pin To Net: NetName=NetIR_R4_1 Pin=MOSN3-3
Added Net: Name=NetIR_R4_1
Added Pin To Net: NetName=NetIR_R5_1 Pin=IR_R5-1
Added Pin To Net: NetName=NetIR_R5_1 Pin=IR_R13-1
Added Pin To Net: NetName=NetIR_R5_1 Pin=IR_R21-1
Added Pin To Net: NetName=NetIR_R5_1 Pin=IR_R29-1
Added Pin To Net: NetName=NetIR_R5_1 Pin=IR_R37-1
Added Pin To Net: NetName=NetIR_R5_1 Pin=IR_R45-1
Added Pin To Net: NetName=NetIR_R5_1 Pin=IR_R53-1
Added Pin To Net: NetName=NetIR_R5_1 Pin=IR_R61-1
Added Pin To Net: NetName=NetIR_R5_1 Pin=MOSN4-3
Added Net: Name=NetIR_R5_1
Added Pin To Net: NetName=NetIR_R6_1 Pin=IR_R6-1
Added Pin To Net: NetName=NetIR_R6_1 Pin=IR_R14-1
Added Pin To Net: NetName=NetIR_R6_1 Pin=IR_R22-1
Added Pin To Net: NetName=NetIR_R6_1 Pin=IR_R30-1
Added Pin To Net: NetName=NetIR_R6_1 Pin=IR_R38-1
Added Pin To Net: NetName=NetIR_R6_1 Pin=IR_R46-1
Added Pin To Net: NetName=NetIR_R6_1 Pin=IR_R54-1
Added Pin To Net: NetName=NetIR_R6_1 Pin=IR_R62-1
Added Pin To Net: NetName=NetIR_R6_1 Pin=MOSN5-3
Added Net: Name=NetIR_R6_1
Added Pin To Net: NetName=NetIR_R7_1 Pin=IR_R7-1
Added Pin To Net: NetName=NetIR_R7_1 Pin=IR_R15-1
Added Pin To Net: NetName=NetIR_R7_1 Pin=IR_R23-1
Added Pin To Net: NetName=NetIR_R7_1 Pin=IR_R31-1
Added Pin To Net: NetName=NetIR_R7_1 Pin=IR_R39-1
Added Pin To Net: NetName=NetIR_R7_1 Pin=IR_R47-1
Added Pin To Net: NetName=NetIR_R7_1 Pin=IR_R55-1
Added Pin To Net: NetName=NetIR_R7_1 Pin=IR_R63-1
Added Pin To Net: NetName=NetIR_R7_1 Pin=MOSN6-3
Added Net: Name=NetIR_R7_1
Added Pin To Net: NetName=NetIR_R8_1 Pin=IR_R8-1
Added Pin To Net: NetName=NetIR_R8_1 Pin=IR_R16-1
Added Pin To Net: NetName=NetIR_R8_1 Pin=IR_R24-1
Added Pin To Net: NetName=NetIR_R8_1 Pin=IR_R32-1
Added Pin To Net: NetName=NetIR_R8_1 Pin=IR_R40-1
Added Pin To Net: NetName=NetIR_R8_1 Pin=IR_R48-1
Added Pin To Net: NetName=NetIR_R8_1 Pin=IR_R56-1
Added Pin To Net: NetName=NetIR_R8_1 Pin=IR_R64-1
Added Pin To Net: NetName=NetIR_R8_1 Pin=MOSN7-3
Added Net: Name=NetIR_R8_1
Added Net: Name=NetLED1_5
Added Net: Name=NetLED1_6
Added Net: Name=NetLED2_5
Added Net: Name=NetLED2_6
Added Net: Name=NetLED3_5
Added Net: Name=NetLED3_6
Added Net: Name=NetLED4_5
Added Net: Name=NetLED4_6
Added Net: Name=NetLED5_5
Added Net: Name=NetLED5_6
Added Net: Name=NetLED6_5
Added Net: Name=NetLED6_6
Added Net: Name=NetLED7_5
Added Net: Name=NetLED7_6
Added Net: Name=NetLED8_5
Added Net: Name=NetLED8_6
Added Net: Name=NetLED9_1
Added Net: Name=NetLED9_2
Added Net: Name=NetLED9_5
Added Net: Name=NetLED9_6
Added Net: Name=NetLED10_5
Added Net: Name=NetLED10_6
Added Net: Name=NetLED11_5
Added Net: Name=NetLED11_6
Added Net: Name=NetLED12_5
Added Net: Name=NetLED12_6
Added Net: Name=NetLED13_5
Added Net: Name=NetLED13_6
Added Net: Name=NetLED14_5
Added Net: Name=NetLED14_6
Added Net: Name=NetLED15_5
Added Net: Name=NetLED15_6
Added Net: Name=NetLED17_5
Added Net: Name=NetLED17_6
Added Net: Name=NetLED18_5
Added Net: Name=NetLED18_6
Added Net: Name=NetLED19_5
Added Net: Name=NetLED19_6
Added Net: Name=NetLED20_5
Added Net: Name=NetLED20_6
Added Net: Name=NetLED21_5
Added Net: Name=NetLED21_6
Added Net: Name=NetLED22_5
Added Net: Name=NetLED22_6
Added Net: Name=NetLED23_5
Added Net: Name=NetLED23_6
Added Net: Name=NetLED24_5
Added Net: Name=NetLED24_6
Added Net: Name=NetLED25_1
Added Net: Name=NetLED25_2
Added Net: Name=NetLED25_5
Added Net: Name=NetLED25_6
Added Net: Name=NetLED26_5
Added Net: Name=NetLED26_6
Added Net: Name=NetLED27_5
Added Net: Name=NetLED27_6
Added Net: Name=NetLED28_5
Added Net: Name=NetLED28_6
Added Net: Name=NetLED29_5
Added Net: Name=NetLED29_6
Added Net: Name=NetLED30_5
Added Net: Name=NetLED30_6
Added Net: Name=NetLED31_5
Added Net: Name=NetLED31_6
Added Net: Name=NetLED33_5
Added Net: Name=NetLED33_6
Added Net: Name=NetLED34_5
Added Net: Name=NetLED34_6
Added Net: Name=NetLED35_5
Added Net: Name=NetLED35_6
Added Net: Name=NetLED36_5
Added Net: Name=NetLED36_6
Added Net: Name=NetLED37_5
Added Net: Name=NetLED37_6
Added Net: Name=NetLED38_5
Added Net: Name=NetLED38_6
Added Net: Name=NetLED39_5
Added Net: Name=NetLED39_6
Added Net: Name=NetLED40_5
Added Net: Name=NetLED40_6
Added Net: Name=NetLED41_1
Added Net: Name=NetLED41_2
Added Net: Name=NetLED41_5
Added Net: Name=NetLED41_6
Added Net: Name=NetLED42_5
Added Net: Name=NetLED42_6
Added Net: Name=NetLED43_5
Added Net: Name=NetLED43_6
Added Net: Name=NetLED44_5
Added Net: Name=NetLED44_6
Added Net: Name=NetLED45_5
Added Net: Name=NetLED45_6
Added Net: Name=NetLED46_5
Added Net: Name=NetLED46_6
Added Net: Name=NetLED47_5
Added Net: Name=NetLED47_6
Added Net: Name=NetLED49_5
Added Net: Name=NetLED49_6
Added Net: Name=NetLED50_5
Added Net: Name=NetLED50_6
Added Net: Name=NetLED51_5
Added Net: Name=NetLED51_6
Added Net: Name=NetLED52_5
Added Net: Name=NetLED52_6
Added Net: Name=NetLED53_5
Added Net: Name=NetLED53_6
Added Net: Name=NetLED54_5
Added Net: Name=NetLED54_6
Added Net: Name=NetLED55_5
Added Net: Name=NetLED55_6
Added Net: Name=NetLED56_5
Added Net: Name=NetLED56_6
Added Net: Name=NetLED57_5
Added Net: Name=NetLED57_6
Added Net: Name=NetLED58_5
Added Net: Name=NetLED58_6
Added Net: Name=NetLED59_5
Added Net: Name=NetLED59_6
Added Net: Name=NetLED60_5
Added Net: Name=NetLED60_6
Added Net: Name=NetLED61_5
Added Net: Name=NetLED61_6
Added Net: Name=NetLED62_5
Added Net: Name=NetLED62_6
Added Net: Name=NetLED63_5
Added Net: Name=NetLED63_6
Added Pin To Net: NetName=NetMOSN0_1 Pin=MOSN0-1
Added Pin To Net: NetName=NetMOSN0_1 Pin=Rcg0-1
Added Pin To Net: NetName=NetMOSN0_1 Pin=Rci0-2
Added Net: Name=NetMOSN0_1
Added Pin To Net: NetName=NetMOSN1_1 Pin=MOSN1-1
Added Pin To Net: NetName=NetMOSN1_1 Pin=Rcg1-1
Added Pin To Net: NetName=NetMOSN1_1 Pin=Rci1-2
Added Net: Name=NetMOSN1_1
Added Pin To Net: NetName=NetMOSN2_1 Pin=MOSN2-1
Added Pin To Net: NetName=NetMOSN2_1 Pin=Rcg2-1
Added Pin To Net: NetName=NetMOSN2_1 Pin=Rci2-2
Added Net: Name=NetMOSN2_1
Added Pin To Net: NetName=NetMOSN3_1 Pin=MOSN3-1
Added Pin To Net: NetName=NetMOSN3_1 Pin=Rcg3-1
Added Pin To Net: NetName=NetMOSN3_1 Pin=Rci3-2
Added Net: Name=NetMOSN3_1
Added Pin To Net: NetName=NetMOSN4_1 Pin=MOSN4-1
Added Pin To Net: NetName=NetMOSN4_1 Pin=Rcg4-1
Added Pin To Net: NetName=NetMOSN4_1 Pin=Rci4-2
Added Net: Name=NetMOSN4_1
Added Pin To Net: NetName=NetMOSN5_1 Pin=MOSN5-1
Added Pin To Net: NetName=NetMOSN5_1 Pin=Rcg5-1
Added Pin To Net: NetName=NetMOSN5_1 Pin=Rci5-2
Added Net: Name=NetMOSN5_1
Added Pin To Net: NetName=NetMOSN6_1 Pin=MOSN6-1
Added Pin To Net: NetName=NetMOSN6_1 Pin=Rcg6-1
Added Pin To Net: NetName=NetMOSN6_1 Pin=Rci6-2
Added Net: Name=NetMOSN6_1
Added Pin To Net: NetName=NetMOSN7_1 Pin=MOSN7-1
Added Pin To Net: NetName=NetMOSN7_1 Pin=Rcg7-1
Added Pin To Net: NetName=NetMOSN7_1 Pin=Rci7-2
Added Net: Name=NetMOSN7_1
Added Pin To Net: NetName=NetMOSP0_1 Pin=MOSP0-1
Added Pin To Net: NetName=NetMOSP0_1 Pin=Rin1-1
Added Pin To Net: NetName=NetMOSP0_1 Pin=Rvs1-2
Added Net: Name=NetMOSP0_1
Added Pin To Net: NetName=NetMOSP1_1 Pin=MOSP1-1
Added Pin To Net: NetName=NetMOSP1_1 Pin=Rin2-1
Added Pin To Net: NetName=NetMOSP1_1 Pin=Rvs2-2
Added Net: Name=NetMOSP1_1
Added Pin To Net: NetName=NetMOSP2_1 Pin=MOSP2-1
Added Pin To Net: NetName=NetMOSP2_1 Pin=Rin3-1
Added Pin To Net: NetName=NetMOSP2_1 Pin=Rvs3-2
Added Net: Name=NetMOSP2_1
Added Pin To Net: NetName=NetMOSP3_1 Pin=MOSP3-1
Added Pin To Net: NetName=NetMOSP3_1 Pin=Rin4-1
Added Pin To Net: NetName=NetMOSP3_1 Pin=Rvs4-2
Added Net: Name=NetMOSP3_1
Added Pin To Net: NetName=NetMOSP4_1 Pin=MOSP4-1
Added Pin To Net: NetName=NetMOSP4_1 Pin=Rin5-1
Added Pin To Net: NetName=NetMOSP4_1 Pin=Rvs5-2
Added Net: Name=NetMOSP4_1
Added Pin To Net: NetName=NetMOSP5_1 Pin=MOSP5-1
Added Pin To Net: NetName=NetMOSP5_1 Pin=Rin6-1
Added Pin To Net: NetName=NetMOSP5_1 Pin=Rvs6-2
Added Net: Name=NetMOSP5_1
Added Pin To Net: NetName=NetMOSP6_1 Pin=MOSP6-1
Added Pin To Net: NetName=NetMOSP6_1 Pin=Rin7-1
Added Pin To Net: NetName=NetMOSP6_1 Pin=Rvs7-2
Added Net: Name=NetMOSP6_1
Added Pin To Net: NetName=NetMOSP7_1 Pin=MOSP7-1
Added Pin To Net: NetName=NetMOSP7_1 Pin=Rin8-1
Added Pin To Net: NetName=NetMOSP7_1 Pin=Rvs8-2
Added Net: Name=NetMOSP7_1
Added Pin To Net: NetName=NetMUX1_1 Pin=MUX1-1
Added Pin To Net: NetName=NetMUX1_1 Pin=Rin5-2
Added Net: Name=NetMUX1_1
Added Pin To Net: NetName=NetMUX1_2 Pin=MUX1-2
Added Pin To Net: NetName=NetMUX1_2 Pin=Rin7-2
Added Net: Name=NetMUX1_2
Added Pin To Net: NetName=NetMUX1_4 Pin=MUX1-4
Added Pin To Net: NetName=NetMUX1_4 Pin=Rin8-2
Added Net: Name=NetMUX1_4
Added Pin To Net: NetName=NetMUX1_5 Pin=MUX1-5
Added Pin To Net: NetName=NetMUX1_5 Pin=Rin6-2
Added Net: Name=NetMUX1_5
Added Pin To Net: NetName=NetMUX1_12 Pin=MUX1-12
Added Pin To Net: NetName=NetMUX1_12 Pin=Rin4-2
Added Net: Name=NetMUX1_12
Added Pin To Net: NetName=NetMUX1_13 Pin=MUX1-13
Added Pin To Net: NetName=NetMUX1_13 Pin=Rin1-2
Added Net: Name=NetMUX1_13
Added Pin To Net: NetName=NetMUX1_14 Pin=MUX1-14
Added Pin To Net: NetName=NetMUX1_14 Pin=Rin2-2
Added Net: Name=NetMUX1_14
Added Pin To Net: NetName=NetMUX1_15 Pin=MUX1-15
Added Pin To Net: NetName=NetMUX1_15 Pin=Rin3-2
Added Net: Name=NetMUX1_15
Added Pin To Net: NetName=NetMUX2_1 Pin=MUX2-1
Added Pin To Net: NetName=NetMUX2_1 Pin=Rci4-1
Added Net: Name=NetMUX2_1
Added Pin To Net: NetName=NetMUX2_2 Pin=MUX2-2
Added Pin To Net: NetName=NetMUX2_2 Pin=Rci6-1
Added Net: Name=NetMUX2_2
Added Pin To Net: NetName=NetMUX2_4 Pin=MUX2-4
Added Pin To Net: NetName=NetMUX2_4 Pin=Rci7-1
Added Net: Name=NetMUX2_4
Added Pin To Net: NetName=NetMUX2_5 Pin=MUX2-5
Added Pin To Net: NetName=NetMUX2_5 Pin=Rci5-1
Added Net: Name=NetMUX2_5
Added Pin To Net: NetName=NetMUX2_12 Pin=MUX2-12
Added Pin To Net: NetName=NetMUX2_12 Pin=Rci3-1
Added Net: Name=NetMUX2_12
Added Pin To Net: NetName=NetMUX2_13 Pin=MUX2-13
Added Pin To Net: NetName=NetMUX2_13 Pin=Rci0-1
Added Net: Name=NetMUX2_13
Added Pin To Net: NetName=NetMUX2_14 Pin=MUX2-14
Added Pin To Net: NetName=NetMUX2_14 Pin=Rci1-1
Added Net: Name=NetMUX2_14
Added Pin To Net: NetName=NetMUX2_15 Pin=MUX2-15
Added Pin To Net: NetName=NetMUX2_15 Pin=Rci2-1
Added Net: Name=NetMUX2_15
Added Pin To Net: NetName=ROW0 Pin=IR1-1
Added Pin To Net: NetName=ROW0 Pin=IR2-1
Added Pin To Net: NetName=ROW0 Pin=IR3-1
Added Pin To Net: NetName=ROW0 Pin=IR4-1
Added Pin To Net: NetName=ROW0 Pin=IR5-1
Added Pin To Net: NetName=ROW0 Pin=IR6-1
Added Pin To Net: NetName=ROW0 Pin=IR7-1
Added Pin To Net: NetName=ROW0 Pin=IR8-1
Added Pin To Net: NetName=ROW0 Pin=MOSP0-3
Added Pin To Net: NetName=ROW0 Pin=PT1-2
Added Pin To Net: NetName=ROW0 Pin=PT2-2
Added Pin To Net: NetName=ROW0 Pin=PT3-2
Added Pin To Net: NetName=ROW0 Pin=PT4-2
Added Pin To Net: NetName=ROW0 Pin=PT5-2
Added Pin To Net: NetName=ROW0 Pin=PT6-2
Added Pin To Net: NetName=ROW0 Pin=PT7-2
Added Pin To Net: NetName=ROW0 Pin=PT8-2
Added Net: Name=ROW0
Added Pin To Net: NetName=ROW1 Pin=IR9-1
Added Pin To Net: NetName=ROW1 Pin=IR10-1
Added Pin To Net: NetName=ROW1 Pin=IR11-1
Added Pin To Net: NetName=ROW1 Pin=IR12-1
Added Pin To Net: NetName=ROW1 Pin=IR13-1
Added Pin To Net: NetName=ROW1 Pin=IR14-1
Added Pin To Net: NetName=ROW1 Pin=IR15-1
Added Pin To Net: NetName=ROW1 Pin=IR16-1
Added Pin To Net: NetName=ROW1 Pin=MOSP1-3
Added Pin To Net: NetName=ROW1 Pin=PT9-2
Added Pin To Net: NetName=ROW1 Pin=PT10-2
Added Pin To Net: NetName=ROW1 Pin=PT11-2
Added Pin To Net: NetName=ROW1 Pin=PT12-2
Added Pin To Net: NetName=ROW1 Pin=PT13-2
Added Pin To Net: NetName=ROW1 Pin=PT14-2
Added Pin To Net: NetName=ROW1 Pin=PT15-2
Added Pin To Net: NetName=ROW1 Pin=PT16-2
Added Net: Name=ROW1
Added Pin To Net: NetName=ROW2 Pin=IR17-1
Added Pin To Net: NetName=ROW2 Pin=IR18-1
Added Pin To Net: NetName=ROW2 Pin=IR19-1
Added Pin To Net: NetName=ROW2 Pin=IR20-1
Added Pin To Net: NetName=ROW2 Pin=IR21-1
Added Pin To Net: NetName=ROW2 Pin=IR22-1
Added Pin To Net: NetName=ROW2 Pin=IR23-1
Added Pin To Net: NetName=ROW2 Pin=IR24-1
Added Pin To Net: NetName=ROW2 Pin=MOSP2-3
Added Pin To Net: NetName=ROW2 Pin=PT17-2
Added Pin To Net: NetName=ROW2 Pin=PT18-2
Added Pin To Net: NetName=ROW2 Pin=PT19-2
Added Pin To Net: NetName=ROW2 Pin=PT20-2
Added Pin To Net: NetName=ROW2 Pin=PT21-2
Added Pin To Net: NetName=ROW2 Pin=PT22-2
Added Pin To Net: NetName=ROW2 Pin=PT23-2
Added Pin To Net: NetName=ROW2 Pin=PT24-2
Added Net: Name=ROW2
Added Pin To Net: NetName=ROW3 Pin=IR25-1
Added Pin To Net: NetName=ROW3 Pin=IR26-1
Added Pin To Net: NetName=ROW3 Pin=IR27-1
Added Pin To Net: NetName=ROW3 Pin=IR28-1
Added Pin To Net: NetName=ROW3 Pin=IR29-1
Added Pin To Net: NetName=ROW3 Pin=IR30-1
Added Pin To Net: NetName=ROW3 Pin=IR31-1
Added Pin To Net: NetName=ROW3 Pin=IR32-1
Added Pin To Net: NetName=ROW3 Pin=MOSP3-3
Added Pin To Net: NetName=ROW3 Pin=PT25-2
Added Pin To Net: NetName=ROW3 Pin=PT26-2
Added Pin To Net: NetName=ROW3 Pin=PT27-2
Added Pin To Net: NetName=ROW3 Pin=PT28-2
Added Pin To Net: NetName=ROW3 Pin=PT29-2
Added Pin To Net: NetName=ROW3 Pin=PT30-2
Added Pin To Net: NetName=ROW3 Pin=PT31-2
Added Pin To Net: NetName=ROW3 Pin=PT32-2
Added Net: Name=ROW3
Added Pin To Net: NetName=ROW4 Pin=IR33-1
Added Pin To Net: NetName=ROW4 Pin=IR34-1
Added Pin To Net: NetName=ROW4 Pin=IR35-1
Added Pin To Net: NetName=ROW4 Pin=IR36-1
Added Pin To Net: NetName=ROW4 Pin=IR37-1
Added Pin To Net: NetName=ROW4 Pin=IR38-1
Added Pin To Net: NetName=ROW4 Pin=IR39-1
Added Pin To Net: NetName=ROW4 Pin=IR40-1
Added Pin To Net: NetName=ROW4 Pin=MOSP4-3
Added Pin To Net: NetName=ROW4 Pin=PT33-2
Added Pin To Net: NetName=ROW4 Pin=PT34-2
Added Pin To Net: NetName=ROW4 Pin=PT35-2
Added Pin To Net: NetName=ROW4 Pin=PT36-2
Added Pin To Net: NetName=ROW4 Pin=PT37-2
Added Pin To Net: NetName=ROW4 Pin=PT38-2
Added Pin To Net: NetName=ROW4 Pin=PT39-2
Added Pin To Net: NetName=ROW4 Pin=PT40-2
Added Net: Name=ROW4
Added Pin To Net: NetName=ROW5 Pin=IR41-1
Added Pin To Net: NetName=ROW5 Pin=IR42-1
Added Pin To Net: NetName=ROW5 Pin=IR43-1
Added Pin To Net: NetName=ROW5 Pin=IR44-1
Added Pin To Net: NetName=ROW5 Pin=IR45-1
Added Pin To Net: NetName=ROW5 Pin=IR46-1
Added Pin To Net: NetName=ROW5 Pin=IR47-1
Added Pin To Net: NetName=ROW5 Pin=IR48-1
Added Pin To Net: NetName=ROW5 Pin=MOSP5-3
Added Pin To Net: NetName=ROW5 Pin=PT41-2
Added Pin To Net: NetName=ROW5 Pin=PT42-2
Added Pin To Net: NetName=ROW5 Pin=PT43-2
Added Pin To Net: NetName=ROW5 Pin=PT44-2
Added Pin To Net: NetName=ROW5 Pin=PT45-2
Added Pin To Net: NetName=ROW5 Pin=PT46-2
Added Pin To Net: NetName=ROW5 Pin=PT47-2
Added Pin To Net: NetName=ROW5 Pin=PT48-2
Added Net: Name=ROW5
Added Pin To Net: NetName=ROW6 Pin=IR49-1
Added Pin To Net: NetName=ROW6 Pin=IR50-1
Added Pin To Net: NetName=ROW6 Pin=IR51-1
Added Pin To Net: NetName=ROW6 Pin=IR52-1
Added Pin To Net: NetName=ROW6 Pin=IR53-1
Added Pin To Net: NetName=ROW6 Pin=IR54-1
Added Pin To Net: NetName=ROW6 Pin=IR55-1
Added Pin To Net: NetName=ROW6 Pin=IR56-1
Added Pin To Net: NetName=ROW6 Pin=MOSP6-3
Added Pin To Net: NetName=ROW6 Pin=PT49-2
Added Pin To Net: NetName=ROW6 Pin=PT50-2
Added Pin To Net: NetName=ROW6 Pin=PT51-2
Added Pin To Net: NetName=ROW6 Pin=PT52-2
Added Pin To Net: NetName=ROW6 Pin=PT53-2
Added Pin To Net: NetName=ROW6 Pin=PT54-2
Added Pin To Net: NetName=ROW6 Pin=PT55-2
Added Pin To Net: NetName=ROW6 Pin=PT56-2
Added Net: Name=ROW6
Added Pin To Net: NetName=ROW7 Pin=IR57-1
Added Pin To Net: NetName=ROW7 Pin=IR58-1
Added Pin To Net: NetName=ROW7 Pin=IR59-1
Added Pin To Net: NetName=ROW7 Pin=IR60-1
Added Pin To Net: NetName=ROW7 Pin=IR61-1
Added Pin To Net: NetName=ROW7 Pin=IR62-1
Added Pin To Net: NetName=ROW7 Pin=IR63-1
Added Pin To Net: NetName=ROW7 Pin=IR64-1
Added Pin To Net: NetName=ROW7 Pin=MOSP7-3
Added Pin To Net: NetName=ROW7 Pin=PT57-2
Added Pin To Net: NetName=ROW7 Pin=PT58-2
Added Pin To Net: NetName=ROW7 Pin=PT59-2
Added Pin To Net: NetName=ROW7 Pin=PT60-2
Added Pin To Net: NetName=ROW7 Pin=PT61-2
Added Pin To Net: NetName=ROW7 Pin=PT62-2
Added Pin To Net: NetName=ROW7 Pin=PT63-2
Added Pin To Net: NetName=ROW7 Pin=PT64-2
Added Net: Name=ROW7
Added Pin To Net: NetName=VCC Pin=H1-20
Added Pin To Net: NetName=VCC Pin=H2-3
Added Pin To Net: NetName=VCC Pin=H_3_1-1
Added Pin To Net: NetName=VCC Pin=MOSP0-2
Added Pin To Net: NetName=VCC Pin=MOSP1-2
Added Pin To Net: NetName=VCC Pin=MOSP2-2
Added Pin To Net: NetName=VCC Pin=MOSP3-2
Added Pin To Net: NetName=VCC Pin=MOSP4-2
Added Pin To Net: NetName=VCC Pin=MOSP5-2
Added Pin To Net: NetName=VCC Pin=MOSP6-2
Added Pin To Net: NetName=VCC Pin=MOSP7-2
Added Pin To Net: NetName=VCC Pin=MUX1-6
Added Pin To Net: NetName=VCC Pin=MUX1-16
Added Pin To Net: NetName=VCC Pin=MUX2-6
Added Pin To Net: NetName=VCC Pin=MUX2-16
Added Pin To Net: NetName=VCC Pin=Rvs1-1
Added Pin To Net: NetName=VCC Pin=Rvs2-1
Added Pin To Net: NetName=VCC Pin=Rvs3-1
Added Pin To Net: NetName=VCC Pin=Rvs4-1
Added Pin To Net: NetName=VCC Pin=Rvs5-1
Added Pin To Net: NetName=VCC Pin=Rvs6-1
Added Pin To Net: NetName=VCC Pin=Rvs7-1
Added Pin To Net: NetName=VCC Pin=Rvs8-1
Added Net: Name=VCC
Added Class: Name=8x8v2
Added Room: Name=8x8v2
