Removed Pin From Net: NetName=ADC_COL0 Pin=PT1-1
Removed Pin From Net: NetName=ROW0 Pin=PT1-2
Removed Pin From Net: NetName=ADC_COL1 Pin=PT2-1
Removed Pin From Net: NetName=ROW0 Pin=PT2-2
Removed Pin From Net: NetName=ADC_COL2 Pin=PT3-1
Removed Pin From Net: NetName=ROW0 Pin=PT3-2
Removed Pin From Net: NetName=ADC_COL3 Pin=PT4-1
Removed Pin From Net: NetName=ROW0 Pin=PT4-2
Removed Pin From Net: NetName=ADC_COL4 Pin=PT5-1
Removed Pin From Net: NetName=ROW0 Pin=PT5-2
Removed Pin From Net: NetName=ADC_COL5 Pin=PT6-1
Removed Pin From Net: NetName=ROW0 Pin=PT6-2
Removed Pin From Net: NetName=ADC_COL6 Pin=PT7-1
Removed Pin From Net: NetName=ROW0 Pin=PT7-2
Removed Pin From Net: NetName=ADC_COL7 Pin=PT8-1
Removed Pin From Net: NetName=ROW0 Pin=PT8-2
Removed Pin From Net: NetName=ADC_COL0 Pin=PT9-1
Removed Pin From Net: NetName=ROW1 Pin=PT9-2
Removed Pin From Net: NetName=ADC_COL1 Pin=PT10-1
Removed Pin From Net: NetName=ROW1 Pin=PT10-2
Removed Pin From Net: NetName=ADC_COL2 Pin=PT11-1
Removed Pin From Net: NetName=ROW1 Pin=PT11-2
Removed Pin From Net: NetName=ADC_COL3 Pin=PT12-1
Removed Pin From Net: NetName=ROW1 Pin=PT12-2
Removed Pin From Net: NetName=ADC_COL4 Pin=PT13-1
Removed Pin From Net: NetName=ROW1 Pin=PT13-2
Removed Pin From Net: NetName=ADC_COL5 Pin=PT14-1
Removed Pin From Net: NetName=ROW1 Pin=PT14-2
Removed Pin From Net: NetName=ADC_COL6 Pin=PT15-1
Removed Pin From Net: NetName=ROW1 Pin=PT15-2
Removed Pin From Net: NetName=ADC_COL7 Pin=PT16-1
Removed Pin From Net: NetName=ROW1 Pin=PT16-2
Removed Pin From Net: NetName=ADC_COL0 Pin=PT17-1
Removed Pin From Net: NetName=ROW2 Pin=PT17-2
Removed Pin From Net: NetName=ADC_COL1 Pin=PT18-1
Removed Pin From Net: NetName=ROW2 Pin=PT18-2
Removed Pin From Net: NetName=ADC_COL2 Pin=PT19-1
Removed Pin From Net: NetName=ROW2 Pin=PT19-2
Removed Pin From Net: NetName=ADC_COL3 Pin=PT20-1
Removed Pin From Net: NetName=ROW2 Pin=PT20-2
Removed Pin From Net: NetName=ADC_COL4 Pin=PT21-1
Removed Pin From Net: NetName=ROW2 Pin=PT21-2
Removed Pin From Net: NetName=ADC_COL5 Pin=PT22-1
Removed Pin From Net: NetName=ROW2 Pin=PT22-2
Removed Pin From Net: NetName=ADC_COL6 Pin=PT23-1
Removed Pin From Net: NetName=ROW2 Pin=PT23-2
Removed Pin From Net: NetName=ADC_COL7 Pin=PT24-1
Removed Pin From Net: NetName=ROW2 Pin=PT24-2
Removed Pin From Net: NetName=ADC_COL0 Pin=PT25-1
Removed Pin From Net: NetName=ROW3 Pin=PT25-2
Removed Pin From Net: NetName=ADC_COL1 Pin=PT26-1
Removed Pin From Net: NetName=ROW3 Pin=PT26-2
Removed Pin From Net: NetName=ADC_COL2 Pin=PT27-1
Removed Pin From Net: NetName=ROW3 Pin=PT27-2
Removed Pin From Net: NetName=ADC_COL3 Pin=PT28-1
Removed Pin From Net: NetName=ROW3 Pin=PT28-2
Removed Pin From Net: NetName=ADC_COL4 Pin=PT29-1
Removed Pin From Net: NetName=ROW3 Pin=PT29-2
Removed Pin From Net: NetName=ADC_COL5 Pin=PT30-1
Removed Pin From Net: NetName=ROW3 Pin=PT30-2
Removed Pin From Net: NetName=ADC_COL6 Pin=PT31-1
Removed Pin From Net: NetName=ROW3 Pin=PT31-2
Removed Pin From Net: NetName=ADC_COL7 Pin=PT32-1
Removed Pin From Net: NetName=ROW3 Pin=PT32-2
Removed Pin From Net: NetName=ADC_COL0 Pin=PT33-1
Removed Pin From Net: NetName=ROW4 Pin=PT33-2
Removed Pin From Net: NetName=ADC_COL1 Pin=PT34-1
Removed Pin From Net: NetName=ROW4 Pin=PT34-2
Removed Pin From Net: NetName=ADC_COL2 Pin=PT35-1
Removed Pin From Net: NetName=ROW4 Pin=PT35-2
Removed Pin From Net: NetName=ADC_COL3 Pin=PT36-1
Removed Pin From Net: NetName=ROW4 Pin=PT36-2
Removed Pin From Net: NetName=ADC_COL4 Pin=PT37-1
Removed Pin From Net: NetName=ROW4 Pin=PT37-2
Removed Pin From Net: NetName=ADC_COL5 Pin=PT38-1
Removed Pin From Net: NetName=ROW4 Pin=PT38-2
Removed Pin From Net: NetName=ADC_COL6 Pin=PT39-1
Removed Pin From Net: NetName=ROW4 Pin=PT39-2
Removed Pin From Net: NetName=ADC_COL7 Pin=PT40-1
Removed Pin From Net: NetName=ROW4 Pin=PT40-2
Removed Pin From Net: NetName=ADC_COL0 Pin=PT41-1
Removed Pin From Net: NetName=ROW5 Pin=PT41-2
Removed Pin From Net: NetName=ADC_COL1 Pin=PT42-1
Removed Pin From Net: NetName=ROW5 Pin=PT42-2
Removed Pin From Net: NetName=ADC_COL2 Pin=PT43-1
Removed Pin From Net: NetName=ROW5 Pin=PT43-2
Removed Pin From Net: NetName=ADC_COL3 Pin=PT44-1
Removed Pin From Net: NetName=ROW5 Pin=PT44-2
Removed Pin From Net: NetName=ADC_COL4 Pin=PT45-1
Removed Pin From Net: NetName=ROW5 Pin=PT45-2
Removed Pin From Net: NetName=ADC_COL5 Pin=PT46-1
Removed Pin From Net: NetName=ROW5 Pin=PT46-2
Removed Pin From Net: NetName=ADC_COL6 Pin=PT47-1
Removed Pin From Net: NetName=ROW5 Pin=PT47-2
Removed Pin From Net: NetName=ADC_COL7 Pin=PT48-1
Removed Pin From Net: NetName=ROW5 Pin=PT48-2
Removed Pin From Net: NetName=ADC_COL0 Pin=PT49-1
Removed Pin From Net: NetName=ROW6 Pin=PT49-2
Removed Pin From Net: NetName=ADC_COL1 Pin=PT50-1
Removed Pin From Net: NetName=ROW6 Pin=PT50-2
Removed Pin From Net: NetName=ADC_COL2 Pin=PT51-1
Removed Pin From Net: NetName=ROW6 Pin=PT51-2
Removed Pin From Net: NetName=ADC_COL3 Pin=PT52-1
Removed Pin From Net: NetName=ROW6 Pin=PT52-2
Removed Pin From Net: NetName=ADC_COL4 Pin=PT53-1
Removed Pin From Net: NetName=ROW6 Pin=PT53-2
Removed Pin From Net: NetName=ADC_COL5 Pin=PT54-1
Removed Pin From Net: NetName=ROW6 Pin=PT54-2
Removed Pin From Net: NetName=ADC_COL6 Pin=PT55-1
Removed Pin From Net: NetName=ROW6 Pin=PT55-2
Removed Pin From Net: NetName=ADC_COL7 Pin=PT56-1
Removed Pin From Net: NetName=ROW6 Pin=PT56-2
Removed Pin From Net: NetName=ADC_COL0 Pin=PT57-1
Removed Pin From Net: NetName=ROW7 Pin=PT57-2
Removed Pin From Net: NetName=ADC_COL1 Pin=PT58-1
Removed Pin From Net: NetName=ROW7 Pin=PT58-2
Removed Pin From Net: NetName=ADC_COL2 Pin=PT59-1
Removed Pin From Net: NetName=ROW7 Pin=PT59-2
Removed Pin From Net: NetName=ADC_COL3 Pin=PT60-1
Removed Pin From Net: NetName=ROW7 Pin=PT60-2
Removed Pin From Net: NetName=ADC_COL4 Pin=PT61-1
Removed Pin From Net: NetName=ROW7 Pin=PT61-2
Removed Pin From Net: NetName=ADC_COL5 Pin=PT62-1
Removed Pin From Net: NetName=ROW7 Pin=PT62-2
Removed Pin From Net: NetName=ADC_COL6 Pin=PT63-1
Removed Pin From Net: NetName=ROW7 Pin=PT63-2
Removed Pin From Net: NetName=ADC_COL7 Pin=PT64-1
Removed Pin From Net: NetName=ROW7 Pin=PT64-2
Added Pin To Net: NetName=18V Pin=C1-2
Added Pin To Net: NetName=18V Pin=C2-2
Added Pin To Net: NetName=18V Pin=C3-2
Added Pin To Net: NetName=18V Pin=C4-2
Added Pin To Net: NetName=ROW0 Pin=PT1-1
Added Pin To Net: NetName=ADC_COL0 Pin=PT1-2
Added Pin To Net: NetName=ROW0 Pin=PT2-1
Added Pin To Net: NetName=ADC_COL1 Pin=PT2-2
Added Pin To Net: NetName=ROW0 Pin=PT3-1
Added Pin To Net: NetName=ADC_COL2 Pin=PT3-2
Added Pin To Net: NetName=ROW0 Pin=PT4-1
Added Pin To Net: NetName=ADC_COL3 Pin=PT4-2
Added Pin To Net: NetName=ROW0 Pin=PT5-1
Added Pin To Net: NetName=ADC_COL4 Pin=PT5-2
Added Pin To Net: NetName=ROW0 Pin=PT6-1
Added Pin To Net: NetName=ADC_COL5 Pin=PT6-2
Added Pin To Net: NetName=ROW0 Pin=PT7-1
Added Pin To Net: NetName=ADC_COL6 Pin=PT7-2
Added Pin To Net: NetName=ROW0 Pin=PT8-1
Added Pin To Net: NetName=ADC_COL7 Pin=PT8-2
Added Pin To Net: NetName=ROW1 Pin=PT9-1
Added Pin To Net: NetName=ADC_COL0 Pin=PT9-2
Added Pin To Net: NetName=ROW1 Pin=PT10-1
Added Pin To Net: NetName=ADC_COL1 Pin=PT10-2
Added Pin To Net: NetName=ROW1 Pin=PT11-1
Added Pin To Net: NetName=ADC_COL2 Pin=PT11-2
Added Pin To Net: NetName=ROW1 Pin=PT12-1
Added Pin To Net: NetName=ADC_COL3 Pin=PT12-2
Added Pin To Net: NetName=ROW1 Pin=PT13-1
Added Pin To Net: NetName=ADC_COL4 Pin=PT13-2
Added Pin To Net: NetName=ROW1 Pin=PT14-1
Added Pin To Net: NetName=ADC_COL5 Pin=PT14-2
Added Pin To Net: NetName=ROW1 Pin=PT15-1
Added Pin To Net: NetName=ADC_COL6 Pin=PT15-2
Added Pin To Net: NetName=ROW1 Pin=PT16-1
Added Pin To Net: NetName=ADC_COL7 Pin=PT16-2
Added Pin To Net: NetName=ROW2 Pin=PT17-1
Added Pin To Net: NetName=ADC_COL0 Pin=PT17-2
Added Pin To Net: NetName=ROW2 Pin=PT18-1
Added Pin To Net: NetName=ADC_COL1 Pin=PT18-2
Added Pin To Net: NetName=ROW2 Pin=PT19-1
Added Pin To Net: NetName=ADC_COL2 Pin=PT19-2
Added Pin To Net: NetName=ROW2 Pin=PT20-1
Added Pin To Net: NetName=ADC_COL3 Pin=PT20-2
Added Pin To Net: NetName=ROW2 Pin=PT21-1
Added Pin To Net: NetName=ADC_COL4 Pin=PT21-2
Added Pin To Net: NetName=ROW2 Pin=PT22-1
Added Pin To Net: NetName=ADC_COL5 Pin=PT22-2
Added Pin To Net: NetName=ROW2 Pin=PT23-1
Added Pin To Net: NetName=ADC_COL6 Pin=PT23-2
Added Pin To Net: NetName=ROW2 Pin=PT24-1
Added Pin To Net: NetName=ADC_COL7 Pin=PT24-2
Added Pin To Net: NetName=ROW3 Pin=PT25-1
Added Pin To Net: NetName=ADC_COL0 Pin=PT25-2
Added Pin To Net: NetName=ROW3 Pin=PT26-1
Added Pin To Net: NetName=ADC_COL1 Pin=PT26-2
Added Pin To Net: NetName=ROW3 Pin=PT27-1
Added Pin To Net: NetName=ADC_COL2 Pin=PT27-2
Added Pin To Net: NetName=ROW3 Pin=PT28-1
Added Pin To Net: NetName=ADC_COL3 Pin=PT28-2
Added Pin To Net: NetName=ROW3 Pin=PT29-1
Added Pin To Net: NetName=ADC_COL4 Pin=PT29-2
Added Pin To Net: NetName=ROW3 Pin=PT30-1
Added Pin To Net: NetName=ADC_COL5 Pin=PT30-2
Added Pin To Net: NetName=ROW3 Pin=PT31-1
Added Pin To Net: NetName=ADC_COL6 Pin=PT31-2
Added Pin To Net: NetName=ROW3 Pin=PT32-1
Added Pin To Net: NetName=ADC_COL7 Pin=PT32-2
Added Pin To Net: NetName=ROW4 Pin=PT33-1
Added Pin To Net: NetName=ADC_COL0 Pin=PT33-2
Added Pin To Net: NetName=ROW4 Pin=PT34-1
Added Pin To Net: NetName=ADC_COL1 Pin=PT34-2
Added Pin To Net: NetName=ROW4 Pin=PT35-1
Added Pin To Net: NetName=ADC_COL2 Pin=PT35-2
Added Pin To Net: NetName=ROW4 Pin=PT36-1
Added Pin To Net: NetName=ADC_COL3 Pin=PT36-2
Added Pin To Net: NetName=ROW4 Pin=PT37-1
Added Pin To Net: NetName=ADC_COL4 Pin=PT37-2
Added Pin To Net: NetName=ROW4 Pin=PT38-1
Added Pin To Net: NetName=ADC_COL5 Pin=PT38-2
Added Pin To Net: NetName=ROW4 Pin=PT39-1
Added Pin To Net: NetName=ADC_COL6 Pin=PT39-2
Added Pin To Net: NetName=ROW4 Pin=PT40-1
Added Pin To Net: NetName=ADC_COL7 Pin=PT40-2
Added Pin To Net: NetName=ROW5 Pin=PT41-1
Added Pin To Net: NetName=ADC_COL0 Pin=PT41-2
Added Pin To Net: NetName=ROW5 Pin=PT42-1
Added Pin To Net: NetName=ADC_COL1 Pin=PT42-2
Added Pin To Net: NetName=ROW5 Pin=PT43-1
Added Pin To Net: NetName=ADC_COL2 Pin=PT43-2
Added Pin To Net: NetName=ROW5 Pin=PT44-1
Added Pin To Net: NetName=ADC_COL3 Pin=PT44-2
Added Pin To Net: NetName=ROW5 Pin=PT45-1
Added Pin To Net: NetName=ADC_COL4 Pin=PT45-2
Added Pin To Net: NetName=ROW5 Pin=PT46-1
Added Pin To Net: NetName=ADC_COL5 Pin=PT46-2
Added Pin To Net: NetName=ROW5 Pin=PT47-1
Added Pin To Net: NetName=ADC_COL6 Pin=PT47-2
Added Pin To Net: NetName=ROW5 Pin=PT48-1
Added Pin To Net: NetName=ADC_COL7 Pin=PT48-2
Added Pin To Net: NetName=ROW6 Pin=PT49-1
Added Pin To Net: NetName=ADC_COL0 Pin=PT49-2
Added Pin To Net: NetName=ROW6 Pin=PT50-1
Added Pin To Net: NetName=ADC_COL1 Pin=PT50-2
Added Pin To Net: NetName=ROW6 Pin=PT51-1
Added Pin To Net: NetName=ADC_COL2 Pin=PT51-2
Added Pin To Net: NetName=ROW6 Pin=PT52-1
Added Pin To Net: NetName=ADC_COL3 Pin=PT52-2
Added Pin To Net: NetName=ROW6 Pin=PT53-1
Added Pin To Net: NetName=ADC_COL4 Pin=PT53-2
Added Pin To Net: NetName=ROW6 Pin=PT54-1
Added Pin To Net: NetName=ADC_COL5 Pin=PT54-2
Added Pin To Net: NetName=ROW6 Pin=PT55-1
Added Pin To Net: NetName=ADC_COL6 Pin=PT55-2
Added Pin To Net: NetName=ROW6 Pin=PT56-1
Added Pin To Net: NetName=ADC_COL7 Pin=PT56-2
Added Pin To Net: NetName=ROW7 Pin=PT57-1
Added Pin To Net: NetName=ADC_COL0 Pin=PT57-2
Added Pin To Net: NetName=ROW7 Pin=PT58-1
Added Pin To Net: NetName=ADC_COL1 Pin=PT58-2
Added Pin To Net: NetName=ROW7 Pin=PT59-1
Added Pin To Net: NetName=ADC_COL2 Pin=PT59-2
Added Pin To Net: NetName=ROW7 Pin=PT60-1
Added Pin To Net: NetName=ADC_COL3 Pin=PT60-2
Added Pin To Net: NetName=ROW7 Pin=PT61-1
Added Pin To Net: NetName=ADC_COL4 Pin=PT61-2
Added Pin To Net: NetName=ROW7 Pin=PT62-1
Added Pin To Net: NetName=ADC_COL5 Pin=PT62-2
Added Pin To Net: NetName=ROW7 Pin=PT63-1
Added Pin To Net: NetName=ADC_COL6 Pin=PT63-2
Added Pin To Net: NetName=ROW7 Pin=PT64-1
Added Pin To Net: NetName=ADC_COL7 Pin=PT64-2
Added Pin To Net: NetName=VCC Pin=VR1-1
Added Member To Class: ClassName=8x8v2 Member=Component IR_R34 Res3
Added Member To Class: ClassName=8x8v2 Member=Component VR1 MIC35302WD
Added Room: Name=8x8v2
