Replace Part H1 NPPN201BFLC-RC in D:\Team25\8x8v2.SchDoc with NPPN201BFLC-RC from T25_Components.SchLib
Replace Part H2 NPPN201BFLC-RC in D:\Team25\8x8v2.SchDoc with NPPN201BFLC-RC from T25_Components.SchLib
Replace Part H_3_1 3POSHEADER in D:\Team25\8x8v2.SchDoc with 3POSHEADER from T25_Components.SchLib
Replace Part IR1 IR26-51C in D:\Team25\8x8v2.SchDoc with IR26-51C from T25_Components.SchLib
Replace Part IR2 IR26-51C in D:\Team25\8x8v2.SchDoc with IR26-51C from T25_Components.SchLib
Replace Part IR3 IR26-51C in D:\Team25\8x8v2.SchDoc with IR26-51C from T25_Components.SchLib
Replace Part IR4 IR26-51C in D:\Team25\8x8v2.SchDoc with IR26-51C from T25_Components.SchLib
Replace Part IR5 IR26-51C in D:\Team25\8x8v2.SchDoc with IR26-51C from T25_Components.SchLib
Replace Part IR6 IR26-51C in D:\Team25\8x8v2.SchDoc with IR26-51C from T25_Components.SchLib
Replace Part IR7 IR26-51C in D:\Team25\8x8v2.SchDoc with IR26-51C from T25_Components.SchLib
Replace Part IR8 IR26-51C in D:\Team25\8x8v2.SchDoc with IR26-51C from T25_Components.SchLib
Replace Part IR9 IR26-51C in D:\Team25\8x8v2.SchDoc with IR26-51C from T25_Components.SchLib
Replace Part IR10 IR26-51C in D:\Team25\8x8v2.SchDoc with IR26-51C from T25_Components.SchLib
Replace Part IR11 IR26-51C in D:\Team25\8x8v2.SchDoc with IR26-51C from T25_Components.SchLib
Replace Part IR12 IR26-51C in D:\Team25\8x8v2.SchDoc with IR26-51C from T25_Components.SchLib
Replace Part IR13 IR26-51C in D:\Team25\8x8v2.SchDoc with IR26-51C from T25_Components.SchLib
Replace Part IR14 IR26-51C in D:\Team25\8x8v2.SchDoc with IR26-51C from T25_Components.SchLib
Replace Part IR15 IR26-51C in D:\Team25\8x8v2.SchDoc with IR26-51C from T25_Components.SchLib
Replace Part IR16 IR26-51C in D:\Team25\8x8v2.SchDoc with IR26-51C from T25_Components.SchLib
Replace Part IR17 IR26-51C in D:\Team25\8x8v2.SchDoc with IR26-51C from T25_Components.SchLib
Replace Part IR18 IR26-51C in D:\Team25\8x8v2.SchDoc with IR26-51C from T25_Components.SchLib
Replace Part IR19 IR26-51C in D:\Team25\8x8v2.SchDoc with IR26-51C from T25_Components.SchLib
Replace Part IR20 IR26-51C in D:\Team25\8x8v2.SchDoc with IR26-51C from T25_Components.SchLib
Replace Part IR21 IR26-51C in D:\Team25\8x8v2.SchDoc with IR26-51C from T25_Components.SchLib
Replace Part IR22 IR26-51C in D:\Team25\8x8v2.SchDoc with IR26-51C from T25_Components.SchLib
Replace Part IR23 IR26-51C in D:\Team25\8x8v2.SchDoc with IR26-51C from T25_Components.SchLib
Replace Part IR24 IR26-51C in D:\Team25\8x8v2.SchDoc with IR26-51C from T25_Components.SchLib
Replace Part IR25 IR26-51C in D:\Team25\8x8v2.SchDoc with IR26-51C from T25_Components.SchLib
Replace Part IR26 IR26-51C in D:\Team25\8x8v2.SchDoc with IR26-51C from T25_Components.SchLib
Replace Part IR27 IR26-51C in D:\Team25\8x8v2.SchDoc with IR26-51C from T25_Components.SchLib
Replace Part IR28 IR26-51C in D:\Team25\8x8v2.SchDoc with IR26-51C from T25_Components.SchLib
Replace Part IR29 IR26-51C in D:\Team25\8x8v2.SchDoc with IR26-51C from T25_Components.SchLib
Replace Part IR30 IR26-51C in D:\Team25\8x8v2.SchDoc with IR26-51C from T25_Components.SchLib
Replace Part IR31 IR26-51C in D:\Team25\8x8v2.SchDoc with IR26-51C from T25_Components.SchLib
Replace Part IR32 IR26-51C in D:\Team25\8x8v2.SchDoc with IR26-51C from T25_Components.SchLib
Replace Part IR33 IR26-51C in D:\Team25\8x8v2.SchDoc with IR26-51C from T25_Components.SchLib
Replace Part IR34 IR26-51C in D:\Team25\8x8v2.SchDoc with IR26-51C from T25_Components.SchLib
Replace Part IR35 IR26-51C in D:\Team25\8x8v2.SchDoc with IR26-51C from T25_Components.SchLib
Replace Part IR36 IR26-51C in D:\Team25\8x8v2.SchDoc with IR26-51C from T25_Components.SchLib
Replace Part IR37 IR26-51C in D:\Team25\8x8v2.SchDoc with IR26-51C from T25_Components.SchLib
Replace Part IR38 IR26-51C in D:\Team25\8x8v2.SchDoc with IR26-51C from T25_Components.SchLib
Replace Part IR39 IR26-51C in D:\Team25\8x8v2.SchDoc with IR26-51C from T25_Components.SchLib
Replace Part IR40 IR26-51C in D:\Team25\8x8v2.SchDoc with IR26-51C from T25_Components.SchLib
Replace Part IR41 IR26-51C in D:\Team25\8x8v2.SchDoc with IR26-51C from T25_Components.SchLib
Replace Part IR42 IR26-51C in D:\Team25\8x8v2.SchDoc with IR26-51C from T25_Components.SchLib
Replace Part IR43 IR26-51C in D:\Team25\8x8v2.SchDoc with IR26-51C from T25_Components.SchLib
Replace Part IR44 IR26-51C in D:\Team25\8x8v2.SchDoc with IR26-51C from T25_Components.SchLib
Replace Part IR45 IR26-51C in D:\Team25\8x8v2.SchDoc with IR26-51C from T25_Components.SchLib
Replace Part IR46 IR26-51C in D:\Team25\8x8v2.SchDoc with IR26-51C from T25_Components.SchLib
Replace Part IR47 IR26-51C in D:\Team25\8x8v2.SchDoc with IR26-51C from T25_Components.SchLib
Replace Part IR48 IR26-51C in D:\Team25\8x8v2.SchDoc with IR26-51C from T25_Components.SchLib
Replace Part IR49 IR26-51C in D:\Team25\8x8v2.SchDoc with IR26-51C from T25_Components.SchLib
Replace Part IR50 IR26-51C in D:\Team25\8x8v2.SchDoc with IR26-51C from T25_Components.SchLib
Replace Part IR51 IR26-51C in D:\Team25\8x8v2.SchDoc with IR26-51C from T25_Components.SchLib
Replace Part IR52 IR26-51C in D:\Team25\8x8v2.SchDoc with IR26-51C from T25_Components.SchLib
Replace Part IR53 IR26-51C in D:\Team25\8x8v2.SchDoc with IR26-51C from T25_Components.SchLib
Replace Part IR54 IR26-51C in D:\Team25\8x8v2.SchDoc with IR26-51C from T25_Components.SchLib
Replace Part IR55 IR26-51C in D:\Team25\8x8v2.SchDoc with IR26-51C from T25_Components.SchLib
Replace Part IR56 IR26-51C in D:\Team25\8x8v2.SchDoc with IR26-51C from T25_Components.SchLib
Replace Part IR57 IR26-51C in D:\Team25\8x8v2.SchDoc with IR26-51C from T25_Components.SchLib
Replace Part IR58 IR26-51C in D:\Team25\8x8v2.SchDoc with IR26-51C from T25_Components.SchLib
Replace Part IR59 IR26-51C in D:\Team25\8x8v2.SchDoc with IR26-51C from T25_Components.SchLib
Replace Part IR60 IR26-51C in D:\Team25\8x8v2.SchDoc with IR26-51C from T25_Components.SchLib
Replace Part IR61 IR26-51C in D:\Team25\8x8v2.SchDoc with IR26-51C from T25_Components.SchLib
Replace Part IR62 IR26-51C in D:\Team25\8x8v2.SchDoc with IR26-51C from T25_Components.SchLib
Replace Part IR63 IR26-51C in D:\Team25\8x8v2.SchDoc with IR26-51C from T25_Components.SchLib
Replace Part IR64 IR26-51C in D:\Team25\8x8v2.SchDoc with IR26-51C from T25_Components.SchLib
Replace Part IR_R1 Res3 in D:\Team25\8x8v2.SchDoc with Res3 from Miscellaneous Devices.IntLib
Replace Part IR_R2 Res3 in D:\Team25\8x8v2.SchDoc with Res3 from Miscellaneous Devices.IntLib
Replace Part IR_R3 Res3 in D:\Team25\8x8v2.SchDoc with Res3 from Miscellaneous Devices.IntLib
Replace Part IR_R4 Res3 in D:\Team25\8x8v2.SchDoc with Res3 from Miscellaneous Devices.IntLib
Replace Part IR_R5 Res3 in D:\Team25\8x8v2.SchDoc with Res3 from Miscellaneous Devices.IntLib
Replace Part IR_R6 Res3 in D:\Team25\8x8v2.SchDoc with Res3 from Miscellaneous Devices.IntLib
Replace Part IR_R7 Res3 in D:\Team25\8x8v2.SchDoc with Res3 from Miscellaneous Devices.IntLib
Replace Part IR_R8 Res3 in D:\Team25\8x8v2.SchDoc with Res3 from Miscellaneous Devices.IntLib
Replace Part IR_R9 Res3 in D:\Team25\8x8v2.SchDoc with Res3 from Miscellaneous Devices.IntLib
Replace Part IR_R10 Res3 in D:\Team25\8x8v2.SchDoc with Res3 from Miscellaneous Devices.IntLib
Replace Part IR_R11 Res3 in D:\Team25\8x8v2.SchDoc with Res3 from Miscellaneous Devices.IntLib
Replace Part IR_R12 Res3 in D:\Team25\8x8v2.SchDoc with Res3 from Miscellaneous Devices.IntLib
Replace Part IR_R13 Res3 in D:\Team25\8x8v2.SchDoc with Res3 from Miscellaneous Devices.IntLib
Replace Part IR_R14 Res3 in D:\Team25\8x8v2.SchDoc with Res3 from Miscellaneous Devices.IntLib
Replace Part IR_R15 Res3 in D:\Team25\8x8v2.SchDoc with Res3 from Miscellaneous Devices.IntLib
Replace Part IR_R16 Res3 in D:\Team25\8x8v2.SchDoc with Res3 from Miscellaneous Devices.IntLib
Replace Part IR_R17 Res3 in D:\Team25\8x8v2.SchDoc with Res3 from Miscellaneous Devices.IntLib
Replace Part IR_R18 Res3 in D:\Team25\8x8v2.SchDoc with Res3 from Miscellaneous Devices.IntLib
Replace Part IR_R19 Res3 in D:\Team25\8x8v2.SchDoc with Res3 from Miscellaneous Devices.IntLib
Replace Part IR_R20 Res3 in D:\Team25\8x8v2.SchDoc with Res3 from Miscellaneous Devices.IntLib
Replace Part IR_R21 Res3 in D:\Team25\8x8v2.SchDoc with Res3 from Miscellaneous Devices.IntLib
Replace Part IR_R22 Res3 in D:\Team25\8x8v2.SchDoc with Res3 from Miscellaneous Devices.IntLib
Replace Part IR_R23 Res3 in D:\Team25\8x8v2.SchDoc with Res3 from Miscellaneous Devices.IntLib
Replace Part IR_R24 Res3 in D:\Team25\8x8v2.SchDoc with Res3 from Miscellaneous Devices.IntLib
Replace Part IR_R25 Res3 in D:\Team25\8x8v2.SchDoc with Res3 from Miscellaneous Devices.IntLib
Replace Part IR_R26 Res3 in D:\Team25\8x8v2.SchDoc with Res3 from Miscellaneous Devices.IntLib
Replace Part IR_R27 Res3 in D:\Team25\8x8v2.SchDoc with Res3 from Miscellaneous Devices.IntLib
Replace Part IR_R28 Res3 in D:\Team25\8x8v2.SchDoc with Res3 from Miscellaneous Devices.IntLib
Replace Part IR_R29 Res3 in D:\Team25\8x8v2.SchDoc with Res3 from Miscellaneous Devices.IntLib
Replace Part IR_R30 Res3 in D:\Team25\8x8v2.SchDoc with Res3 from Miscellaneous Devices.IntLib
Replace Part IR_R31 Res3 in D:\Team25\8x8v2.SchDoc with Res3 from Miscellaneous Devices.IntLib
Replace Part IR_R32 Res3 in D:\Team25\8x8v2.SchDoc with Res3 from Miscellaneous Devices.IntLib
Replace Part IR_R33 Res3 in D:\Team25\8x8v2.SchDoc with Res3 from Miscellaneous Devices.IntLib
Replace Part IR_R34 Res3 in D:\Team25\8x8v2.SchDoc with Res3 from Miscellaneous Devices.IntLib
Replace Part IR_R35 Res3 in D:\Team25\8x8v2.SchDoc with Res3 from Miscellaneous Devices.IntLib
Replace Part IR_R36 Res3 in D:\Team25\8x8v2.SchDoc with Res3 from Miscellaneous Devices.IntLib
Replace Part IR_R37 Res3 in D:\Team25\8x8v2.SchDoc with Res3 from Miscellaneous Devices.IntLib
Replace Part IR_R38 Res3 in D:\Team25\8x8v2.SchDoc with Res3 from Miscellaneous Devices.IntLib
Replace Part IR_R39 Res3 in D:\Team25\8x8v2.SchDoc with Res3 from Miscellaneous Devices.IntLib
Replace Part IR_R40 Res3 in D:\Team25\8x8v2.SchDoc with Res3 from Miscellaneous Devices.IntLib
Replace Part IR_R41 Res3 in D:\Team25\8x8v2.SchDoc with Res3 from Miscellaneous Devices.IntLib
Replace Part IR_R42 Res3 in D:\Team25\8x8v2.SchDoc with Res3 from Miscellaneous Devices.IntLib
Replace Part IR_R43 Res3 in D:\Team25\8x8v2.SchDoc with Res3 from Miscellaneous Devices.IntLib
Replace Part IR_R44 Res3 in D:\Team25\8x8v2.SchDoc with Res3 from Miscellaneous Devices.IntLib
Replace Part IR_R45 Res3 in D:\Team25\8x8v2.SchDoc with Res3 from Miscellaneous Devices.IntLib
Replace Part IR_R46 Res3 in D:\Team25\8x8v2.SchDoc with Res3 from Miscellaneous Devices.IntLib
Replace Part IR_R47 Res3 in D:\Team25\8x8v2.SchDoc with Res3 from Miscellaneous Devices.IntLib
Replace Part IR_R48 Res3 in D:\Team25\8x8v2.SchDoc with Res3 from Miscellaneous Devices.IntLib
Replace Part IR_R49 Res3 in D:\Team25\8x8v2.SchDoc with Res3 from Miscellaneous Devices.IntLib
Replace Part IR_R50 Res3 in D:\Team25\8x8v2.SchDoc with Res3 from Miscellaneous Devices.IntLib
Replace Part IR_R51 Res3 in D:\Team25\8x8v2.SchDoc with Res3 from Miscellaneous Devices.IntLib
Replace Part IR_R52 Res3 in D:\Team25\8x8v2.SchDoc with Res3 from Miscellaneous Devices.IntLib
Replace Part IR_R53 Res3 in D:\Team25\8x8v2.SchDoc with Res3 from Miscellaneous Devices.IntLib
Replace Part IR_R54 Res3 in D:\Team25\8x8v2.SchDoc with Res3 from Miscellaneous Devices.IntLib
Replace Part IR_R55 Res3 in D:\Team25\8x8v2.SchDoc with Res3 from Miscellaneous Devices.IntLib
Replace Part IR_R56 Res3 in D:\Team25\8x8v2.SchDoc with Res3 from Miscellaneous Devices.IntLib
Replace Part IR_R57 Res3 in D:\Team25\8x8v2.SchDoc with Res3 from Miscellaneous Devices.IntLib
Replace Part IR_R58 Res3 in D:\Team25\8x8v2.SchDoc with Res3 from Miscellaneous Devices.IntLib
Replace Part IR_R59 Res3 in D:\Team25\8x8v2.SchDoc with Res3 from Miscellaneous Devices.IntLib
Replace Part IR_R60 Res3 in D:\Team25\8x8v2.SchDoc with Res3 from Miscellaneous Devices.IntLib
Replace Part IR_R61 Res3 in D:\Team25\8x8v2.SchDoc with Res3 from Miscellaneous Devices.IntLib
Replace Part IR_R62 Res3 in D:\Team25\8x8v2.SchDoc with Res3 from Miscellaneous Devices.IntLib
Replace Part IR_R63 Res3 in D:\Team25\8x8v2.SchDoc with Res3 from Miscellaneous Devices.IntLib
Replace Part IR_R64 Res3 in D:\Team25\8x8v2.SchDoc with Res3 from Miscellaneous Devices.IntLib
Replace Part LED1 COM-14608 in D:\Team25\8x8v2.SchDoc with COM-14608 from COM-14608.SCHLIB
Replace Part LED2 COM-14608 in D:\Team25\8x8v2.SchDoc with COM-14608 from COM-14608.SCHLIB
Replace Part LED3 COM-14608 in D:\Team25\8x8v2.SchDoc with COM-14608 from COM-14608.SCHLIB
Replace Part LED4 COM-14608 in D:\Team25\8x8v2.SchDoc with COM-14608 from COM-14608.SCHLIB
Replace Part LED5 COM-14608 in D:\Team25\8x8v2.SchDoc with COM-14608 from COM-14608.SCHLIB
Replace Part LED6 COM-14608 in D:\Team25\8x8v2.SchDoc with COM-14608 from COM-14608.SCHLIB
Replace Part LED7 COM-14608 in D:\Team25\8x8v2.SchDoc with COM-14608 from COM-14608.SCHLIB
Replace Part LED8 COM-14608 in D:\Team25\8x8v2.SchDoc with COM-14608 from COM-14608.SCHLIB
Replace Part LED9 COM-14608 in D:\Team25\8x8v2.SchDoc with COM-14608 from COM-14608.SCHLIB
Replace Part LED10 COM-14608 in D:\Team25\8x8v2.SchDoc with COM-14608 from COM-14608.SCHLIB
Replace Part LED11 COM-14608 in D:\Team25\8x8v2.SchDoc with COM-14608 from COM-14608.SCHLIB
Replace Part LED12 COM-14608 in D:\Team25\8x8v2.SchDoc with COM-14608 from COM-14608.SCHLIB
Replace Part LED13 COM-14608 in D:\Team25\8x8v2.SchDoc with COM-14608 from COM-14608.SCHLIB
Replace Part LED14 COM-14608 in D:\Team25\8x8v2.SchDoc with COM-14608 from COM-14608.SCHLIB
Replace Part LED15 COM-14608 in D:\Team25\8x8v2.SchDoc with COM-14608 from COM-14608.SCHLIB
Replace Part LED16 COM-14608 in D:\Team25\8x8v2.SchDoc with COM-14608 from COM-14608.SCHLIB
Replace Part LED17 COM-14608 in D:\Team25\8x8v2.SchDoc with COM-14608 from COM-14608.SCHLIB
Replace Part LED18 COM-14608 in D:\Team25\8x8v2.SchDoc with COM-14608 from COM-14608.SCHLIB
Replace Part LED19 COM-14608 in D:\Team25\8x8v2.SchDoc with COM-14608 from COM-14608.SCHLIB
Replace Part LED20 COM-14608 in D:\Team25\8x8v2.SchDoc with COM-14608 from COM-14608.SCHLIB
Replace Part LED21 COM-14608 in D:\Team25\8x8v2.SchDoc with COM-14608 from COM-14608.SCHLIB
Replace Part LED22 COM-14608 in D:\Team25\8x8v2.SchDoc with COM-14608 from COM-14608.SCHLIB
Replace Part LED23 COM-14608 in D:\Team25\8x8v2.SchDoc with COM-14608 from COM-14608.SCHLIB
Replace Part LED24 COM-14608 in D:\Team25\8x8v2.SchDoc with COM-14608 from COM-14608.SCHLIB
Replace Part LED25 COM-14608 in D:\Team25\8x8v2.SchDoc with COM-14608 from COM-14608.SCHLIB
Replace Part LED26 COM-14608 in D:\Team25\8x8v2.SchDoc with COM-14608 from COM-14608.SCHLIB
Replace Part LED27 COM-14608 in D:\Team25\8x8v2.SchDoc with COM-14608 from COM-14608.SCHLIB
Replace Part LED28 COM-14608 in D:\Team25\8x8v2.SchDoc with COM-14608 from COM-14608.SCHLIB
Replace Part LED29 COM-14608 in D:\Team25\8x8v2.SchDoc with COM-14608 from COM-14608.SCHLIB
Replace Part LED30 COM-14608 in D:\Team25\8x8v2.SchDoc with COM-14608 from COM-14608.SCHLIB
Replace Part LED31 COM-14608 in D:\Team25\8x8v2.SchDoc with COM-14608 from COM-14608.SCHLIB
Replace Part LED32 COM-14608 in D:\Team25\8x8v2.SchDoc with COM-14608 from COM-14608.SCHLIB
Replace Part LED33 COM-14608 in D:\Team25\8x8v2.SchDoc with COM-14608 from COM-14608.SCHLIB
Replace Part LED34 COM-14608 in D:\Team25\8x8v2.SchDoc with COM-14608 from COM-14608.SCHLIB
Replace Part LED35 COM-14608 in D:\Team25\8x8v2.SchDoc with COM-14608 from COM-14608.SCHLIB
Replace Part LED36 COM-14608 in D:\Team25\8x8v2.SchDoc with COM-14608 from COM-14608.SCHLIB
Replace Part LED37 COM-14608 in D:\Team25\8x8v2.SchDoc with COM-14608 from COM-14608.SCHLIB
Replace Part LED38 COM-14608 in D:\Team25\8x8v2.SchDoc with COM-14608 from COM-14608.SCHLIB
Replace Part LED39 COM-14608 in D:\Team25\8x8v2.SchDoc with COM-14608 from COM-14608.SCHLIB
Replace Part LED40 COM-14608 in D:\Team25\8x8v2.SchDoc with COM-14608 from COM-14608.SCHLIB
Replace Part LED41 COM-14608 in D:\Team25\8x8v2.SchDoc with COM-14608 from COM-14608.SCHLIB
Replace Part LED42 COM-14608 in D:\Team25\8x8v2.SchDoc with COM-14608 from COM-14608.SCHLIB
Replace Part LED43 COM-14608 in D:\Team25\8x8v2.SchDoc with COM-14608 from COM-14608.SCHLIB
Replace Part LED44 COM-14608 in D:\Team25\8x8v2.SchDoc with COM-14608 from COM-14608.SCHLIB
Replace Part LED45 COM-14608 in D:\Team25\8x8v2.SchDoc with COM-14608 from COM-14608.SCHLIB
Replace Part LED46 COM-14608 in D:\Team25\8x8v2.SchDoc with COM-14608 from COM-14608.SCHLIB
Replace Part LED47 COM-14608 in D:\Team25\8x8v2.SchDoc with COM-14608 from COM-14608.SCHLIB
Replace Part LED48 COM-14608 in D:\Team25\8x8v2.SchDoc with COM-14608 from COM-14608.SCHLIB
Replace Part LED49 COM-14608 in D:\Team25\8x8v2.SchDoc with COM-14608 from COM-14608.SCHLIB
Replace Part LED50 COM-14608 in D:\Team25\8x8v2.SchDoc with COM-14608 from COM-14608.SCHLIB
Replace Part LED51 COM-14608 in D:\Team25\8x8v2.SchDoc with COM-14608 from COM-14608.SCHLIB
Replace Part LED52 COM-14608 in D:\Team25\8x8v2.SchDoc with COM-14608 from COM-14608.SCHLIB
Replace Part LED53 COM-14608 in D:\Team25\8x8v2.SchDoc with COM-14608 from COM-14608.SCHLIB
Replace Part LED54 COM-14608 in D:\Team25\8x8v2.SchDoc with COM-14608 from COM-14608.SCHLIB
Replace Part LED55 COM-14608 in D:\Team25\8x8v2.SchDoc with COM-14608 from COM-14608.SCHLIB
Replace Part LED56 COM-14608 in D:\Team25\8x8v2.SchDoc with COM-14608 from COM-14608.SCHLIB
Replace Part LED57 COM-14608 in D:\Team25\8x8v2.SchDoc with COM-14608 from COM-14608.SCHLIB
Replace Part LED58 COM-14608 in D:\Team25\8x8v2.SchDoc with COM-14608 from COM-14608.SCHLIB
Replace Part LED59 COM-14608 in D:\Team25\8x8v2.SchDoc with COM-14608 from COM-14608.SCHLIB
Replace Part LED60 COM-14608 in D:\Team25\8x8v2.SchDoc with COM-14608 from COM-14608.SCHLIB
Replace Part LED61 COM-14608 in D:\Team25\8x8v2.SchDoc with COM-14608 from COM-14608.SCHLIB
Replace Part LED62 COM-14608 in D:\Team25\8x8v2.SchDoc with COM-14608 from COM-14608.SCHLIB
Replace Part LED63 COM-14608 in D:\Team25\8x8v2.SchDoc with COM-14608 from COM-14608.SCHLIB
Replace Part LED64 COM-14608 in D:\Team25\8x8v2.SchDoc with COM-14608 from COM-14608.SCHLIB
Replace Part MOSN0 DMN1019USN-7 in D:\Team25\8x8v2.SchDoc with DMN1019USN-7 from DMN1019USN-7.SCHLIB
Replace Part MOSN1 DMN1019USN-7 in D:\Team25\8x8v2.SchDoc with DMN1019USN-7 from DMN1019USN-7.SCHLIB
Replace Part MOSN2 DMN1019USN-7 in D:\Team25\8x8v2.SchDoc with DMN1019USN-7 from DMN1019USN-7.SCHLIB
Replace Part MOSN3 DMN1019USN-7 in D:\Team25\8x8v2.SchDoc with DMN1019USN-7 from DMN1019USN-7.SCHLIB
Replace Part MOSN4 DMN1019USN-7 in D:\Team25\8x8v2.SchDoc with DMN1019USN-7 from DMN1019USN-7.SCHLIB
Replace Part MOSN5 DMN1019USN-7 in D:\Team25\8x8v2.SchDoc with DMN1019USN-7 from DMN1019USN-7.SCHLIB
Replace Part MOSN6 DMN1019USN-7 in D:\Team25\8x8v2.SchDoc with DMN1019USN-7 from DMN1019USN-7.SCHLIB
Replace Part MOSN7 DMN1019USN-7 in D:\Team25\8x8v2.SchDoc with DMN1019USN-7 from DMN1019USN-7.SCHLIB
Replace Part MOSP0 NTS2101PT1G in D:\Team25\8x8v2.SchDoc with NTS2101PT1G from NTS2101PT1G.SCHLIB
Replace Part MOSP1 NTS2101PT1G in D:\Team25\8x8v2.SchDoc with NTS2101PT1G from NTS2101PT1G.SCHLIB
Replace Part MOSP2 NTS2101PT1G in D:\Team25\8x8v2.SchDoc with NTS2101PT1G from NTS2101PT1G.SCHLIB
Replace Part MOSP3 NTS2101PT1G in D:\Team25\8x8v2.SchDoc with NTS2101PT1G from NTS2101PT1G.SCHLIB
Replace Part MOSP4 NTS2101PT1G in D:\Team25\8x8v2.SchDoc with NTS2101PT1G from NTS2101PT1G.SCHLIB
Replace Part MOSP5 NTS2101PT1G in D:\Team25\8x8v2.SchDoc with NTS2101PT1G from NTS2101PT1G.SCHLIB
Replace Part MOSP6 NTS2101PT1G in D:\Team25\8x8v2.SchDoc with NTS2101PT1G from NTS2101PT1G.SCHLIB
Replace Part MOSP7 NTS2101PT1G in D:\Team25\8x8v2.SchDoc with NTS2101PT1G from NTS2101PT1G.SCHLIB
Replace Part MUX1 74HC4051PW,118 in D:\Team25\8x8v2.SchDoc with 74HC4051PW,118 from 74HC4051PW_118.SCHLIB
Replace Part MUX2 74HC4051PW,118 in D:\Team25\8x8v2.SchDoc with 74HC4051PW,118 from 74HC4051PW_118.SCHLIB
Replace Part PT1 PT26-51B in D:\Team25\8x8v2.SchDoc with PT26-51B from T25_Components.SchLib
Replace Part PT2 PT26-51B in D:\Team25\8x8v2.SchDoc with PT26-51B from T25_Components.SchLib
Replace Part PT3 PT26-51B in D:\Team25\8x8v2.SchDoc with PT26-51B from T25_Components.SchLib
Replace Part PT4 PT26-51B in D:\Team25\8x8v2.SchDoc with PT26-51B from T25_Components.SchLib
Replace Part PT5 PT26-51B in D:\Team25\8x8v2.SchDoc with PT26-51B from T25_Components.SchLib
Replace Part PT6 PT26-51B in D:\Team25\8x8v2.SchDoc with PT26-51B from T25_Components.SchLib
Replace Part PT7 PT26-51B in D:\Team25\8x8v2.SchDoc with PT26-51B from T25_Components.SchLib
Replace Part PT8 PT26-51B in D:\Team25\8x8v2.SchDoc with PT26-51B from T25_Components.SchLib
Replace Part PT9 PT26-51B in D:\Team25\8x8v2.SchDoc with PT26-51B from T25_Components.SchLib
Replace Part PT10 PT26-51B in D:\Team25\8x8v2.SchDoc with PT26-51B from T25_Components.SchLib
Replace Part PT11 PT26-51B in D:\Team25\8x8v2.SchDoc with PT26-51B from T25_Components.SchLib
Replace Part PT12 PT26-51B in D:\Team25\8x8v2.SchDoc with PT26-51B from T25_Components.SchLib
Replace Part PT13 PT26-51B in D:\Team25\8x8v2.SchDoc with PT26-51B from T25_Components.SchLib
Replace Part PT14 PT26-51B in D:\Team25\8x8v2.SchDoc with PT26-51B from T25_Components.SchLib
Replace Part PT15 PT26-51B in D:\Team25\8x8v2.SchDoc with PT26-51B from T25_Components.SchLib
Replace Part PT16 PT26-51B in D:\Team25\8x8v2.SchDoc with PT26-51B from T25_Components.SchLib
Replace Part PT17 PT26-51B in D:\Team25\8x8v2.SchDoc with PT26-51B from T25_Components.SchLib
Replace Part PT18 PT26-51B in D:\Team25\8x8v2.SchDoc with PT26-51B from T25_Components.SchLib
Replace Part PT19 PT26-51B in D:\Team25\8x8v2.SchDoc with PT26-51B from T25_Components.SchLib
Replace Part PT20 PT26-51B in D:\Team25\8x8v2.SchDoc with PT26-51B from T25_Components.SchLib
Replace Part PT21 PT26-51B in D:\Team25\8x8v2.SchDoc with PT26-51B from T25_Components.SchLib
Replace Part PT22 PT26-51B in D:\Team25\8x8v2.SchDoc with PT26-51B from T25_Components.SchLib
Replace Part PT23 PT26-51B in D:\Team25\8x8v2.SchDoc with PT26-51B from T25_Components.SchLib
Replace Part PT24 PT26-51B in D:\Team25\8x8v2.SchDoc with PT26-51B from T25_Components.SchLib
Replace Part PT25 PT26-51B in D:\Team25\8x8v2.SchDoc with PT26-51B from T25_Components.SchLib
Replace Part PT26 PT26-51B in D:\Team25\8x8v2.SchDoc with PT26-51B from T25_Components.SchLib
Replace Part PT27 PT26-51B in D:\Team25\8x8v2.SchDoc with PT26-51B from T25_Components.SchLib
Replace Part PT28 PT26-51B in D:\Team25\8x8v2.SchDoc with PT26-51B from T25_Components.SchLib
Replace Part PT29 PT26-51B in D:\Team25\8x8v2.SchDoc with PT26-51B from T25_Components.SchLib
Replace Part PT30 PT26-51B in D:\Team25\8x8v2.SchDoc with PT26-51B from T25_Components.SchLib
Replace Part PT31 PT26-51B in D:\Team25\8x8v2.SchDoc with PT26-51B from T25_Components.SchLib
Replace Part PT32 PT26-51B in D:\Team25\8x8v2.SchDoc with PT26-51B from T25_Components.SchLib
Replace Part PT33 PT26-51B in D:\Team25\8x8v2.SchDoc with PT26-51B from T25_Components.SchLib
Replace Part PT34 PT26-51B in D:\Team25\8x8v2.SchDoc with PT26-51B from T25_Components.SchLib
Replace Part PT35 PT26-51B in D:\Team25\8x8v2.SchDoc with PT26-51B from T25_Components.SchLib
Replace Part PT36 PT26-51B in D:\Team25\8x8v2.SchDoc with PT26-51B from T25_Components.SchLib
Replace Part PT37 PT26-51B in D:\Team25\8x8v2.SchDoc with PT26-51B from T25_Components.SchLib
Replace Part PT38 PT26-51B in D:\Team25\8x8v2.SchDoc with PT26-51B from T25_Components.SchLib
Replace Part PT39 PT26-51B in D:\Team25\8x8v2.SchDoc with PT26-51B from T25_Components.SchLib
Replace Part PT40 PT26-51B in D:\Team25\8x8v2.SchDoc with PT26-51B from T25_Components.SchLib
Replace Part PT41 PT26-51B in D:\Team25\8x8v2.SchDoc with PT26-51B from T25_Components.SchLib
Replace Part PT42 PT26-51B in D:\Team25\8x8v2.SchDoc with PT26-51B from T25_Components.SchLib
Replace Part PT43 PT26-51B in D:\Team25\8x8v2.SchDoc with PT26-51B from T25_Components.SchLib
Replace Part PT44 PT26-51B in D:\Team25\8x8v2.SchDoc with PT26-51B from T25_Components.SchLib
Replace Part PT45 PT26-51B in D:\Team25\8x8v2.SchDoc with PT26-51B from T25_Components.SchLib
Replace Part PT46 PT26-51B in D:\Team25\8x8v2.SchDoc with PT26-51B from T25_Components.SchLib
Replace Part PT47 PT26-51B in D:\Team25\8x8v2.SchDoc with PT26-51B from T25_Components.SchLib
Replace Part PT48 PT26-51B in D:\Team25\8x8v2.SchDoc with PT26-51B from T25_Components.SchLib
Replace Part PT49 PT26-51B in D:\Team25\8x8v2.SchDoc with PT26-51B from T25_Components.SchLib
Replace Part PT50 PT26-51B in D:\Team25\8x8v2.SchDoc with PT26-51B from T25_Components.SchLib
Replace Part PT51 PT26-51B in D:\Team25\8x8v2.SchDoc with PT26-51B from T25_Components.SchLib
Replace Part PT52 PT26-51B in D:\Team25\8x8v2.SchDoc with PT26-51B from T25_Components.SchLib
Replace Part PT53 PT26-51B in D:\Team25\8x8v2.SchDoc with PT26-51B from T25_Components.SchLib
Replace Part PT54 PT26-51B in D:\Team25\8x8v2.SchDoc with PT26-51B from T25_Components.SchLib
Replace Part PT55 PT26-51B in D:\Team25\8x8v2.SchDoc with PT26-51B from T25_Components.SchLib
Replace Part PT56 PT26-51B in D:\Team25\8x8v2.SchDoc with PT26-51B from T25_Components.SchLib
Replace Part PT57 PT26-51B in D:\Team25\8x8v2.SchDoc with PT26-51B from T25_Components.SchLib
Replace Part PT58 PT26-51B in D:\Team25\8x8v2.SchDoc with PT26-51B from T25_Components.SchLib
Replace Part PT59 PT26-51B in D:\Team25\8x8v2.SchDoc with PT26-51B from T25_Components.SchLib
Replace Part PT60 PT26-51B in D:\Team25\8x8v2.SchDoc with PT26-51B from T25_Components.SchLib
Replace Part PT61 PT26-51B in D:\Team25\8x8v2.SchDoc with PT26-51B from T25_Components.SchLib
Replace Part PT62 PT26-51B in D:\Team25\8x8v2.SchDoc with PT26-51B from T25_Components.SchLib
Replace Part PT63 PT26-51B in D:\Team25\8x8v2.SchDoc with PT26-51B from T25_Components.SchLib
Replace Part PT64 PT26-51B in D:\Team25\8x8v2.SchDoc with PT26-51B from T25_Components.SchLib
Replace Part PT_R1 Res3 in D:\Team25\8x8v2.SchDoc with Res3 from Miscellaneous Devices.IntLib
Replace Part PT_R2 Res3 in D:\Team25\8x8v2.SchDoc with Res3 from Miscellaneous Devices.IntLib
Replace Part PT_R3 Res3 in D:\Team25\8x8v2.SchDoc with Res3 from Miscellaneous Devices.IntLib
Replace Part PT_R4 Res3 in D:\Team25\8x8v2.SchDoc with Res3 from Miscellaneous Devices.IntLib
Replace Part PT_R5 Res3 in D:\Team25\8x8v2.SchDoc with Res3 from Miscellaneous Devices.IntLib
Replace Part PT_R6 Res3 in D:\Team25\8x8v2.SchDoc with Res3 from Miscellaneous Devices.IntLib
Replace Part PT_R7 Res3 in D:\Team25\8x8v2.SchDoc with Res3 from Miscellaneous Devices.IntLib
Replace Part PT_R8 Res3 in D:\Team25\8x8v2.SchDoc with Res3 from Miscellaneous Devices.IntLib
Replace Part PT_R9 Res3 in D:\Team25\8x8v2.SchDoc with Res3 from Miscellaneous Devices.IntLib
Replace Part PT_R10 Res3 in D:\Team25\8x8v2.SchDoc with Res3 from Miscellaneous Devices.IntLib
Replace Part PT_R11 Res3 in D:\Team25\8x8v2.SchDoc with Res3 from Miscellaneous Devices.IntLib
Replace Part PT_R12 Res3 in D:\Team25\8x8v2.SchDoc with Res3 from Miscellaneous Devices.IntLib
Replace Part PT_R13 Res3 in D:\Team25\8x8v2.SchDoc with Res3 from Miscellaneous Devices.IntLib
Replace Part PT_R14 Res3 in D:\Team25\8x8v2.SchDoc with Res3 from Miscellaneous Devices.IntLib
Replace Part PT_R15 Res3 in D:\Team25\8x8v2.SchDoc with Res3 from Miscellaneous Devices.IntLib
Replace Part PT_R16 Res3 in D:\Team25\8x8v2.SchDoc with Res3 from Miscellaneous Devices.IntLib
Replace Part PT_R17 Res3 in D:\Team25\8x8v2.SchDoc with Res3 from Miscellaneous Devices.IntLib
Replace Part PT_R18 Res3 in D:\Team25\8x8v2.SchDoc with Res3 from Miscellaneous Devices.IntLib
Replace Part PT_R19 Res3 in D:\Team25\8x8v2.SchDoc with Res3 from Miscellaneous Devices.IntLib
Replace Part PT_R20 Res3 in D:\Team25\8x8v2.SchDoc with Res3 from Miscellaneous Devices.IntLib
Replace Part PT_R21 Res3 in D:\Team25\8x8v2.SchDoc with Res3 from Miscellaneous Devices.IntLib
Replace Part PT_R22 Res3 in D:\Team25\8x8v2.SchDoc with Res3 from Miscellaneous Devices.IntLib
Replace Part PT_R23 Res3 in D:\Team25\8x8v2.SchDoc with Res3 from Miscellaneous Devices.IntLib
Replace Part PT_R24 Res3 in D:\Team25\8x8v2.SchDoc with Res3 from Miscellaneous Devices.IntLib
Replace Part PT_R25 Res3 in D:\Team25\8x8v2.SchDoc with Res3 from Miscellaneous Devices.IntLib
Replace Part PT_R26 Res3 in D:\Team25\8x8v2.SchDoc with Res3 from Miscellaneous Devices.IntLib
Replace Part PT_R27 Res3 in D:\Team25\8x8v2.SchDoc with Res3 from Miscellaneous Devices.IntLib
Replace Part PT_R28 Res3 in D:\Team25\8x8v2.SchDoc with Res3 from Miscellaneous Devices.IntLib
Replace Part PT_R29 Res3 in D:\Team25\8x8v2.SchDoc with Res3 from Miscellaneous Devices.IntLib
Replace Part PT_R30 Res3 in D:\Team25\8x8v2.SchDoc with Res3 from Miscellaneous Devices.IntLib
Replace Part PT_R31 Res3 in D:\Team25\8x8v2.SchDoc with Res3 from Miscellaneous Devices.IntLib
Replace Part PT_R32 Res3 in D:\Team25\8x8v2.SchDoc with Res3 from Miscellaneous Devices.IntLib
Replace Part PT_R33 Res3 in D:\Team25\8x8v2.SchDoc with Res3 from Miscellaneous Devices.IntLib
Replace Part PT_R34 Res3 in D:\Team25\8x8v2.SchDoc with Res3 from Miscellaneous Devices.IntLib
Replace Part PT_R35 Res3 in D:\Team25\8x8v2.SchDoc with Res3 from Miscellaneous Devices.IntLib
Replace Part PT_R36 Res3 in D:\Team25\8x8v2.SchDoc with Res3 from Miscellaneous Devices.IntLib
Replace Part PT_R37 Res3 in D:\Team25\8x8v2.SchDoc with Res3 from Miscellaneous Devices.IntLib
Replace Part PT_R38 Res3 in D:\Team25\8x8v2.SchDoc with Res3 from Miscellaneous Devices.IntLib
Replace Part PT_R39 Res3 in D:\Team25\8x8v2.SchDoc with Res3 from Miscellaneous Devices.IntLib
Replace Part PT_R40 Res3 in D:\Team25\8x8v2.SchDoc with Res3 from Miscellaneous Devices.IntLib
Replace Part PT_R41 Res3 in D:\Team25\8x8v2.SchDoc with Res3 from Miscellaneous Devices.IntLib
Replace Part PT_R42 Res3 in D:\Team25\8x8v2.SchDoc with Res3 from Miscellaneous Devices.IntLib
Replace Part PT_R43 Res3 in D:\Team25\8x8v2.SchDoc with Res3 from Miscellaneous Devices.IntLib
Replace Part PT_R44 Res3 in D:\Team25\8x8v2.SchDoc with Res3 from Miscellaneous Devices.IntLib
Replace Part PT_R45 Res3 in D:\Team25\8x8v2.SchDoc with Res3 from Miscellaneous Devices.IntLib
Replace Part PT_R46 Res3 in D:\Team25\8x8v2.SchDoc with Res3 from Miscellaneous Devices.IntLib
Replace Part PT_R47 Res3 in D:\Team25\8x8v2.SchDoc with Res3 from Miscellaneous Devices.IntLib
Replace Part PT_R48 Res3 in D:\Team25\8x8v2.SchDoc with Res3 from Miscellaneous Devices.IntLib
Replace Part PT_R49 Res3 in D:\Team25\8x8v2.SchDoc with Res3 from Miscellaneous Devices.IntLib
Replace Part PT_R50 Res3 in D:\Team25\8x8v2.SchDoc with Res3 from Miscellaneous Devices.IntLib
Replace Part PT_R51 Res3 in D:\Team25\8x8v2.SchDoc with Res3 from Miscellaneous Devices.IntLib
Replace Part PT_R52 Res3 in D:\Team25\8x8v2.SchDoc with Res3 from Miscellaneous Devices.IntLib
Replace Part PT_R53 Res3 in D:\Team25\8x8v2.SchDoc with Res3 from Miscellaneous Devices.IntLib
Replace Part PT_R54 Res3 in D:\Team25\8x8v2.SchDoc with Res3 from Miscellaneous Devices.IntLib
Replace Part PT_R55 Res3 in D:\Team25\8x8v2.SchDoc with Res3 from Miscellaneous Devices.IntLib
Replace Part PT_R56 Res3 in D:\Team25\8x8v2.SchDoc with Res3 from Miscellaneous Devices.IntLib
Replace Part PT_R57 Res3 in D:\Team25\8x8v2.SchDoc with Res3 from Miscellaneous Devices.IntLib
Replace Part PT_R58 Res3 in D:\Team25\8x8v2.SchDoc with Res3 from Miscellaneous Devices.IntLib
Replace Part PT_R59 Res3 in D:\Team25\8x8v2.SchDoc with Res3 from Miscellaneous Devices.IntLib
Replace Part PT_R60 Res3 in D:\Team25\8x8v2.SchDoc with Res3 from Miscellaneous Devices.IntLib
Replace Part PT_R61 Res3 in D:\Team25\8x8v2.SchDoc with Res3 from Miscellaneous Devices.IntLib
Replace Part PT_R62 Res3 in D:\Team25\8x8v2.SchDoc with Res3 from Miscellaneous Devices.IntLib
Replace Part PT_R63 Res3 in D:\Team25\8x8v2.SchDoc with Res3 from Miscellaneous Devices.IntLib
Replace Part PT_R64 Res3 in D:\Team25\8x8v2.SchDoc with Res3 from Miscellaneous Devices.IntLib
Replace Part Rcg0 Res3 in D:\Team25\8x8v2.SchDoc with Res3 from Miscellaneous Devices.IntLib
Replace Part Rcg1 Res3 in D:\Team25\8x8v2.SchDoc with Res3 from Miscellaneous Devices.IntLib
Replace Part Rcg2 Res3 in D:\Team25\8x8v2.SchDoc with Res3 from Miscellaneous Devices.IntLib
Replace Part Rcg3 Res3 in D:\Team25\8x8v2.SchDoc with Res3 from Miscellaneous Devices.IntLib
Replace Part Rcg4 Res3 in D:\Team25\8x8v2.SchDoc with Res3 from Miscellaneous Devices.IntLib
Replace Part Rcg5 Res3 in D:\Team25\8x8v2.SchDoc with Res3 from Miscellaneous Devices.IntLib
Replace Part Rcg6 Res3 in D:\Team25\8x8v2.SchDoc with Res3 from Miscellaneous Devices.IntLib
Replace Part Rcg7 Res3 in D:\Team25\8x8v2.SchDoc with Res3 from Miscellaneous Devices.IntLib
Replace Part Rci0 Res3 in D:\Team25\8x8v2.SchDoc with Res3 from Miscellaneous Devices.IntLib
Replace Part Rci1 Res3 in D:\Team25\8x8v2.SchDoc with Res3 from Miscellaneous Devices.IntLib
Replace Part Rci2 Res3 in D:\Team25\8x8v2.SchDoc with Res3 from Miscellaneous Devices.IntLib
Replace Part Rci3 Res3 in D:\Team25\8x8v2.SchDoc with Res3 from Miscellaneous Devices.IntLib
Replace Part Rci4 Res3 in D:\Team25\8x8v2.SchDoc with Res3 from Miscellaneous Devices.IntLib
Replace Part Rci5 Res3 in D:\Team25\8x8v2.SchDoc with Res3 from Miscellaneous Devices.IntLib
Replace Part Rci6 Res3 in D:\Team25\8x8v2.SchDoc with Res3 from Miscellaneous Devices.IntLib
Replace Part Rci7 Res3 in D:\Team25\8x8v2.SchDoc with Res3 from Miscellaneous Devices.IntLib
Replace Part Rin1 Res3 in D:\Team25\8x8v2.SchDoc with Res3 from Miscellaneous Devices.IntLib
Replace Part Rin2 Res3 in D:\Team25\8x8v2.SchDoc with Res3 from Miscellaneous Devices.IntLib
Replace Part Rin3 Res3 in D:\Team25\8x8v2.SchDoc with Res3 from Miscellaneous Devices.IntLib
Replace Part Rin4 Res3 in D:\Team25\8x8v2.SchDoc with Res3 from Miscellaneous Devices.IntLib
Replace Part Rin5 Res3 in D:\Team25\8x8v2.SchDoc with Res3 from Miscellaneous Devices.IntLib
Replace Part Rin6 Res3 in D:\Team25\8x8v2.SchDoc with Res3 from Miscellaneous Devices.IntLib
Replace Part Rin7 Res3 in D:\Team25\8x8v2.SchDoc with Res3 from Miscellaneous Devices.IntLib
Replace Part Rin8 Res3 in D:\Team25\8x8v2.SchDoc with Res3 from Miscellaneous Devices.IntLib
Replace Part Rvs1 Res3 in D:\Team25\8x8v2.SchDoc with Res3 from Miscellaneous Devices.IntLib
Replace Part Rvs2 Res3 in D:\Team25\8x8v2.SchDoc with Res3 from Miscellaneous Devices.IntLib
Replace Part Rvs3 Res3 in D:\Team25\8x8v2.SchDoc with Res3 from Miscellaneous Devices.IntLib
Replace Part Rvs4 Res3 in D:\Team25\8x8v2.SchDoc with Res3 from Miscellaneous Devices.IntLib
Replace Part Rvs5 Res3 in D:\Team25\8x8v2.SchDoc with Res3 from Miscellaneous Devices.IntLib
Replace Part Rvs6 Res3 in D:\Team25\8x8v2.SchDoc with Res3 from Miscellaneous Devices.IntLib
Replace Part Rvs7 Res3 in D:\Team25\8x8v2.SchDoc with Res3 from Miscellaneous Devices.IntLib
Replace Part Rvs8 Res3 in D:\Team25\8x8v2.SchDoc with Res3 from Miscellaneous Devices.IntLib
