Change Component Designator: OldDesignator=LED9 NewDesignator=LED16
Change Component Designator: OldDesignator=LED10 NewDesignator=LED15
Change Component Designator: OldDesignator=LED11 NewDesignator=LED14
Change Component Designator: OldDesignator=LED12 NewDesignator=LED13
Change Component Designator: OldDesignator=LED13 NewDesignator=LED12
Change Component Designator: OldDesignator=LED14 NewDesignator=LED11
Change Component Designator: OldDesignator=LED15 NewDesignator=LED10
Change Component Designator: OldDesignator=LED16 NewDesignator=LED9
Change Component Designator: OldDesignator=LED25 NewDesignator=LED32
Change Component Designator: OldDesignator=LED26 NewDesignator=LED31
Change Component Designator: OldDesignator=LED27 NewDesignator=LED30
Change Component Designator: OldDesignator=LED28 NewDesignator=LED29
Change Component Designator: OldDesignator=LED29 NewDesignator=LED28
Change Component Designator: OldDesignator=LED30 NewDesignator=LED27
Change Component Designator: OldDesignator=LED31 NewDesignator=LED26
Change Component Designator: OldDesignator=LED32 NewDesignator=LED25
Change Component Designator: OldDesignator=LED41 NewDesignator=LED48
Change Component Designator: OldDesignator=LED42 NewDesignator=LED47
Change Component Designator: OldDesignator=LED43 NewDesignator=LED46
Change Component Designator: OldDesignator=LED44 NewDesignator=LED45
Change Component Designator: OldDesignator=LED45 NewDesignator=LED44
Change Component Designator: OldDesignator=LED46 NewDesignator=LED43
Change Component Designator: OldDesignator=LED47 NewDesignator=LED42
Change Component Designator: OldDesignator=LED48 NewDesignator=LED41
Change Component Designator: OldDesignator=LED57 NewDesignator=LED64
Change Component Designator: OldDesignator=LED58 NewDesignator=LED63
Change Component Designator: OldDesignator=LED59 NewDesignator=LED62
Change Component Designator: OldDesignator=LED60 NewDesignator=LED61
Change Component Designator: OldDesignator=LED61 NewDesignator=LED60
Change Component Designator: OldDesignator=LED62 NewDesignator=LED59
Change Component Designator: OldDesignator=LED63 NewDesignator=LED58
Change Component Designator: OldDesignator=LED64 NewDesignator=LED57
Change Net Name : Old Net Name=I2C_1] New Net Name=I2C_1
Change Net Name : Old Net Name=NetLED9_CKO New Net Name=NetLED15_CKI
Change Net Name : Old Net Name=NetLED9_SDO New Net Name=NetLED15_SDI
Change Net Name : Old Net Name=NetLED10_CKO New Net Name=NetLED14_CKI
Change Net Name : Old Net Name=NetLED10_SDO New Net Name=NetLED14_SDI
Change Net Name : Old Net Name=NetLED11_CKO New Net Name=NetLED13_CKI
Change Net Name : Old Net Name=NetLED11_SDO New Net Name=NetLED13_SDI
Change Net Name : Old Net Name=NetLED12_CKO New Net Name=NetLED12_CKI
Change Net Name : Old Net Name=NetLED12_SDO New Net Name=NetLED12_SDI
Change Net Name : Old Net Name=NetLED13_CKO New Net Name=NetLED11_CKI
Change Net Name : Old Net Name=NetLED13_SDO New Net Name=NetLED11_SDI
Change Net Name : Old Net Name=NetLED14_CKO New Net Name=NetLED10_CKI
Change Net Name : Old Net Name=NetLED14_SDO New Net Name=NetLED10_SDI
Change Net Name : Old Net Name=NetLED15_CKO New Net Name=NetLED9_CKI
Change Net Name : Old Net Name=NetLED15_SDO New Net Name=NetLED9_SDI
Change Net Name : Old Net Name=NetLED16_CKO New Net Name=NetLED9_CKO
Change Net Name : Old Net Name=NetLED16_SDO New Net Name=NetLED9_SDO
Change Net Name : Old Net Name=NetLED25_CKO New Net Name=NetLED31_CKI
Change Net Name : Old Net Name=NetLED25_SDO New Net Name=NetLED31_SDI
Change Net Name : Old Net Name=NetLED26_CKO New Net Name=NetLED30_CKI
Change Net Name : Old Net Name=NetLED26_SDO New Net Name=NetLED30_SDI
Change Net Name : Old Net Name=NetLED27_CKO New Net Name=NetLED29_CKI
Change Net Name : Old Net Name=NetLED27_SDO New Net Name=NetLED29_SDI
Change Net Name : Old Net Name=NetLED28_CKO New Net Name=NetLED28_CKI
Change Net Name : Old Net Name=NetLED28_SDO New Net Name=NetLED28_SDI
Change Net Name : Old Net Name=NetLED29_CKO New Net Name=NetLED27_CKI
Change Net Name : Old Net Name=NetLED29_SDO New Net Name=NetLED27_SDI
Change Net Name : Old Net Name=NetLED30_CKO New Net Name=NetLED26_CKI
Change Net Name : Old Net Name=NetLED30_SDO New Net Name=NetLED26_SDI
Change Net Name : Old Net Name=NetLED31_CKO New Net Name=NetLED25_CKI
Change Net Name : Old Net Name=NetLED31_SDO New Net Name=NetLED25_SDI
Change Net Name : Old Net Name=NetLED32_CKO New Net Name=NetLED25_CKO
Change Net Name : Old Net Name=NetLED32_SDO New Net Name=NetLED25_SDO
Change Net Name : Old Net Name=NetLED41_CKO New Net Name=NetLED47_CKI
Change Net Name : Old Net Name=NetLED41_SDO New Net Name=NetLED47_SDI
Change Net Name : Old Net Name=NetLED42_CKO New Net Name=NetLED46_CKI
Change Net Name : Old Net Name=NetLED42_SDO New Net Name=NetLED46_SDI
Change Net Name : Old Net Name=NetLED43_CKO New Net Name=NetLED45_CKI
Change Net Name : Old Net Name=NetLED43_SDO New Net Name=NetLED45_SDI
Change Net Name : Old Net Name=NetLED44_CKO New Net Name=NetLED44_CKI
Change Net Name : Old Net Name=NetLED44_SDO New Net Name=NetLED44_SDI
Change Net Name : Old Net Name=NetLED45_CKO New Net Name=NetLED43_CKI
Change Net Name : Old Net Name=NetLED45_SDO New Net Name=NetLED43_SDI
Change Net Name : Old Net Name=NetLED46_CKO New Net Name=NetLED42_CKI
Change Net Name : Old Net Name=NetLED46_SDO New Net Name=NetLED42_SDI
Change Net Name : Old Net Name=NetLED47_CKO New Net Name=NetLED41_CKI
Change Net Name : Old Net Name=NetLED47_SDO New Net Name=NetLED41_SDI
Change Net Name : Old Net Name=NetLED48_CKO New Net Name=NetLED41_CKO
Change Net Name : Old Net Name=NetLED48_SDO New Net Name=NetLED41_SDO
Change Net Name : Old Net Name=NetLED57_CKO New Net Name=NetLED63_CKI
Change Net Name : Old Net Name=NetLED57_SDO New Net Name=NetLED63_SDI
Change Net Name : Old Net Name=NetLED58_CKO New Net Name=NetLED62_CKI
Change Net Name : Old Net Name=NetLED58_SDO New Net Name=NetLED62_SDI
Change Net Name : Old Net Name=NetLED59_CKO New Net Name=NetLED61_CKI
Change Net Name : Old Net Name=NetLED59_SDO New Net Name=NetLED61_SDI
Change Net Name : Old Net Name=NetLED60_CKO New Net Name=NetLED60_CKI
Change Net Name : Old Net Name=NetLED60_SDO New Net Name=NetLED60_SDI
Change Net Name : Old Net Name=NetLED61_CKO New Net Name=NetLED59_CKI
Change Net Name : Old Net Name=NetLED61_SDO New Net Name=NetLED59_SDI
Change Net Name : Old Net Name=NetLED62_CKO New Net Name=NetLED58_CKI
Change Net Name : Old Net Name=NetLED62_SDO New Net Name=NetLED58_SDI
Change Net Name : Old Net Name=NetLED63_CKO New Net Name=NetLED57_CKI
Change Net Name : Old Net Name=NetLED63_SDO New Net Name=NetLED57_SDI
Change Net Name : Old Net Name=NetLED64_CKO New Net Name=NetLED57_CKO
Change Net Name : Old Net Name=NetLED64_SDO New Net Name=NetLED57_SDO
